{"D:\\Tile ERP\\backend\\src\\controllers\\authController.js": {"path":"D:\\Tile ERP\\backend\\src\\controllers\\authController.js","statementMap":{"0":{"start":{"line":35,"column":24},"end":{"line":77,"column":1}},"1":{"start":{"line":36,"column":2},"end":{"line":76,"column":3}},"2":{"start":{"line":37,"column":77},"end":{"line":37,"column":85}},"3":{"start":{"line":38,"column":27},"end":{"line":38,"column":50}},"4":{"start":{"line":39,"column":25},"end":{"line":39,"column":42}},"5":{"start":{"line":41,"column":25},"end":{"line":41,"column":102}},"6":{"start":{"line":42,"column":4},"end":{"line":42,"column":108}},"7":{"start":{"line":42,"column":38},"end":{"line":42,"column":108}},"8":{"start":{"line":44,"column":25},"end":{"line":44,"column":85}},"9":{"start":{"line":45,"column":30},"end":{"line":45,"column":49}},"10":{"start":{"line":47,"column":19},"end":{"line":52,"column":5}},"11":{"start":{"line":54,"column":17},"end":{"line":54,"column":31}},"12":{"start":{"line":55,"column":24},"end":{"line":55,"column":95}},"13":{"start":{"line":56,"column":84},"end":{"line":56,"column":106}},"14":{"start":{"line":58,"column":4},"end":{"line":58,"column":79}},"15":{"start":{"line":60,"column":26},"end":{"line":65,"column":5}},"16":{"start":{"line":67,"column":4},"end":{"line":67,"column":58}},"17":{"start":{"line":68,"column":4},"end":{"line":68,"column":60}},"18":{"start":{"line":70,"column":4},"end":{"line":73,"column":44}},"19":{"start":{"line":75,"column":4},"end":{"line":75,"column":16}},"20":{"start":{"line":79,"column":21},"end":{"line":223,"column":1}},"21":{"start":{"line":80,"column":2},"end":{"line":222,"column":3}},"22":{"start":{"line":81,"column":69},"end":{"line":81,"column":77}},"23":{"start":{"line":82,"column":23},"end":{"line":82,"column":71}},"24":{"start":{"line":84,"column":4},"end":{"line":84,"column":105}},"25":{"start":{"line":84,"column":34},"end":{"line":84,"column":105}},"26":{"start":{"line":86,"column":19},"end":{"line":94,"column":5}},"27":{"start":{"line":96,"column":4},"end":{"line":96,"column":94}},"28":{"start":{"line":96,"column":34},"end":{"line":96,"column":94}},"29":{"start":{"line":98,"column":17},"end":{"line":98,"column":31}},"30":{"start":{"line":99,"column":4},"end":{"line":99,"column":94}},"31":{"start":{"line":99,"column":35},"end":{"line":99,"column":94}},"32":{"start":{"line":100,"column":4},"end":{"line":100,"column":113}},"33":{"start":{"line":100,"column":62},"end":{"line":100,"column":113}},"34":{"start":{"line":101,"column":4},"end":{"line":101,"column":124}},"35":{"start":{"line":101,"column":73},"end":{"line":101,"column":124}},"36":{"start":{"line":103,"column":28},"end":{"line":103,"column":78}},"37":{"start":{"line":104,"column":4},"end":{"line":104,"column":86}},"38":{"start":{"line":104,"column":26},"end":{"line":104,"column":86}},"39":{"start":{"line":106,"column":27},"end":{"line":106,"column":51}},"40":{"start":{"line":107,"column":31},"end":{"line":107,"column":83}},"41":{"start":{"line":109,"column":4},"end":{"line":114,"column":5}},"42":{"start":{"line":110,"column":6},"end":{"line":113,"column":9}},"43":{"start":{"line":116,"column":4},"end":{"line":125,"column":5}},"44":{"start":{"line":117,"column":6},"end":{"line":124,"column":7}},"45":{"start":{"line":118,"column":8},"end":{"line":121,"column":10}},"46":{"start":{"line":123,"column":8},"end":{"line":123,"column":89}},"47":{"start":{"line":127,"column":24},"end":{"line":127,"column":95}},"48":{"start":{"line":128,"column":84},"end":{"line":128,"column":106}},"49":{"start":{"line":130,"column":4},"end":{"line":134,"column":5}},"50":{"start":{"line":131,"column":6},"end":{"line":131,"column":81}},"51":{"start":{"line":133,"column":6},"end":{"line":133,"column":67}},"52":{"start":{"line":136,"column":4},"end":{"line":140,"column":5}},"53":{"start":{"line":137,"column":6},"end":{"line":137,"column":107}},"54":{"start":{"line":139,"column":6},"end":{"line":139,"column":66}},"55":{"start":{"line":143,"column":4},"end":{"line":150,"column":5}},"56":{"start":{"line":144,"column":6},"end":{"line":149,"column":7}},"57":{"start":{"line":145,"column":8},"end":{"line":145,"column":44}},"58":{"start":{"line":146,"column":8},"end":{"line":146,"column":59}},"59":{"start":{"line":148,"column":8},"end":{"line":148,"column":97}},"60":{"start":{"line":152,"column":4},"end":{"line":161,"column":15}},"61":{"start":{"line":163,"column":22},"end":{"line":163,"column":60}},"62":{"start":{"line":164,"column":18},"end":{"line":164,"column":27}},"63":{"start":{"line":165,"column":17},"end":{"line":165,"column":26}},"64":{"start":{"line":167,"column":4},"end":{"line":170,"column":58}},"65":{"start":{"line":167,"column":39},"end":{"line":167,"column":59}},"66":{"start":{"line":168,"column":9},"end":{"line":170,"column":58}},"67":{"start":{"line":168,"column":43},"end":{"line":168,"column":62}},"68":{"start":{"line":169,"column":9},"end":{"line":170,"column":58}},"69":{"start":{"line":169,"column":43},"end":{"line":169,"column":62}},"70":{"start":{"line":170,"column":9},"end":{"line":170,"column":58}},"71":{"start":{"line":170,"column":41},"end":{"line":170,"column":58}},"72":{"start":{"line":172,"column":4},"end":{"line":176,"column":5}},"73":{"start":{"line":173,"column":6},"end":{"line":173,"column":24}},"74":{"start":{"line":174,"column":11},"end":{"line":176,"column":5}},"75":{"start":{"line":175,"column":6},"end":{"line":175,"column":24}},"76":{"start":{"line":178,"column":4},"end":{"line":188,"column":5}},"77":{"start":{"line":181,"column":6},"end":{"line":185,"column":8}},"78":{"start":{"line":187,"column":6},"end":{"line":187,"column":68}},"79":{"start":{"line":191,"column":26},"end":{"line":191,"column":44}},"80":{"start":{"line":192,"column":26},"end":{"line":192,"column":28}},"81":{"start":{"line":193,"column":4},"end":{"line":197,"column":41}},"82":{"start":{"line":194,"column":6},"end":{"line":196,"column":35}},"83":{"start":{"line":197,"column":18},"end":{"line":197,"column":39}},"84":{"start":{"line":200,"column":4},"end":{"line":202,"column":5}},"85":{"start":{"line":201,"column":6},"end":{"line":201,"column":34}},"86":{"start":{"line":203,"column":4},"end":{"line":203,"column":48}},"87":{"start":{"line":205,"column":26},"end":{"line":210,"column":5}},"88":{"start":{"line":212,"column":4},"end":{"line":212,"column":58}},"89":{"start":{"line":213,"column":4},"end":{"line":213,"column":60}},"90":{"start":{"line":215,"column":4},"end":{"line":219,"column":96}},"91":{"start":{"line":221,"column":4},"end":{"line":221,"column":16}},"92":{"start":{"line":225,"column":28},"end":{"line":276,"column":1}},"93":{"start":{"line":226,"column":2},"end":{"line":275,"column":3}},"94":{"start":{"line":227,"column":18},"end":{"line":227,"column":84}},"95":{"start":{"line":228,"column":4},"end":{"line":228,"column":73}},"96":{"start":{"line":228,"column":16},"end":{"line":228,"column":73}},"97":{"start":{"line":231,"column":20},"end":{"line":231,"column":59}},"98":{"start":{"line":233,"column":4},"end":{"line":244,"column":5}},"99":{"start":{"line":236,"column":28},"end":{"line":240,"column":7}},"100":{"start":{"line":241,"column":6},"end":{"line":241,"column":52}},"101":{"start":{"line":242,"column":6},"end":{"line":242,"column":53}},"102":{"start":{"line":243,"column":6},"end":{"line":243,"column":95}},"103":{"start":{"line":246,"column":36},"end":{"line":246,"column":43}},"104":{"start":{"line":248,"column":23},"end":{"line":251,"column":5}},"105":{"start":{"line":252,"column":4},"end":{"line":252,"column":87}},"106":{"start":{"line":252,"column":38},"end":{"line":252,"column":87}},"107":{"start":{"line":254,"column":17},"end":{"line":254,"column":35}},"108":{"start":{"line":255,"column":4},"end":{"line":258,"column":5}},"109":{"start":{"line":256,"column":6},"end":{"line":256,"column":69}},"110":{"start":{"line":257,"column":6},"end":{"line":257,"column":57}},"111":{"start":{"line":260,"column":27},"end":{"line":260,"column":98}},"112":{"start":{"line":262,"column":26},"end":{"line":267,"column":5}},"113":{"start":{"line":269,"column":4},"end":{"line":269,"column":61}},"114":{"start":{"line":270,"column":4},"end":{"line":270,"column":59}},"115":{"start":{"line":272,"column":4},"end":{"line":272,"column":101}},"116":{"start":{"line":274,"column":4},"end":{"line":274,"column":16}},"117":{"start":{"line":278,"column":30},"end":{"line":296,"column":1}},"118":{"start":{"line":279,"column":2},"end":{"line":295,"column":3}},"119":{"start":{"line":280,"column":22},"end":{"line":280,"column":30}},"120":{"start":{"line":281,"column":23},"end":{"line":281,"column":124}},"121":{"start":{"line":282,"column":4},"end":{"line":282,"column":148}},"122":{"start":{"line":282,"column":81},"end":{"line":282,"column":148}},"123":{"start":{"line":284,"column":17},"end":{"line":284,"column":35}},"124":{"start":{"line":285,"column":23},"end":{"line":285,"column":43}},"125":{"start":{"line":286,"column":22},"end":{"line":286,"column":32}},"126":{"start":{"line":286,"column":34},"end":{"line":286,"column":79}},"127":{"start":{"line":288,"column":4},"end":{"line":288,"column":96}},"128":{"start":{"line":289,"column":4},"end":{"line":289,"column":149}},"129":{"start":{"line":290,"column":4},"end":{"line":290,"column":63}},"130":{"start":{"line":292,"column":4},"end":{"line":292,"column":71}},"131":{"start":{"line":294,"column":4},"end":{"line":294,"column":16}},"132":{"start":{"line":298,"column":34},"end":{"line":308,"column":1}},"133":{"start":{"line":299,"column":2},"end":{"line":307,"column":3}},"134":{"start":{"line":300,"column":22},"end":{"line":300,"column":30}},"135":{"start":{"line":301,"column":19},"end":{"line":301,"column":121}},"136":{"start":{"line":302,"column":4},"end":{"line":302,"column":93}},"137":{"start":{"line":302,"column":34},"end":{"line":302,"column":93}},"138":{"start":{"line":303,"column":4},"end":{"line":303,"column":106}},"139":{"start":{"line":303,"column":58},"end":{"line":303,"column":106}},"140":{"start":{"line":304,"column":4},"end":{"line":304,"column":67}},"141":{"start":{"line":306,"column":4},"end":{"line":306,"column":16}},"142":{"start":{"line":310,"column":29},"end":{"line":335,"column":1}},"143":{"start":{"line":311,"column":2},"end":{"line":334,"column":3}},"144":{"start":{"line":312,"column":36},"end":{"line":312,"column":44}},"145":{"start":{"line":313,"column":24},"end":{"line":313,"column":135}},"146":{"start":{"line":314,"column":4},"end":{"line":314,"column":98}},"147":{"start":{"line":314,"column":39},"end":{"line":314,"column":98}},"148":{"start":{"line":315,"column":4},"end":{"line":315,"column":111}},"149":{"start":{"line":315,"column":63},"end":{"line":315,"column":111}},"150":{"start":{"line":317,"column":25},"end":{"line":317,"column":89}},"151":{"start":{"line":318,"column":4},"end":{"line":318,"column":159}},"152":{"start":{"line":319,"column":4},"end":{"line":319,"column":106}},"153":{"start":{"line":321,"column":4},"end":{"line":321,"column":85}},"154":{"start":{"line":323,"column":4},"end":{"line":329,"column":15}},"155":{"start":{"line":331,"column":4},"end":{"line":331,"column":65}},"156":{"start":{"line":333,"column":4},"end":{"line":333,"column":16}},"157":{"start":{"line":337,"column":30},"end":{"line":364,"column":1}},"158":{"start":{"line":338,"column":2},"end":{"line":363,"column":3}},"159":{"start":{"line":339,"column":19},"end":{"line":344,"column":5}},"160":{"start":{"line":345,"column":17},"end":{"line":345,"column":31}},"161":{"start":{"line":346,"column":26},"end":{"line":346,"column":44}},"162":{"start":{"line":347,"column":26},"end":{"line":347,"column":28}},"163":{"start":{"line":348,"column":4},"end":{"line":352,"column":41}},"164":{"start":{"line":349,"column":6},"end":{"line":351,"column":35}},"165":{"start":{"line":352,"column":18},"end":{"line":352,"column":39}},"166":{"start":{"line":355,"column":4},"end":{"line":357,"column":5}},"167":{"start":{"line":356,"column":6},"end":{"line":356,"column":34}},"168":{"start":{"line":358,"column":4},"end":{"line":358,"column":48}},"169":{"start":{"line":360,"column":4},"end":{"line":360,"column":78}},"170":{"start":{"line":362,"column":4},"end":{"line":362,"column":16}},"171":{"start":{"line":366,"column":22},"end":{"line":403,"column":1}},"172":{"start":{"line":367,"column":2},"end":{"line":402,"column":3}},"173":{"start":{"line":368,"column":28},"end":{"line":368,"column":94}},"174":{"start":{"line":370,"column":4},"end":{"line":372,"column":5}},"175":{"start":{"line":371,"column":6},"end":{"line":371,"column":69}},"176":{"start":{"line":374,"column":4},"end":{"line":383,"column":15}},"177":{"start":{"line":385,"column":4},"end":{"line":391,"column":5}},"178":{"start":{"line":386,"column":6},"end":{"line":388,"column":7}},"179":{"start":{"line":387,"column":8},"end":{"line":387,"column":133}},"180":{"start":{"line":390,"column":6},"end":{"line":390,"column":80}},"181":{"start":{"line":394,"column":4},"end":{"line":394,"column":63}},"182":{"start":{"line":394,"column":10},"end":{"line":394,"column":48}},"183":{"start":{"line":396,"column":4},"end":{"line":396,"column":35}},"184":{"start":{"line":397,"column":4},"end":{"line":397,"column":36}},"185":{"start":{"line":399,"column":4},"end":{"line":399,"column":57}},"186":{"start":{"line":401,"column":4},"end":{"line":401,"column":16}},"187":{"start":{"line":412,"column":25},"end":{"line":449,"column":1}},"188":{"start":{"line":413,"column":2},"end":{"line":448,"column":3}},"189":{"start":{"line":414,"column":45},"end":{"line":414,"column":53}},"190":{"start":{"line":416,"column":4},"end":{"line":418,"column":5}},"191":{"start":{"line":417,"column":6},"end":{"line":417,"column":107}},"192":{"start":{"line":421,"column":28},"end":{"line":423,"column":17}},"193":{"start":{"line":425,"column":4},"end":{"line":427,"column":5}},"194":{"start":{"line":426,"column":6},"end":{"line":426,"column":83}},"195":{"start":{"line":429,"column":25},"end":{"line":429,"column":102}},"196":{"start":{"line":431,"column":4},"end":{"line":440,"column":15}},"197":{"start":{"line":442,"column":4},"end":{"line":442,"column":133}},"198":{"start":{"line":444,"column":4},"end":{"line":445,"column":132}},"199":{"start":{"line":447,"column":4},"end":{"line":447,"column":16}}},"fnMap":{"0":{"name":"(anonymous_0)","decl":{"start":{"line":35,"column":24},"end":{"line":35,"column":25}},"loc":{"start":{"line":35,"column":50},"end":{"line":77,"column":1}},"line":35},"1":{"name":"(anonymous_1)","decl":{"start":{"line":79,"column":21},"end":{"line":79,"column":22}},"loc":{"start":{"line":79,"column":47},"end":{"line":223,"column":1}},"line":79},"2":{"name":"(anonymous_2)","decl":{"start":{"line":225,"column":28},"end":{"line":225,"column":29}},"loc":{"start":{"line":225,"column":54},"end":{"line":276,"column":1}},"line":225},"3":{"name":"(anonymous_3)","decl":{"start":{"line":278,"column":30},"end":{"line":278,"column":31}},"loc":{"start":{"line":278,"column":56},"end":{"line":296,"column":1}},"line":278},"4":{"name":"(anonymous_4)","decl":{"start":{"line":298,"column":34},"end":{"line":298,"column":35}},"loc":{"start":{"line":298,"column":60},"end":{"line":308,"column":1}},"line":298},"5":{"name":"(anonymous_5)","decl":{"start":{"line":310,"column":29},"end":{"line":310,"column":30}},"loc":{"start":{"line":310,"column":55},"end":{"line":335,"column":1}},"line":310},"6":{"name":"(anonymous_6)","decl":{"start":{"line":337,"column":30},"end":{"line":337,"column":31}},"loc":{"start":{"line":337,"column":56},"end":{"line":364,"column":1}},"line":337},"7":{"name":"(anonymous_7)","decl":{"start":{"line":366,"column":22},"end":{"line":366,"column":23}},"loc":{"start":{"line":366,"column":48},"end":{"line":403,"column":1}},"line":366},"8":{"name":"(anonymous_8)","decl":{"start":{"line":412,"column":25},"end":{"line":412,"column":26}},"loc":{"start":{"line":412,"column":51},"end":{"line":449,"column":1}},"line":412}},"branchMap":{"0":{"loc":{"start":{"line":38,"column":27},"end":{"line":38,"column":50}},"type":"binary-expr","locations":[{"start":{"line":38,"column":27},"end":{"line":38,"column":37}},{"start":{"line":38,"column":41},"end":{"line":38,"column":50}}],"line":38},"1":{"loc":{"start":{"line":42,"column":4},"end":{"line":42,"column":108}},"type":"if","locations":[{"start":{"line":42,"column":4},"end":{"line":42,"column":108}},{"start":{},"end":{}}],"line":42},"2":{"loc":{"start":{"line":44,"column":53},"end":{"line":44,"column":84}},"type":"binary-expr","locations":[{"start":{"line":44,"column":53},"end":{"line":44,"column":78}},{"start":{"line":44,"column":82},"end":{"line":44,"column":84}}],"line":44},"3":{"loc":{"start":{"line":63,"column":16},"end":{"line":63,"column":62}},"type":"cond-expr","locations":[{"start":{"line":63,"column":48},"end":{"line":63,"column":54}},{"start":{"line":63,"column":57},"end":{"line":63,"column":62}}],"line":63},"4":{"loc":{"start":{"line":82,"column":23},"end":{"line":82,"column":71}},"type":"binary-expr","locations":[{"start":{"line":82,"column":23},"end":{"line":82,"column":38}},{"start":{"line":82,"column":42},"end":{"line":82,"column":47}},{"start":{"line":82,"column":51},"end":{"line":82,"column":59}},{"start":{"line":82,"column":63},"end":{"line":82,"column":71}}],"line":82},"5":{"loc":{"start":{"line":84,"column":4},"end":{"line":84,"column":105}},"type":"if","locations":[{"start":{"line":84,"column":4},"end":{"line":84,"column":105}},{"start":{},"end":{}}],"line":84},"6":{"loc":{"start":{"line":84,"column":8},"end":{"line":84,"column":32}},"type":"binary-expr","locations":[{"start":{"line":84,"column":8},"end":{"line":84,"column":19}},{"start":{"line":84,"column":23},"end":{"line":84,"column":32}}],"line":84},"7":{"loc":{"start":{"line":96,"column":4},"end":{"line":96,"column":94}},"type":"if","locations":[{"start":{"line":96,"column":4},"end":{"line":96,"column":94}},{"start":{},"end":{}}],"line":96},"8":{"loc":{"start":{"line":99,"column":4},"end":{"line":99,"column":94}},"type":"if","locations":[{"start":{"line":99,"column":4},"end":{"line":99,"column":94}},{"start":{},"end":{}}],"line":99},"9":{"loc":{"start":{"line":100,"column":4},"end":{"line":100,"column":113}},"type":"if","locations":[{"start":{"line":100,"column":4},"end":{"line":100,"column":113}},{"start":{},"end":{}}],"line":100},"10":{"loc":{"start":{"line":100,"column":8},"end":{"line":100,"column":60}},"type":"binary-expr","locations":[{"start":{"line":100,"column":8},"end":{"line":100,"column":32}},{"start":{"line":100,"column":36},"end":{"line":100,"column":60}}],"line":100},"11":{"loc":{"start":{"line":101,"column":4},"end":{"line":101,"column":124}},"type":"if","locations":[{"start":{"line":101,"column":4},"end":{"line":101,"column":124}},{"start":{},"end":{}}],"line":101},"12":{"loc":{"start":{"line":101,"column":8},"end":{"line":101,"column":71}},"type":"binary-expr","locations":[{"start":{"line":101,"column":8},"end":{"line":101,"column":35}},{"start":{"line":101,"column":39},"end":{"line":101,"column":71}}],"line":101},"13":{"loc":{"start":{"line":104,"column":4},"end":{"line":104,"column":86}},"type":"if","locations":[{"start":{"line":104,"column":4},"end":{"line":104,"column":86}},{"start":{},"end":{}}],"line":104},"14":{"loc":{"start":{"line":107,"column":31},"end":{"line":107,"column":83}},"type":"binary-expr","locations":[{"start":{"line":107,"column":31},"end":{"line":107,"column":65}},{"start":{"line":107,"column":69},"end":{"line":107,"column":83}}],"line":107},"15":{"loc":{"start":{"line":109,"column":4},"end":{"line":114,"column":5}},"type":"if","locations":[{"start":{"line":109,"column":4},"end":{"line":114,"column":5}},{"start":{},"end":{}}],"line":109},"16":{"loc":{"start":{"line":109,"column":8},"end":{"line":109,"column":86}},"type":"binary-expr","locations":[{"start":{"line":109,"column":8},"end":{"line":109,"column":37}},{"start":{"line":109,"column":41},"end":{"line":109,"column":68}},{"start":{"line":109,"column":72},"end":{"line":109,"column":86}}],"line":109},"17":{"loc":{"start":{"line":116,"column":4},"end":{"line":125,"column":5}},"type":"if","locations":[{"start":{"line":116,"column":4},"end":{"line":125,"column":5}},{"start":{},"end":{}}],"line":116},"18":{"loc":{"start":{"line":116,"column":8},"end":{"line":116,"column":44}},"type":"binary-expr","locations":[{"start":{"line":116,"column":8},"end":{"line":116,"column":26}},{"start":{"line":116,"column":30},"end":{"line":116,"column":44}}],"line":116},"19":{"loc":{"start":{"line":143,"column":4},"end":{"line":150,"column":5}},"type":"if","locations":[{"start":{"line":143,"column":4},"end":{"line":150,"column":5}},{"start":{},"end":{}}],"line":143},"20":{"loc":{"start":{"line":163,"column":22},"end":{"line":163,"column":60}},"type":"binary-expr","locations":[{"start":{"line":163,"column":22},"end":{"line":163,"column":47}},{"start":{"line":163,"column":51},"end":{"line":163,"column":60}}],"line":163},"21":{"loc":{"start":{"line":167,"column":4},"end":{"line":170,"column":58}},"type":"if","locations":[{"start":{"line":167,"column":4},"end":{"line":170,"column":58}},{"start":{"line":168,"column":9},"end":{"line":170,"column":58}}],"line":167},"22":{"loc":{"start":{"line":168,"column":9},"end":{"line":170,"column":58}},"type":"if","locations":[{"start":{"line":168,"column":9},"end":{"line":170,"column":58}},{"start":{"line":169,"column":9},"end":{"line":170,"column":58}}],"line":168},"23":{"loc":{"start":{"line":169,"column":9},"end":{"line":170,"column":58}},"type":"if","locations":[{"start":{"line":169,"column":9},"end":{"line":170,"column":58}},{"start":{"line":170,"column":9},"end":{"line":170,"column":58}}],"line":169},"24":{"loc":{"start":{"line":170,"column":9},"end":{"line":170,"column":58}},"type":"if","locations":[{"start":{"line":170,"column":9},"end":{"line":170,"column":58}},{"start":{},"end":{}}],"line":170},"25":{"loc":{"start":{"line":172,"column":4},"end":{"line":176,"column":5}},"type":"if","locations":[{"start":{"line":172,"column":4},"end":{"line":176,"column":5}},{"start":{"line":174,"column":11},"end":{"line":176,"column":5}}],"line":172},"26":{"loc":{"start":{"line":172,"column":8},"end":{"line":172,"column":101}},"type":"binary-expr","locations":[{"start":{"line":172,"column":8},"end":{"line":172,"column":36}},{"start":{"line":172,"column":40},"end":{"line":172,"column":69}},{"start":{"line":172,"column":73},"end":{"line":172,"column":101}}],"line":172},"27":{"loc":{"start":{"line":174,"column":11},"end":{"line":176,"column":5}},"type":"if","locations":[{"start":{"line":174,"column":11},"end":{"line":176,"column":5}},{"start":{},"end":{}}],"line":174},"28":{"loc":{"start":{"line":174,"column":15},"end":{"line":174,"column":73}},"type":"binary-expr","locations":[{"start":{"line":174,"column":15},"end":{"line":174,"column":43}},{"start":{"line":174,"column":47},"end":{"line":174,"column":73}}],"line":174},"29":{"loc":{"start":{"line":184,"column":32},"end":{"line":184,"column":51}},"type":"binary-expr","locations":[{"start":{"line":184,"column":32},"end":{"line":184,"column":38}},{"start":{"line":184,"column":42},"end":{"line":184,"column":51}}],"line":184},"30":{"loc":{"start":{"line":194,"column":24},"end":{"line":196,"column":34}},"type":"cond-expr","locations":[{"start":{"line":195,"column":10},"end":{"line":195,"column":38}},{"start":{"line":196,"column":11},"end":{"line":196,"column":33}}],"line":194},"31":{"loc":{"start":{"line":196,"column":11},"end":{"line":196,"column":33}},"type":"binary-expr","locations":[{"start":{"line":196,"column":11},"end":{"line":196,"column":27}},{"start":{"line":196,"column":31},"end":{"line":196,"column":33}}],"line":196},"32":{"loc":{"start":{"line":200,"column":4},"end":{"line":202,"column":5}},"type":"if","locations":[{"start":{"line":200,"column":4},"end":{"line":202,"column":5}},{"start":{},"end":{}}],"line":200},"33":{"loc":{"start":{"line":200,"column":8},"end":{"line":200,"column":105}},"type":"binary-expr","locations":[{"start":{"line":200,"column":8},"end":{"line":200,"column":69}},{"start":{"line":200,"column":73},"end":{"line":200,"column":105}}],"line":200},"34":{"loc":{"start":{"line":208,"column":16},"end":{"line":208,"column":62}},"type":"cond-expr","locations":[{"start":{"line":208,"column":48},"end":{"line":208,"column":54}},{"start":{"line":208,"column":57},"end":{"line":208,"column":62}}],"line":208},"35":{"loc":{"start":{"line":219,"column":7},"end":{"line":219,"column":94}},"type":"cond-expr","locations":[{"start":{"line":219,"column":28},"end":{"line":219,"column":73}},{"start":{"line":219,"column":76},"end":{"line":219,"column":94}}],"line":219},"36":{"loc":{"start":{"line":227,"column":18},"end":{"line":227,"column":84}},"type":"binary-expr","locations":[{"start":{"line":227,"column":18},"end":{"line":227,"column":39}},{"start":{"line":227,"column":44},"end":{"line":227,"column":55}},{"start":{"line":227,"column":59},"end":{"line":227,"column":83}}],"line":227},"37":{"loc":{"start":{"line":228,"column":4},"end":{"line":228,"column":73}},"type":"if","locations":[{"start":{"line":228,"column":4},"end":{"line":228,"column":73}},{"start":{},"end":{}}],"line":228},"38":{"loc":{"start":{"line":233,"column":4},"end":{"line":244,"column":5}},"type":"if","locations":[{"start":{"line":233,"column":4},"end":{"line":244,"column":5}},{"start":{},"end":{}}],"line":233},"39":{"loc":{"start":{"line":239,"column":18},"end":{"line":239,"column":64}},"type":"cond-expr","locations":[{"start":{"line":239,"column":50},"end":{"line":239,"column":56}},{"start":{"line":239,"column":59},"end":{"line":239,"column":64}}],"line":239},"40":{"loc":{"start":{"line":252,"column":4},"end":{"line":252,"column":87}},"type":"if","locations":[{"start":{"line":252,"column":4},"end":{"line":252,"column":87}},{"start":{},"end":{}}],"line":252},"41":{"loc":{"start":{"line":255,"column":4},"end":{"line":258,"column":5}},"type":"if","locations":[{"start":{"line":255,"column":4},"end":{"line":258,"column":5}},{"start":{},"end":{}}],"line":255},"42":{"loc":{"start":{"line":265,"column":16},"end":{"line":265,"column":62}},"type":"cond-expr","locations":[{"start":{"line":265,"column":48},"end":{"line":265,"column":54}},{"start":{"line":265,"column":57},"end":{"line":265,"column":62}}],"line":265},"43":{"loc":{"start":{"line":282,"column":4},"end":{"line":282,"column":148}},"type":"if","locations":[{"start":{"line":282,"column":4},"end":{"line":282,"column":148}},{"start":{},"end":{}}],"line":282},"44":{"loc":{"start":{"line":282,"column":8},"end":{"line":282,"column":79}},"type":"binary-expr","locations":[{"start":{"line":282,"column":8},"end":{"line":282,"column":36}},{"start":{"line":282,"column":40},"end":{"line":282,"column":79}}],"line":282},"45":{"loc":{"start":{"line":302,"column":4},"end":{"line":302,"column":93}},"type":"if","locations":[{"start":{"line":302,"column":4},"end":{"line":302,"column":93}},{"start":{},"end":{}}],"line":302},"46":{"loc":{"start":{"line":303,"column":4},"end":{"line":303,"column":106}},"type":"if","locations":[{"start":{"line":303,"column":4},"end":{"line":303,"column":106}},{"start":{},"end":{}}],"line":303},"47":{"loc":{"start":{"line":314,"column":4},"end":{"line":314,"column":98}},"type":"if","locations":[{"start":{"line":314,"column":4},"end":{"line":314,"column":98}},{"start":{},"end":{}}],"line":314},"48":{"loc":{"start":{"line":315,"column":4},"end":{"line":315,"column":111}},"type":"if","locations":[{"start":{"line":315,"column":4},"end":{"line":315,"column":111}},{"start":{},"end":{}}],"line":315},"49":{"loc":{"start":{"line":317,"column":57},"end":{"line":317,"column":88}},"type":"binary-expr","locations":[{"start":{"line":317,"column":57},"end":{"line":317,"column":82}},{"start":{"line":317,"column":86},"end":{"line":317,"column":88}}],"line":317},"50":{"loc":{"start":{"line":349,"column":24},"end":{"line":351,"column":34}},"type":"cond-expr","locations":[{"start":{"line":350,"column":10},"end":{"line":350,"column":38}},{"start":{"line":351,"column":11},"end":{"line":351,"column":33}}],"line":349},"51":{"loc":{"start":{"line":351,"column":11},"end":{"line":351,"column":33}},"type":"binary-expr","locations":[{"start":{"line":351,"column":11},"end":{"line":351,"column":27}},{"start":{"line":351,"column":31},"end":{"line":351,"column":33}}],"line":351},"52":{"loc":{"start":{"line":355,"column":4},"end":{"line":357,"column":5}},"type":"if","locations":[{"start":{"line":355,"column":4},"end":{"line":357,"column":5}},{"start":{},"end":{}}],"line":355},"53":{"loc":{"start":{"line":355,"column":8},"end":{"line":355,"column":105}},"type":"binary-expr","locations":[{"start":{"line":355,"column":8},"end":{"line":355,"column":69}},{"start":{"line":355,"column":73},"end":{"line":355,"column":105}}],"line":355},"54":{"loc":{"start":{"line":368,"column":28},"end":{"line":368,"column":94}},"type":"binary-expr","locations":[{"start":{"line":368,"column":28},"end":{"line":368,"column":49}},{"start":{"line":368,"column":54},"end":{"line":368,"column":65}},{"start":{"line":368,"column":69},"end":{"line":368,"column":93}}],"line":368},"55":{"loc":{"start":{"line":370,"column":4},"end":{"line":372,"column":5}},"type":"if","locations":[{"start":{"line":370,"column":4},"end":{"line":372,"column":5}},{"start":{},"end":{}}],"line":370},"56":{"loc":{"start":{"line":386,"column":6},"end":{"line":388,"column":7}},"type":"if","locations":[{"start":{"line":386,"column":6},"end":{"line":388,"column":7}},{"start":{},"end":{}}],"line":386},"57":{"loc":{"start":{"line":416,"column":4},"end":{"line":418,"column":5}},"type":"if","locations":[{"start":{"line":416,"column":4},"end":{"line":418,"column":5}},{"start":{},"end":{}}],"line":416},"58":{"loc":{"start":{"line":421,"column":28},"end":{"line":423,"column":17}},"type":"cond-expr","locations":[{"start":{"line":422,"column":8},"end":{"line":422,"column":27}},{"start":{"line":423,"column":8},"end":{"line":423,"column":17}}],"line":421},"59":{"loc":{"start":{"line":421,"column":28},"end":{"line":421,"column":73}},"type":"binary-expr","locations":[{"start":{"line":421,"column":28},"end":{"line":421,"column":50}},{"start":{"line":421,"column":54},"end":{"line":421,"column":73}}],"line":421},"60":{"loc":{"start":{"line":425,"column":4},"end":{"line":427,"column":5}},"type":"if","locations":[{"start":{"line":425,"column":4},"end":{"line":427,"column":5}},{"start":{},"end":{}}],"line":425}},"s":{"0":5,"1":0,"2":0,"3":0,"4":0,"5":0,"6":0,"7":0,"8":0,"9":0,"10":0,"11":0,"12":0,"13":0,"14":0,"15":0,"16":0,"17":0,"18":0,"19":0,"20":5,"21":10,"22":10,"23":10,"24":10,"25":0,"26":10,"27":10,"28":1,"29":9,"30":9,"31":0,"32":9,"33":0,"34":9,"35":0,"36":9,"37":9,"38":2,"39":7,"40":7,"41":7,"42":0,"43":7,"44":5,"45":5,"46":0,"47":7,"48":7,"49":7,"50":7,"51":7,"52":7,"53":7,"54":0,"55":7,"56":7,"57":7,"58":7,"59":0,"60":7,"61":7,"62":7,"63":7,"64":7,"65":0,"66":7,"67":0,"68":7,"69":0,"70":7,"71":0,"72":7,"73":0,"74":7,"75":0,"76":7,"77":7,"78":0,"79":7,"80":7,"81":7,"82":7,"83":0,"84":7,"85":2,"86":7,"87":7,"88":7,"89":7,"90":7,"91":0,"92":5,"93":0,"94":0,"95":0,"96":0,"97":0,"98":0,"99":0,"100":0,"101":0,"102":0,"103":0,"104":0,"105":0,"106":0,"107":0,"108":0,"109":0,"110":0,"111":0,"112":0,"113":0,"114":0,"115":0,"116":0,"117":5,"118":0,"119":0,"120":0,"121":0,"122":0,"123":0,"124":0,"125":0,"126":0,"127":0,"128":0,"129":0,"130":0,"131":0,"132":5,"133":0,"134":0,"135":0,"136":0,"137":0,"138":0,"139":0,"140":0,"141":0,"142":5,"143":0,"144":0,"145":0,"146":0,"147":0,"148":0,"149":0,"150":0,"151":0,"152":0,"153":0,"154":0,"155":0,"156":0,"157":5,"158":0,"159":0,"160":0,"161":0,"162":0,"163":0,"164":0,"165":0,"166":0,"167":0,"168":0,"169":0,"170":0,"171":5,"172":0,"173":0,"174":0,"175":0,"176":0,"177":0,"178":0,"179":0,"180":0,"181":0,"182":0,"183":0,"184":0,"185":0,"186":0,"187":5,"188":0,"189":0,"190":0,"191":0,"192":0,"193":0,"194":0,"195":0,"196":0,"197":0,"198":0,"199":0},"f":{"0":0,"1":10,"2":0,"3":0,"4":0,"5":0,"6":0,"7":0,"8":0},"b":{"0":[0,0],"1":[0,0],"2":[0,0],"3":[0,0],"4":[10,0,0,0],"5":[0,10],"6":[10,10],"7":[1,9],"8":[0,9],"9":[0,9],"10":[9,0],"11":[0,9],"12":[9,5],"13":[2,7],"14":[7,2],"15":[0,7],"16":[7,0,0],"17":[5,2],"18":[7,5],"19":[7,0],"20":[7,7],"21":[0,7],"22":[0,7],"23":[0,7],"24":[0,7],"25":[0,7],"26":[7,7,7],"27":[0,7],"28":[7,7],"29":[7,0],"30":[0,7],"31":[7,0],"32":[2,5],"33":[7,7],"34":[0,7],"35":[5,2],"36":[0,0,0],"37":[0,0],"38":[0,0],"39":[0,0],"40":[0,0],"41":[0,0],"42":[0,0],"43":[0,0],"44":[0,0],"45":[0,0],"46":[0,0],"47":[0,0],"48":[0,0],"49":[0,0],"50":[0,0],"51":[0,0],"52":[0,0],"53":[0,0],"54":[0,0,0],"55":[0,0],"56":[0,0],"57":[0,0],"58":[0,0],"59":[0,0],"60":[0,0]},"inputSourceMap":null,"_coverageSchema":"1a1c01bbd47fc00a2c39e90264f33305004495a9","hash":"9b06920dfc8c33731b88efeba2b2b98ddbbfa7e5"}
,"D:\\Tile ERP\\backend\\src\\controllers\\lockController.js": {"path":"D:\\Tile ERP\\backend\\src\\controllers\\lockController.js","statementMap":{"0":{"start":{"line":16,"column":18},"end":{"line":29,"column":1}},"1":{"start":{"line":31,"column":28},"end":{"line":175,"column":1}},"2":{"start":{"line":33,"column":2},"end":{"line":174,"column":3}},"3":{"start":{"line":34,"column":25},"end":{"line":34,"column":72}},"4":{"start":{"line":35,"column":23},"end":{"line":35,"column":66}},"5":{"start":{"line":36,"column":23},"end":{"line":36,"column":70}},"6":{"start":{"line":37,"column":25},"end":{"line":37,"column":73}},"7":{"start":{"line":38,"column":27},"end":{"line":38,"column":79}},"8":{"start":{"line":39,"column":26},"end":{"line":39,"column":75}},"9":{"start":{"line":40,"column":22},"end":{"line":40,"column":61}},"10":{"start":{"line":41,"column":19},"end":{"line":41,"column":30}},"11":{"start":{"line":43,"column":22},"end":{"line":43,"column":45}},"12":{"start":{"line":44,"column":4},"end":{"line":44,"column":76}},"13":{"start":{"line":44,"column":20},"end":{"line":44,"column":76}},"14":{"start":{"line":46,"column":4},"end":{"line":46,"column":38}},"15":{"start":{"line":47,"column":4},"end":{"line":47,"column":32}},"16":{"start":{"line":50,"column":4},"end":{"line":54,"column":5}},"17":{"start":{"line":51,"column":6},"end":{"line":51,"column":138}},"18":{"start":{"line":53,"column":6},"end":{"line":53,"column":130}},"19":{"start":{"line":56,"column":4},"end":{"line":59,"column":5}},"20":{"start":{"line":57,"column":6},"end":{"line":57,"column":37}},"21":{"start":{"line":58,"column":6},"end":{"line":58,"column":59}},"22":{"start":{"line":60,"column":4},"end":{"line":63,"column":5}},"23":{"start":{"line":61,"column":6},"end":{"line":61,"column":37}},"24":{"start":{"line":62,"column":6},"end":{"line":62,"column":67}},"25":{"start":{"line":66,"column":4},"end":{"line":76,"column":5}},"26":{"start":{"line":67,"column":6},"end":{"line":75,"column":7}},"27":{"start":{"line":68,"column":26},"end":{"line":71,"column":9}},"28":{"start":{"line":69,"column":35},"end":{"line":69,"column":61}},"29":{"start":{"line":70,"column":41},"end":{"line":70,"column":73}},"30":{"start":{"line":72,"column":8},"end":{"line":72,"column":100}},"31":{"start":{"line":78,"column":29},"end":{"line":78,"column":79}},"32":{"start":{"line":80,"column":25},"end":{"line":80,"column":75}},"33":{"start":{"line":82,"column":4},"end":{"line":110,"column":5}},"34":{"start":{"line":83,"column":6},"end":{"line":95,"column":129}},"35":{"start":{"line":97,"column":6},"end":{"line":109,"column":118}},"36":{"start":{"line":112,"column":4},"end":{"line":115,"column":118}},"37":{"start":{"line":118,"column":4},"end":{"line":153,"column":5}},"38":{"start":{"line":119,"column":20},"end":{"line":119,"column":102}},"39":{"start":{"line":120,"column":28},"end":{"line":126,"column":7}},"40":{"start":{"line":128,"column":6},"end":{"line":146,"column":7}},"41":{"start":{"line":129,"column":26},"end":{"line":129,"column":94}},"42":{"start":{"line":130,"column":21},"end":{"line":130,"column":33}},"43":{"start":{"line":131,"column":8},"end":{"line":136,"column":9}},"44":{"start":{"line":132,"column":10},"end":{"line":132,"column":61}},"45":{"start":{"line":133,"column":10},"end":{"line":133,"column":33}},"46":{"start":{"line":135,"column":10},"end":{"line":135,"column":41}},"47":{"start":{"line":138,"column":27},"end":{"line":138,"column":66}},"48":{"start":{"line":140,"column":8},"end":{"line":145,"column":9}},"49":{"start":{"line":141,"column":10},"end":{"line":144,"column":65}},"50":{"start":{"line":149,"column":6},"end":{"line":152,"column":75}},"51":{"start":{"line":156,"column":4},"end":{"line":156,"column":33}},"52":{"start":{"line":159,"column":4},"end":{"line":166,"column":22}},"53":{"start":{"line":168,"column":4},"end":{"line":168,"column":73}},"54":{"start":{"line":170,"column":4},"end":{"line":170,"column":63}},"55":{"start":{"line":170,"column":16},"end":{"line":170,"column":63}},"56":{"start":{"line":171,"column":4},"end":{"line":171,"column":16}},"57":{"start":{"line":173,"column":4},"end":{"line":173,"column":33}},"58":{"start":{"line":173,"column":16},"end":{"line":173,"column":33}},"59":{"start":{"line":177,"column":30},"end":{"line":286,"column":1}},"60":{"start":{"line":179,"column":2},"end":{"line":285,"column":3}},"61":{"start":{"line":180,"column":25},"end":{"line":180,"column":72}},"62":{"start":{"line":181,"column":23},"end":{"line":181,"column":66}},"63":{"start":{"line":182,"column":25},"end":{"line":182,"column":72}},"64":{"start":{"line":183,"column":22},"end":{"line":183,"column":61}},"65":{"start":{"line":184,"column":19},"end":{"line":184,"column":30}},"66":{"start":{"line":186,"column":4},"end":{"line":186,"column":83}},"67":{"start":{"line":186,"column":23},"end":{"line":186,"column":83}},"68":{"start":{"line":188,"column":22},"end":{"line":188,"column":45}},"69":{"start":{"line":189,"column":4},"end":{"line":189,"column":76}},"70":{"start":{"line":189,"column":20},"end":{"line":189,"column":76}},"71":{"start":{"line":191,"column":4},"end":{"line":193,"column":5}},"72":{"start":{"line":192,"column":6},"end":{"line":192,"column":81}},"73":{"start":{"line":195,"column":4},"end":{"line":195,"column":38}},"74":{"start":{"line":196,"column":4},"end":{"line":196,"column":32}},"75":{"start":{"line":199,"column":4},"end":{"line":203,"column":5}},"76":{"start":{"line":200,"column":6},"end":{"line":200,"column":138}},"77":{"start":{"line":202,"column":6},"end":{"line":202,"column":130}},"78":{"start":{"line":204,"column":4},"end":{"line":207,"column":5}},"79":{"start":{"line":205,"column":6},"end":{"line":205,"column":37}},"80":{"start":{"line":206,"column":6},"end":{"line":206,"column":59}},"81":{"start":{"line":208,"column":4},"end":{"line":211,"column":5}},"82":{"start":{"line":209,"column":6},"end":{"line":209,"column":37}},"83":{"start":{"line":210,"column":6},"end":{"line":210,"column":63}},"84":{"start":{"line":213,"column":4},"end":{"line":231,"column":5}},"85":{"start":{"line":214,"column":6},"end":{"line":221,"column":56}},"86":{"start":{"line":223,"column":6},"end":{"line":230,"column":45}},"87":{"start":{"line":233,"column":4},"end":{"line":236,"column":132}},"88":{"start":{"line":239,"column":4},"end":{"line":275,"column":5}},"89":{"start":{"line":240,"column":28},"end":{"line":246,"column":7}},"90":{"start":{"line":248,"column":6},"end":{"line":267,"column":7}},"91":{"start":{"line":249,"column":26},"end":{"line":249,"column":95}},"92":{"start":{"line":250,"column":21},"end":{"line":250,"column":33}},"93":{"start":{"line":251,"column":8},"end":{"line":256,"column":9}},"94":{"start":{"line":252,"column":10},"end":{"line":252,"column":61}},"95":{"start":{"line":253,"column":10},"end":{"line":253,"column":33}},"96":{"start":{"line":255,"column":10},"end":{"line":255,"column":41}},"97":{"start":{"line":258,"column":27},"end":{"line":258,"column":66}},"98":{"start":{"line":260,"column":8},"end":{"line":266,"column":9}},"99":{"start":{"line":261,"column":11},"end":{"line":265,"column":45}},"100":{"start":{"line":270,"column":6},"end":{"line":274,"column":45}},"101":{"start":{"line":278,"column":4},"end":{"line":278,"column":33}},"102":{"start":{"line":279,"column":4},"end":{"line":279,"column":75}},"103":{"start":{"line":281,"column":4},"end":{"line":281,"column":63}},"104":{"start":{"line":281,"column":16},"end":{"line":281,"column":63}},"105":{"start":{"line":282,"column":4},"end":{"line":282,"column":16}},"106":{"start":{"line":284,"column":4},"end":{"line":284,"column":33}},"107":{"start":{"line":284,"column":16},"end":{"line":284,"column":33}}},"fnMap":{"0":{"name":"(anonymous_0)","decl":{"start":{"line":31,"column":28},"end":{"line":31,"column":29}},"loc":{"start":{"line":31,"column":54},"end":{"line":175,"column":1}},"line":31},"1":{"name":"(anonymous_1)","decl":{"start":{"line":69,"column":17},"end":{"line":69,"column":18}},"loc":{"start":{"line":69,"column":35},"end":{"line":69,"column":61}},"line":69},"2":{"name":"(anonymous_2)","decl":{"start":{"line":70,"column":23},"end":{"line":70,"column":24}},"loc":{"start":{"line":70,"column":41},"end":{"line":70,"column":73}},"line":70},"3":{"name":"(anonymous_3)","decl":{"start":{"line":166,"column":12},"end":{"line":166,"column":13}},"loc":{"start":{"line":166,"column":18},"end":{"line":166,"column":20}},"line":166},"4":{"name":"(anonymous_4)","decl":{"start":{"line":170,"column":53},"end":{"line":170,"column":54}},"loc":{"start":{"line":170,"column":59},"end":{"line":170,"column":61}},"line":170},"5":{"name":"(anonymous_5)","decl":{"start":{"line":177,"column":30},"end":{"line":177,"column":31}},"loc":{"start":{"line":177,"column":56},"end":{"line":286,"column":1}},"line":177},"6":{"name":"(anonymous_6)","decl":{"start":{"line":281,"column":53},"end":{"line":281,"column":54}},"loc":{"start":{"line":281,"column":59},"end":{"line":281,"column":61}},"line":281}},"branchMap":{"0":{"loc":{"start":{"line":34,"column":25},"end":{"line":34,"column":72}},"type":"binary-expr","locations":[{"start":{"line":34,"column":25},"end":{"line":34,"column":46}},{"start":{"line":34,"column":50},"end":{"line":34,"column":72}}],"line":34},"1":{"loc":{"start":{"line":35,"column":23},"end":{"line":35,"column":66}},"type":"binary-expr","locations":[{"start":{"line":35,"column":23},"end":{"line":35,"column":42}},{"start":{"line":35,"column":46},"end":{"line":35,"column":66}}],"line":35},"2":{"loc":{"start":{"line":36,"column":23},"end":{"line":36,"column":70}},"type":"binary-expr","locations":[{"start":{"line":36,"column":23},"end":{"line":36,"column":44}},{"start":{"line":36,"column":48},"end":{"line":36,"column":70}}],"line":36},"3":{"loc":{"start":{"line":37,"column":25},"end":{"line":37,"column":73}},"type":"binary-expr","locations":[{"start":{"line":37,"column":25},"end":{"line":37,"column":46}},{"start":{"line":37,"column":50},"end":{"line":37,"column":73}}],"line":37},"4":{"loc":{"start":{"line":38,"column":27},"end":{"line":38,"column":79}},"type":"binary-expr","locations":[{"start":{"line":38,"column":27},"end":{"line":38,"column":50}},{"start":{"line":38,"column":54},"end":{"line":38,"column":79}}],"line":38},"5":{"loc":{"start":{"line":39,"column":26},"end":{"line":39,"column":75}},"type":"binary-expr","locations":[{"start":{"line":39,"column":26},"end":{"line":39,"column":48}},{"start":{"line":39,"column":52},"end":{"line":39,"column":75}}],"line":39},"6":{"loc":{"start":{"line":40,"column":22},"end":{"line":40,"column":61}},"type":"binary-expr","locations":[{"start":{"line":40,"column":22},"end":{"line":40,"column":39}},{"start":{"line":40,"column":43},"end":{"line":40,"column":61}}],"line":40},"7":{"loc":{"start":{"line":44,"column":4},"end":{"line":44,"column":76}},"type":"if","locations":[{"start":{"line":44,"column":4},"end":{"line":44,"column":76}},{"start":{},"end":{}}],"line":44},"8":{"loc":{"start":{"line":50,"column":4},"end":{"line":54,"column":5}},"type":"if","locations":[{"start":{"line":50,"column":4},"end":{"line":54,"column":5}},{"start":{"line":52,"column":11},"end":{"line":54,"column":5}}],"line":50},"9":{"loc":{"start":{"line":56,"column":4},"end":{"line":59,"column":5}},"type":"if","locations":[{"start":{"line":56,"column":4},"end":{"line":59,"column":5}},{"start":{},"end":{}}],"line":56},"10":{"loc":{"start":{"line":60,"column":4},"end":{"line":63,"column":5}},"type":"if","locations":[{"start":{"line":60,"column":4},"end":{"line":63,"column":5}},{"start":{},"end":{}}],"line":60},"11":{"loc":{"start":{"line":66,"column":4},"end":{"line":76,"column":5}},"type":"if","locations":[{"start":{"line":66,"column":4},"end":{"line":76,"column":5}},{"start":{},"end":{}}],"line":66},"12":{"loc":{"start":{"line":78,"column":29},"end":{"line":78,"column":79}},"type":"cond-expr","locations":[{"start":{"line":78,"column":44},"end":{"line":78,"column":72}},{"start":{"line":78,"column":75},"end":{"line":78,"column":79}}],"line":78},"13":{"loc":{"start":{"line":80,"column":25},"end":{"line":80,"column":75}},"type":"cond-expr","locations":[{"start":{"line":80,"column":49},"end":{"line":80,"column":51}},{"start":{"line":80,"column":54},"end":{"line":80,"column":75}}],"line":80},"14":{"loc":{"start":{"line":82,"column":4},"end":{"line":110,"column":5}},"type":"if","locations":[{"start":{"line":82,"column":4},"end":{"line":110,"column":5}},{"start":{"line":96,"column":11},"end":{"line":110,"column":5}}],"line":82},"15":{"loc":{"start":{"line":95,"column":36},"end":{"line":95,"column":56}},"type":"binary-expr","locations":[{"start":{"line":95,"column":36},"end":{"line":95,"column":48}},{"start":{"line":95,"column":52},"end":{"line":95,"column":56}}],"line":95},"16":{"loc":{"start":{"line":95,"column":58},"end":{"line":95,"column":80}},"type":"binary-expr","locations":[{"start":{"line":95,"column":58},"end":{"line":95,"column":72}},{"start":{"line":95,"column":76},"end":{"line":95,"column":80}}],"line":95},"17":{"loc":{"start":{"line":95,"column":82},"end":{"line":95,"column":103}},"type":"binary-expr","locations":[{"start":{"line":95,"column":82},"end":{"line":95,"column":95}},{"start":{"line":95,"column":99},"end":{"line":95,"column":103}}],"line":95},"18":{"loc":{"start":{"line":109,"column":36},"end":{"line":109,"column":56}},"type":"binary-expr","locations":[{"start":{"line":109,"column":36},"end":{"line":109,"column":48}},{"start":{"line":109,"column":52},"end":{"line":109,"column":56}}],"line":109},"19":{"loc":{"start":{"line":109,"column":58},"end":{"line":109,"column":80}},"type":"binary-expr","locations":[{"start":{"line":109,"column":58},"end":{"line":109,"column":72}},{"start":{"line":109,"column":76},"end":{"line":109,"column":80}}],"line":109},"20":{"loc":{"start":{"line":109,"column":82},"end":{"line":109,"column":103}},"type":"binary-expr","locations":[{"start":{"line":109,"column":82},"end":{"line":109,"column":95}},{"start":{"line":109,"column":99},"end":{"line":109,"column":103}}],"line":109},"21":{"loc":{"start":{"line":118,"column":4},"end":{"line":153,"column":5}},"type":"if","locations":[{"start":{"line":118,"column":4},"end":{"line":153,"column":5}},{"start":{},"end":{}}],"line":118},"22":{"loc":{"start":{"line":119,"column":20},"end":{"line":119,"column":102}},"type":"binary-expr","locations":[{"start":{"line":119,"column":20},"end":{"line":119,"column":49}},{"start":{"line":119,"column":53},"end":{"line":119,"column":89}},{"start":{"line":119,"column":93},"end":{"line":119,"column":102}}],"line":119},"23":{"loc":{"start":{"line":131,"column":8},"end":{"line":136,"column":9}},"type":"if","locations":[{"start":{"line":131,"column":8},"end":{"line":136,"column":9}},{"start":{"line":134,"column":15},"end":{"line":136,"column":9}}],"line":131},"24":{"loc":{"start":{"line":144,"column":14},"end":{"line":144,"column":31}},"type":"binary-expr","locations":[{"start":{"line":144,"column":14},"end":{"line":144,"column":23}},{"start":{"line":144,"column":27},"end":{"line":144,"column":31}}],"line":144},"25":{"loc":{"start":{"line":152,"column":10},"end":{"line":152,"column":27}},"type":"binary-expr","locations":[{"start":{"line":152,"column":10},"end":{"line":152,"column":19}},{"start":{"line":152,"column":23},"end":{"line":152,"column":27}}],"line":152},"26":{"loc":{"start":{"line":162,"column":6},"end":{"line":162,"column":193}},"type":"binary-expr","locations":[{"start":{"line":162,"column":6},"end":{"line":162,"column":35}},{"start":{"line":162,"column":39},"end":{"line":162,"column":64}},{"start":{"line":162,"column":68},"end":{"line":162,"column":92}},{"start":{"line":162,"column":96},"end":{"line":162,"column":130}},{"start":{"line":162,"column":134},"end":{"line":162,"column":164}},{"start":{"line":162,"column":168},"end":{"line":162,"column":193}}],"line":162},"27":{"loc":{"start":{"line":164,"column":6},"end":{"line":164,"column":53}},"type":"binary-expr","locations":[{"start":{"line":164,"column":6},"end":{"line":164,"column":20}},{"start":{"line":164,"column":24},"end":{"line":164,"column":42}},{"start":{"line":164,"column":46},"end":{"line":164,"column":53}}],"line":164},"28":{"loc":{"start":{"line":170,"column":4},"end":{"line":170,"column":63}},"type":"if","locations":[{"start":{"line":170,"column":4},"end":{"line":170,"column":63}},{"start":{},"end":{}}],"line":170},"29":{"loc":{"start":{"line":173,"column":4},"end":{"line":173,"column":33}},"type":"if","locations":[{"start":{"line":173,"column":4},"end":{"line":173,"column":33}},{"start":{},"end":{}}],"line":173},"30":{"loc":{"start":{"line":180,"column":25},"end":{"line":180,"column":72}},"type":"binary-expr","locations":[{"start":{"line":180,"column":25},"end":{"line":180,"column":46}},{"start":{"line":180,"column":50},"end":{"line":180,"column":72}}],"line":180},"31":{"loc":{"start":{"line":181,"column":23},"end":{"line":181,"column":66}},"type":"binary-expr","locations":[{"start":{"line":181,"column":23},"end":{"line":181,"column":42}},{"start":{"line":181,"column":46},"end":{"line":181,"column":66}}],"line":181},"32":{"loc":{"start":{"line":182,"column":25},"end":{"line":182,"column":72}},"type":"binary-expr","locations":[{"start":{"line":182,"column":25},"end":{"line":182,"column":46}},{"start":{"line":182,"column":50},"end":{"line":182,"column":72}}],"line":182},"33":{"loc":{"start":{"line":183,"column":22},"end":{"line":183,"column":61}},"type":"binary-expr","locations":[{"start":{"line":183,"column":22},"end":{"line":183,"column":39}},{"start":{"line":183,"column":43},"end":{"line":183,"column":61}}],"line":183},"34":{"loc":{"start":{"line":186,"column":4},"end":{"line":186,"column":83}},"type":"if","locations":[{"start":{"line":186,"column":4},"end":{"line":186,"column":83}},{"start":{},"end":{}}],"line":186},"35":{"loc":{"start":{"line":189,"column":4},"end":{"line":189,"column":76}},"type":"if","locations":[{"start":{"line":189,"column":4},"end":{"line":189,"column":76}},{"start":{},"end":{}}],"line":189},"36":{"loc":{"start":{"line":191,"column":4},"end":{"line":193,"column":5}},"type":"if","locations":[{"start":{"line":191,"column":4},"end":{"line":193,"column":5}},{"start":{},"end":{}}],"line":191},"37":{"loc":{"start":{"line":199,"column":4},"end":{"line":203,"column":5}},"type":"if","locations":[{"start":{"line":199,"column":4},"end":{"line":203,"column":5}},{"start":{"line":201,"column":11},"end":{"line":203,"column":5}}],"line":199},"38":{"loc":{"start":{"line":204,"column":4},"end":{"line":207,"column":5}},"type":"if","locations":[{"start":{"line":204,"column":4},"end":{"line":207,"column":5}},{"start":{},"end":{}}],"line":204},"39":{"loc":{"start":{"line":208,"column":4},"end":{"line":211,"column":5}},"type":"if","locations":[{"start":{"line":208,"column":4},"end":{"line":211,"column":5}},{"start":{},"end":{}}],"line":208},"40":{"loc":{"start":{"line":213,"column":4},"end":{"line":231,"column":5}},"type":"if","locations":[{"start":{"line":213,"column":4},"end":{"line":231,"column":5}},{"start":{"line":222,"column":11},"end":{"line":231,"column":5}}],"line":213},"41":{"loc":{"start":{"line":239,"column":4},"end":{"line":275,"column":5}},"type":"if","locations":[{"start":{"line":239,"column":4},"end":{"line":275,"column":5}},{"start":{},"end":{}}],"line":239},"42":{"loc":{"start":{"line":251,"column":8},"end":{"line":256,"column":9}},"type":"if","locations":[{"start":{"line":251,"column":8},"end":{"line":256,"column":9}},{"start":{"line":254,"column":15},"end":{"line":256,"column":9}}],"line":251},"43":{"loc":{"start":{"line":281,"column":4},"end":{"line":281,"column":63}},"type":"if","locations":[{"start":{"line":281,"column":4},"end":{"line":281,"column":63}},{"start":{},"end":{}}],"line":281},"44":{"loc":{"start":{"line":284,"column":4},"end":{"line":284,"column":33}},"type":"if","locations":[{"start":{"line":284,"column":4},"end":{"line":284,"column":33}},{"start":{},"end":{}}],"line":284}},"s":{"0":5,"1":5,"2":0,"3":0,"4":0,"5":0,"6":0,"7":0,"8":0,"9":0,"10":0,"11":0,"12":0,"13":0,"14":0,"15":0,"16":0,"17":0,"18":0,"19":0,"20":0,"21":0,"22":0,"23":0,"24":0,"25":0,"26":0,"27":0,"28":0,"29":0,"30":0,"31":0,"32":0,"33":0,"34":0,"35":0,"36":0,"37":0,"38":0,"39":0,"40":0,"41":0,"42":0,"43":0,"44":0,"45":0,"46":0,"47":0,"48":0,"49":0,"50":0,"51":0,"52":0,"53":0,"54":0,"55":0,"56":0,"57":0,"58":0,"59":5,"60":0,"61":0,"62":0,"63":0,"64":0,"65":0,"66":0,"67":0,"68":0,"69":0,"70":0,"71":0,"72":0,"73":0,"74":0,"75":0,"76":0,"77":0,"78":0,"79":0,"80":0,"81":0,"82":0,"83":0,"84":0,"85":0,"86":0,"87":0,"88":0,"89":0,"90":0,"91":0,"92":0,"93":0,"94":0,"95":0,"96":0,"97":0,"98":0,"99":0,"100":0,"101":0,"102":0,"103":0,"104":0,"105":0,"106":0,"107":0},"f":{"0":0,"1":0,"2":0,"3":0,"4":0,"5":0,"6":0},"b":{"0":[0,0],"1":[0,0],"2":[0,0],"3":[0,0],"4":[0,0],"5":[0,0],"6":[0,0],"7":[0,0],"8":[0,0],"9":[0,0],"10":[0,0],"11":[0,0],"12":[0,0],"13":[0,0],"14":[0,0],"15":[0,0],"16":[0,0],"17":[0,0],"18":[0,0],"19":[0,0],"20":[0,0],"21":[0,0],"22":[0,0,0],"23":[0,0],"24":[0,0],"25":[0,0],"26":[0,0,0,0,0,0],"27":[0,0,0],"28":[0,0],"29":[0,0],"30":[0,0],"31":[0,0],"32":[0,0],"33":[0,0],"34":[0,0],"35":[0,0],"36":[0,0],"37":[0,0],"38":[0,0],"39":[0,0],"40":[0,0],"41":[0,0],"42":[0,0],"43":[0,0],"44":[0,0]},"inputSourceMap":null,"_coverageSchema":"1a1c01bbd47fc00a2c39e90264f33305004495a9","hash":"9991d491bb8b40d3c2381a0cb616110659c095c9"}
}
