TN:
SF:src\controllers\accountEntryController.js
FN:27,(anonymous_0)
FN:68,(anonymous_1)
FN:155,(anonymous_2)
FN:190,(anonymous_3)
FN:289,(anonymous_4)
FN:296,(anonymous_5)
FN:437,(anonymous_6)
FN:477,(anonymous_7)
FN:517,(anonymous_8)
FN:564,(anonymous_9)
FN:615,(anonymous_10)
FNF:11
FNH:0
FNDA:0,(anonymous_0)
FNDA:0,(anonymous_1)
FNDA:0,(anonymous_2)
FNDA:0,(anonymous_3)
FNDA:0,(anonymous_4)
FNDA:0,(anonymous_5)
FNDA:0,(anonymous_6)
FNDA:0,(anonymous_7)
FNDA:0,(anonymous_8)
FNDA:0,(anonymous_9)
FNDA:0,(anonymous_10)
DA:22,0
DA:25,0
DA:27,0
DA:28,0
DA:29,0
DA:30,0
DA:31,0
DA:32,0
DA:59,0
DA:60,0
DA:63,0
DA:64,0
DA:68,0
DA:69,0
DA:79,0
DA:80,0
DA:82,0
DA:83,0
DA:84,0
DA:86,0
DA:87,0
DA:88,0
DA:89,0
DA:92,0
DA:93,0
DA:94,0
DA:95,0
DA:98,0
DA:99,0
DA:100,0
DA:101,0
DA:104,0
DA:105,0
DA:106,0
DA:107,0
DA:110,0
DA:111,0
DA:112,0
DA:113,0
DA:116,0
DA:117,0
DA:118,0
DA:119,0
DA:122,0
DA:123,0
DA:124,0
DA:125,0
DA:128,0
DA:130,0
DA:134,0
DA:135,0
DA:137,0
DA:145,0
DA:151,0
DA:155,0
DA:156,0
DA:157,0
DA:159,0
DA:160,0
DA:162,0
DA:163,0
DA:164,0
DA:166,0
DA:167,0
DA:171,0
DA:176,0
DA:177,0
DA:180,0
DA:186,0
DA:190,0
DA:192,0
DA:194,0
DA:195,0
DA:207,0
DA:209,0
DA:210,0
DA:211,0
DA:212,0
DA:213,0
DA:214,0
DA:215,0
DA:217,0
DA:221,0
DA:222,0
DA:224,0
DA:227,0
DA:241,0
DA:246,0
DA:249,0
DA:250,0
DA:252,0
DA:253,0
DA:254,0
DA:255,0
DA:256,0
DA:257,0
DA:258,0
DA:259,0
DA:260,0
DA:261,0
DA:262,0
DA:263,0
DA:267,0
DA:274,0
DA:280,0
DA:282,0
DA:289,0
DA:290,0
DA:292,0
DA:296,0
DA:297,0
DA:298,0
DA:310,0
DA:312,0
DA:313,0
DA:314,0
DA:315,0
DA:316,0
DA:317,0
DA:318,0
DA:320,0
DA:321,0
DA:323,0
DA:324,0
DA:325,0
DA:327,0
DA:328,0
DA:332,0
DA:337,0
DA:338,0
DA:341,0
DA:342,0
DA:343,0
DA:345,0
DA:346,0
DA:347,0
DA:348,0
DA:351,0
DA:352,0
DA:353,0
DA:354,0
DA:357,0
DA:358,0
DA:359,0
DA:360,0
DA:363,0
DA:364,0
DA:365,0
DA:366,0
DA:369,0
DA:370,0
DA:371,0
DA:372,0
DA:375,0
DA:376,0
DA:377,0
DA:378,0
DA:381,0
DA:382,0
DA:383,0
DA:384,0
DA:387,0
DA:388,0
DA:389,0
DA:390,0
DA:393,0
DA:394,0
DA:395,0
DA:396,0
DA:399,0
DA:400,0
DA:401,0
DA:402,0
DA:405,0
DA:406,0
DA:409,0
DA:411,0
DA:412,0
DA:413,0
DA:414,0
DA:416,0
DA:419,0
DA:427,0
DA:433,0
DA:437,0
DA:438,0
DA:439,0
DA:441,0
DA:442,0
DA:444,0
DA:445,0
DA:446,0
DA:448,0
DA:449,0
DA:453,0
DA:458,0
DA:459,0
DA:462,0
DA:467,0
DA:473,0
DA:477,0
DA:478,0
DA:479,0
DA:481,0
DA:482,0
DA:484,0
DA:485,0
DA:486,0
DA:488,0
DA:489,0
DA:493,0
DA:498,0
DA:499,0
DA:502,0
DA:507,0
DA:513,0
DA:517,0
DA:518,0
DA:519,0
DA:521,0
DA:522,0
DA:524,0
DA:525,0
DA:526,0
DA:528,0
DA:529,0
DA:533,0
DA:538,0
DA:539,0
DA:542,0
DA:543,0
DA:545,0
DA:546,0
DA:554,0
DA:560,0
DA:564,0
DA:565,0
DA:566,0
DA:568,0
DA:569,0
DA:572,0
DA:573,0
DA:574,0
DA:576,0
DA:577,0
DA:578,0
DA:579,0
DA:580,0
DA:584,0
DA:585,0
DA:586,0
DA:588,0
DA:590,0
DA:604,0
DA:606,0
DA:612,0
DA:615,0
DA:616,0
DA:617,0
DA:618,0
DA:620,0
DA:621,0
DA:622,0
DA:625,0
DA:637,0
DA:639,0
DA:651,0
LF:267
LH:0
BRDA:28,0,0,0
BRDA:28,0,1,0
BRDA:29,1,0,0
BRDA:29,1,1,0
BRDA:29,1,2,0
BRDA:30,2,0,0
BRDA:30,2,1,0
BRDA:71,3,0,0
BRDA:72,4,0,0
BRDA:86,5,0,0
BRDA:86,5,1,0
BRDA:92,6,0,0
BRDA:92,6,1,0
BRDA:98,7,0,0
BRDA:98,7,1,0
BRDA:104,8,0,0
BRDA:104,8,1,0
BRDA:110,9,0,0
BRDA:110,9,1,0
BRDA:116,10,0,0
BRDA:116,10,1,0
BRDA:122,11,0,0
BRDA:122,11,1,0
BRDA:128,12,0,0
BRDA:128,12,1,0
BRDA:135,13,0,0
BRDA:135,13,1,0
BRDA:162,14,0,0
BRDA:162,14,1,0
BRDA:163,15,0,0
BRDA:163,15,1,0
BRDA:176,16,0,0
BRDA:176,16,1,0
BRDA:204,17,0,0
BRDA:209,18,0,0
BRDA:209,18,1,0
BRDA:210,19,0,0
BRDA:210,19,1,0
BRDA:211,20,0,0
BRDA:211,20,1,0
BRDA:211,20,2,0
BRDA:212,21,0,0
BRDA:212,21,1,0
BRDA:212,21,2,0
BRDA:213,22,0,0
BRDA:213,22,1,0
BRDA:214,23,0,0
BRDA:214,23,1,0
BRDA:215,24,0,0
BRDA:215,24,1,0
BRDA:217,25,0,0
BRDA:217,25,1,0
BRDA:217,26,0,0
BRDA:217,26,1,0
BRDA:235,27,0,0
BRDA:235,27,1,0
BRDA:235,28,0,0
BRDA:235,28,1,0
BRDA:235,29,0,0
BRDA:235,29,1,0
BRDA:236,30,0,0
BRDA:236,30,1,0
BRDA:236,31,0,0
BRDA:236,31,1,0
BRDA:244,32,0,0
BRDA:244,32,1,0
BRDA:252,33,0,0
BRDA:252,33,1,0
BRDA:255,34,0,0
BRDA:255,34,1,0
BRDA:258,35,0,0
BRDA:258,35,1,0
BRDA:261,36,0,0
BRDA:261,36,1,0
BRDA:312,37,0,0
BRDA:312,37,1,0
BRDA:313,38,0,0
BRDA:313,38,1,0
BRDA:314,39,0,0
BRDA:314,39,1,0
BRDA:314,40,0,0
BRDA:314,40,1,0
BRDA:315,41,0,0
BRDA:315,41,1,0
BRDA:315,42,0,0
BRDA:315,42,1,0
BRDA:316,43,0,0
BRDA:316,43,1,0
BRDA:317,44,0,0
BRDA:317,44,1,0
BRDA:318,45,0,0
BRDA:318,45,1,0
BRDA:323,46,0,0
BRDA:323,46,1,0
BRDA:324,47,0,0
BRDA:324,47,1,0
BRDA:337,48,0,0
BRDA:337,48,1,0
BRDA:345,49,0,0
BRDA:345,49,1,0
BRDA:351,50,0,0
BRDA:351,50,1,0
BRDA:357,51,0,0
BRDA:357,51,1,0
BRDA:363,52,0,0
BRDA:363,52,1,0
BRDA:369,53,0,0
BRDA:369,53,1,0
BRDA:375,54,0,0
BRDA:375,54,1,0
BRDA:381,55,0,0
BRDA:381,55,1,0
BRDA:387,56,0,0
BRDA:387,56,1,0
BRDA:393,57,0,0
BRDA:393,57,1,0
BRDA:399,58,0,0
BRDA:399,58,1,0
BRDA:405,59,0,0
BRDA:405,59,1,0
BRDA:412,60,0,0
BRDA:412,60,1,0
BRDA:444,61,0,0
BRDA:444,61,1,0
BRDA:445,62,0,0
BRDA:445,62,1,0
BRDA:458,63,0,0
BRDA:458,63,1,0
BRDA:484,64,0,0
BRDA:484,64,1,0
BRDA:485,65,0,0
BRDA:485,65,1,0
BRDA:498,66,0,0
BRDA:498,66,1,0
BRDA:524,67,0,0
BRDA:524,67,1,0
BRDA:525,68,0,0
BRDA:525,68,1,0
BRDA:538,69,0,0
BRDA:538,69,1,0
BRDA:543,70,0,0
BRDA:543,70,1,0
BRDA:568,71,0,0
BRDA:568,71,1,0
BRDA:576,72,0,0
BRDA:576,72,1,0
BRDA:577,73,0,0
BRDA:577,73,1,0
BRDA:588,74,0,0
BRDA:588,74,1,0
BRDA:620,75,0,0
BRDA:620,75,1,0
BRF:152
BRH:0
end_of_record
TN:
SF:src\controllers\aiController.js
FN:29,(anonymous_0)
FN:70,(anonymous_1)
FNF:2
FNH:0
FNDA:0,(anonymous_0)
FNDA:0,(anonymous_1)
DA:16,0
DA:18,0
DA:19,0
DA:20,0
DA:25,0
DA:29,0
DA:30,0
DA:31,0
DA:32,0
DA:35,0
DA:36,0
DA:37,0
DA:40,0
DA:41,0
DA:44,0
DA:45,0
DA:46,0
DA:47,0
DA:48,0
DA:49,0
DA:50,0
DA:51,0
DA:52,0
DA:55,0
DA:64,0
DA:66,0
DA:70,0
DA:71,0
DA:72,0
DA:73,0
DA:76,0
DA:77,0
DA:78,0
DA:81,0
DA:92,0
DA:94,0
LF:36
LH:0
BRDA:18,0,0,0
BRDA:18,0,1,0
BRDA:31,1,0,0
BRDA:31,1,1,0
BRDA:36,2,0,0
BRDA:36,2,1,0
BRDA:36,3,0,0
BRDA:36,3,1,0
BRDA:40,4,0,0
BRDA:40,4,1,0
BRDA:45,5,0,0
BRDA:45,5,1,0
BRDA:47,6,0,0
BRDA:47,6,1,0
BRDA:49,7,0,0
BRDA:49,7,1,0
BRDA:51,8,0,0
BRDA:51,8,1,0
BRDA:72,9,0,0
BRDA:72,9,1,0
BRDA:76,10,0,0
BRDA:77,11,0,0
BRDA:77,11,1,0
BRDA:77,12,0,0
BRDA:77,12,1,0
BRDA:77,12,2,0
BRF:26
BRH:0
end_of_record
TN:
SF:src\controllers\analyticsController.js
FN:25,(anonymous_0)
FN:62,(anonymous_1)
FN:161,(anonymous_2)
FN:205,(anonymous_3)
FN:246,(anonymous_4)
FN:283,(anonymous_5)
FN:321,(anonymous_6)
FNF:7
FNH:0
FNDA:0,(anonymous_0)
FNDA:0,(anonymous_1)
FNDA:0,(anonymous_2)
FNDA:0,(anonymous_3)
FNDA:0,(anonymous_4)
FNDA:0,(anonymous_5)
FNDA:0,(anonymous_6)
DA:19,0
DA:25,0
DA:26,0
DA:27,0
DA:28,0
DA:29,0
DA:33,0
DA:45,0
DA:46,0
DA:49,0
DA:61,0
DA:62,0
DA:65,0
DA:74,0
DA:75,0
DA:78,0
DA:90,0
DA:91,0
DA:94,0
DA:108,0
DA:109,0
DA:112,0
DA:126,0
DA:127,0
DA:129,0
DA:131,0
DA:152,0
DA:153,0
DA:161,0
DA:162,0
DA:163,0
DA:164,0
DA:165,0
DA:167,0
DA:169,0
DA:171,0
DA:184,0
DA:186,0
DA:188,0
DA:196,0
DA:197,0
DA:205,0
DA:206,0
DA:207,0
DA:208,0
DA:209,0
DA:211,0
DA:213,0
DA:228,0
DA:230,0
DA:232,0
DA:237,0
DA:238,0
DA:246,0
DA:247,0
DA:248,0
DA:249,0
DA:250,0
DA:253,0
DA:265,0
DA:267,0
DA:269,0
DA:274,0
DA:275,0
DA:283,0
DA:284,0
DA:285,0
DA:286,0
DA:287,0
DA:290,0
DA:303,0
DA:305,0
DA:307,0
DA:312,0
DA:313,0
DA:321,0
DA:322,0
DA:323,0
DA:324,0
DA:325,0
DA:326,0
DA:330,0
DA:337,0
DA:338,0
DA:341,0
DA:348,0
DA:349,0
DA:351,0
DA:353,0
DA:364,0
DA:365,0
LF:91
LH:0
BRDA:28,0,0,0
BRDA:28,0,1,0
BRDA:46,1,0,0
BRDA:46,1,1,0
BRDA:62,2,0,0
BRDA:62,2,1,0
BRDA:135,3,0,0
BRDA:135,3,1,0
BRDA:136,4,0,0
BRDA:136,4,1,0
BRDA:137,5,0,0
BRDA:137,5,1,0
BRDA:138,6,0,0
BRDA:138,6,1,0
BRDA:139,7,0,0
BRDA:139,7,1,0
BRDA:140,8,0,0
BRDA:140,8,1,0
BRDA:164,9,0,0
BRDA:164,9,1,0
BRDA:167,10,0,0
BRDA:169,11,0,0
BRDA:169,11,1,0
BRDA:208,12,0,0
BRDA:208,12,1,0
BRDA:211,13,0,0
BRDA:249,14,0,0
BRDA:249,14,1,0
BRDA:286,15,0,0
BRDA:286,15,1,0
BRDA:325,16,0,0
BRDA:325,16,1,0
BRDA:338,17,0,0
BRDA:338,18,0,0
BRDA:338,19,0,0
BRDA:338,19,1,0
BRDA:349,20,0,0
BRDA:349,21,0,0
BRDA:349,22,0,0
BRDA:349,22,1,0
BRDA:351,23,0,0
BRDA:351,23,1,0
BRF:42
BRH:0
end_of_record
TN:
SF:src\controllers\authController.js
FN:35,(anonymous_0)
FN:79,(anonymous_1)
FN:225,(anonymous_2)
FN:278,(anonymous_3)
FN:298,(anonymous_4)
FN:310,(anonymous_5)
FN:337,(anonymous_6)
FN:366,(anonymous_7)
FN:412,(anonymous_8)
FNF:9
FNH:0
FNDA:0,(anonymous_0)
FNDA:0,(anonymous_1)
FNDA:0,(anonymous_2)
FNDA:0,(anonymous_3)
FNDA:0,(anonymous_4)
FNDA:0,(anonymous_5)
FNDA:0,(anonymous_6)
FNDA:0,(anonymous_7)
FNDA:0,(anonymous_8)
DA:35,0
DA:36,0
DA:37,0
DA:38,0
DA:39,0
DA:41,0
DA:42,0
DA:44,0
DA:45,0
DA:47,0
DA:54,0
DA:55,0
DA:56,0
DA:58,0
DA:60,0
DA:67,0
DA:68,0
DA:70,0
DA:75,0
DA:79,0
DA:80,0
DA:81,0
DA:82,0
DA:84,0
DA:86,0
DA:96,0
DA:98,0
DA:99,0
DA:100,0
DA:101,0
DA:103,0
DA:104,0
DA:106,0
DA:107,0
DA:109,0
DA:110,0
DA:116,0
DA:117,0
DA:118,0
DA:123,0
DA:127,0
DA:128,0
DA:130,0
DA:131,0
DA:133,0
DA:136,0
DA:137,0
DA:139,0
DA:143,0
DA:144,0
DA:145,0
DA:146,0
DA:148,0
DA:152,0
DA:163,0
DA:164,0
DA:165,0
DA:167,0
DA:168,0
DA:169,0
DA:170,0
DA:172,0
DA:173,0
DA:174,0
DA:175,0
DA:178,0
DA:181,0
DA:187,0
DA:191,0
DA:192,0
DA:193,0
DA:194,0
DA:197,0
DA:200,0
DA:201,0
DA:203,0
DA:205,0
DA:212,0
DA:213,0
DA:215,0
DA:221,0
DA:225,0
DA:226,0
DA:227,0
DA:228,0
DA:231,0
DA:233,0
DA:236,0
DA:241,0
DA:242,0
DA:243,0
DA:246,0
DA:248,0
DA:252,0
DA:254,0
DA:255,0
DA:256,0
DA:257,0
DA:260,0
DA:262,0
DA:269,0
DA:270,0
DA:272,0
DA:274,0
DA:278,0
DA:279,0
DA:280,0
DA:281,0
DA:282,0
DA:284,0
DA:285,0
DA:286,0
DA:288,0
DA:289,0
DA:290,0
DA:292,0
DA:294,0
DA:298,0
DA:299,0
DA:300,0
DA:301,0
DA:302,0
DA:303,0
DA:304,0
DA:306,0
DA:310,0
DA:311,0
DA:312,0
DA:313,0
DA:314,0
DA:315,0
DA:317,0
DA:318,0
DA:319,0
DA:321,0
DA:323,0
DA:331,0
DA:333,0
DA:337,0
DA:338,0
DA:339,0
DA:345,0
DA:346,0
DA:347,0
DA:348,0
DA:349,0
DA:352,0
DA:355,0
DA:356,0
DA:358,0
DA:360,0
DA:362,0
DA:366,0
DA:367,0
DA:368,0
DA:370,0
DA:371,0
DA:374,0
DA:385,0
DA:386,0
DA:387,0
DA:390,0
DA:394,0
DA:396,0
DA:397,0
DA:399,0
DA:401,0
DA:412,0
DA:413,0
DA:414,0
DA:416,0
DA:417,0
DA:421,0
DA:425,0
DA:426,0
DA:429,0
DA:431,0
DA:442,0
DA:444,0
DA:447,0
LF:180
LH:0
BRDA:38,0,0,0
BRDA:38,0,1,0
BRDA:42,1,0,0
BRDA:42,1,1,0
BRDA:44,2,0,0
BRDA:44,2,1,0
BRDA:63,3,0,0
BRDA:63,3,1,0
BRDA:82,4,0,0
BRDA:82,4,1,0
BRDA:82,4,2,0
BRDA:82,4,3,0
BRDA:84,5,0,0
BRDA:84,5,1,0
BRDA:84,6,0,0
BRDA:84,6,1,0
BRDA:96,7,0,0
BRDA:96,7,1,0
BRDA:99,8,0,0
BRDA:99,8,1,0
BRDA:100,9,0,0
BRDA:100,9,1,0
BRDA:100,10,0,0
BRDA:100,10,1,0
BRDA:101,11,0,0
BRDA:101,11,1,0
BRDA:101,12,0,0
BRDA:101,12,1,0
BRDA:104,13,0,0
BRDA:104,13,1,0
BRDA:107,14,0,0
BRDA:107,14,1,0
BRDA:109,15,0,0
BRDA:109,15,1,0
BRDA:109,16,0,0
BRDA:109,16,1,0
BRDA:109,16,2,0
BRDA:116,17,0,0
BRDA:116,17,1,0
BRDA:116,18,0,0
BRDA:116,18,1,0
BRDA:143,19,0,0
BRDA:143,19,1,0
BRDA:163,20,0,0
BRDA:163,20,1,0
BRDA:167,21,0,0
BRDA:167,21,1,0
BRDA:168,22,0,0
BRDA:168,22,1,0
BRDA:169,23,0,0
BRDA:169,23,1,0
BRDA:170,24,0,0
BRDA:170,24,1,0
BRDA:172,25,0,0
BRDA:172,25,1,0
BRDA:172,26,0,0
BRDA:172,26,1,0
BRDA:172,26,2,0
BRDA:174,27,0,0
BRDA:174,27,1,0
BRDA:174,28,0,0
BRDA:174,28,1,0
BRDA:184,29,0,0
BRDA:184,29,1,0
BRDA:194,30,0,0
BRDA:194,30,1,0
BRDA:196,31,0,0
BRDA:196,31,1,0
BRDA:200,32,0,0
BRDA:200,32,1,0
BRDA:200,33,0,0
BRDA:200,33,1,0
BRDA:208,34,0,0
BRDA:208,34,1,0
BRDA:219,35,0,0
BRDA:219,35,1,0
BRDA:227,36,0,0
BRDA:227,36,1,0
BRDA:227,36,2,0
BRDA:228,37,0,0
BRDA:228,37,1,0
BRDA:233,38,0,0
BRDA:233,38,1,0
BRDA:239,39,0,0
BRDA:239,39,1,0
BRDA:252,40,0,0
BRDA:252,40,1,0
BRDA:255,41,0,0
BRDA:255,41,1,0
BRDA:265,42,0,0
BRDA:265,42,1,0
BRDA:282,43,0,0
BRDA:282,43,1,0
BRDA:282,44,0,0
BRDA:282,44,1,0
BRDA:302,45,0,0
BRDA:302,45,1,0
BRDA:303,46,0,0
BRDA:303,46,1,0
BRDA:314,47,0,0
BRDA:314,47,1,0
BRDA:315,48,0,0
BRDA:315,48,1,0
BRDA:317,49,0,0
BRDA:317,49,1,0
BRDA:349,50,0,0
BRDA:349,50,1,0
BRDA:351,51,0,0
BRDA:351,51,1,0
BRDA:355,52,0,0
BRDA:355,52,1,0
BRDA:355,53,0,0
BRDA:355,53,1,0
BRDA:368,54,0,0
BRDA:368,54,1,0
BRDA:368,54,2,0
BRDA:370,55,0,0
BRDA:370,55,1,0
BRDA:386,56,0,0
BRDA:386,56,1,0
BRDA:416,57,0,0
BRDA:416,57,1,0
BRDA:421,58,0,0
BRDA:421,58,1,0
BRDA:421,59,0,0
BRDA:421,59,1,0
BRDA:425,60,0,0
BRDA:425,60,1,0
BRF:128
BRH:0
end_of_record
TN:
SF:src\controllers\backupController.js
FN:24,(anonymous_0)
FN:37,(anonymous_1)
FN:67,(anonymous_2)
FN:76,(anonymous_3)
FN:97,(anonymous_4)
FN:105,(anonymous_5)
FN:126,(anonymous_6)
FN:145,(anonymous_7)
FNF:8
FNH:0
FNDA:0,(anonymous_0)
FNDA:0,(anonymous_1)
FNDA:0,(anonymous_2)
FNDA:0,(anonymous_3)
FNDA:0,(anonymous_4)
FNDA:0,(anonymous_5)
FNDA:0,(anonymous_6)
FNDA:0,(anonymous_7)
DA:20,0
DA:21,0
DA:22,0
DA:24,0
DA:25,0
DA:26,0
DA:27,0
DA:28,0
DA:29,0
DA:31,0
DA:33,0
DA:37,0
DA:38,0
DA:39,0
DA:40,0
DA:46,0
DA:47,0
DA:48,0
DA:53,0
DA:59,0
DA:61,0
DA:63,0
DA:67,0
DA:68,0
DA:69,0
DA:70,0
DA:72,0
DA:76,0
DA:77,0
DA:78,0
DA:80,0
DA:81,0
DA:83,0
DA:84,0
DA:85,0
DA:87,0
DA:97,0
DA:99,0
DA:101,0
DA:105,0
DA:106,0
DA:107,0
DA:108,0
DA:109,0
DA:110,0
DA:113,0
DA:115,0
DA:120,0
DA:122,0
DA:126,0
DA:127,0
DA:128,0
DA:129,0
DA:130,0
DA:131,0
DA:134,0
DA:139,0
DA:141,0
DA:145,0
DA:146,0
DA:147,0
DA:148,0
DA:150,0
DA:152,0
DA:153,0
DA:155,0
DA:156,0
DA:157,0
DA:160,0
DA:164,0
DA:167,0
DA:170,0
DA:171,0
DA:174,0
DA:176,0
DA:177,0
LF:76
LH:0
BRDA:28,0,0,0
BRDA:28,0,1,0
BRDA:42,1,0,0
BRDA:42,1,1,0
BRDA:43,2,0,0
BRDA:43,2,1,0
BRDA:47,3,0,0
BRDA:47,3,1,0
BRDA:72,4,0,0
BRDA:72,4,1,0
BRDA:78,5,0,0
BRDA:78,5,1,0
BRDA:84,6,0,0
BRDA:84,6,1,0
BRDA:84,7,0,0
BRDA:84,7,1,0
BRDA:109,8,0,0
BRDA:109,8,1,0
BRDA:109,9,0,0
BRDA:109,9,1,0
BRDA:109,9,2,0
BRDA:117,10,0,0
BRDA:117,10,1,0
BRDA:130,11,0,0
BRDA:130,11,1,0
BRDA:130,12,0,0
BRDA:130,12,1,0
BRDA:130,12,2,0
BRDA:136,13,0,0
BRDA:136,13,1,0
BRDA:150,14,0,0
BRDA:150,14,1,0
BRDA:153,15,0,0
BRDA:153,15,1,0
BRDA:156,16,0,0
BRDA:156,16,1,0
BRDA:167,17,0,0
BRDA:167,17,1,0
BRDA:170,18,0,0
BRDA:170,18,1,0
BRDA:170,19,0,0
BRDA:170,19,1,0
BRDA:176,20,0,0
BRDA:176,20,1,0
BRDA:176,21,0,0
BRDA:176,21,1,0
BRDA:177,22,0,0
BRDA:177,22,1,0
BRF:48
BRH:0
end_of_record
TN:
SF:src\controllers\bulkActionController.js
FN:14,(anonymous_0)
FNF:1
FNH:0
FNDA:0,(anonymous_0)
DA:14,0
DA:15,0
DA:16,0
DA:17,0
DA:18,0
DA:21,0
DA:22,0
DA:23,0
DA:26,0
DA:29,0
DA:31,0
DA:33,0
DA:34,0
DA:36,0
DA:37,0
DA:39,0
DA:40,0
DA:42,0
DA:45,0
DA:47,0
DA:53,0
LF:21
LH:0
BRDA:17,0,0,0
BRDA:17,0,1,0
BRDA:17,1,0,0
BRDA:17,1,1,0
BRDA:22,2,0,0
BRDA:22,2,1,0
BRDA:26,3,0,0
BRDA:26,3,1,0
BRDA:31,4,0,0
BRDA:31,4,1,0
BRDA:31,4,2,0
BRDA:31,4,3,0
BRF:12
BRH:0
end_of_record
TN:
SF:src\controllers\bulkController.js
FN:19,(anonymous_0)
FN:38,(anonymous_1)
FN:61,(anonymous_2)
FNF:3
FNH:0
FNDA:0,(anonymous_0)
FNDA:0,(anonymous_1)
FNDA:0,(anonymous_2)
DA:19,0
DA:20,0
DA:21,0
DA:22,0
DA:25,0
DA:26,0
DA:27,0
DA:30,0
DA:31,0
DA:32,0
DA:35,0
DA:38,0
DA:39,0
DA:40,0
DA:42,0
DA:43,0
DA:47,0
DA:49,0
DA:50,0
DA:53,0
DA:55,0
DA:57,0
DA:61,0
DA:62,0
DA:63,0
DA:65,0
DA:66,0
DA:70,0
DA:72,0
DA:73,0
DA:76,0
DA:78,0
DA:80,0
LF:33
LH:0
BRDA:21,0,0,0
BRDA:21,0,1,0
BRDA:26,1,0,0
BRDA:26,1,1,0
BRDA:30,2,0,0
BRDA:30,2,1,0
BRDA:31,3,0,0
BRDA:31,3,1,0
BRDA:31,4,0,0
BRDA:31,4,1,0
BRDA:42,5,0,0
BRDA:42,5,1,0
BRDA:42,6,0,0
BRDA:42,6,1,0
BRDA:42,6,2,0
BRDA:42,6,3,0
BRDA:49,7,0,0
BRDA:49,7,1,0
BRDA:65,8,0,0
BRDA:65,8,1,0
BRDA:65,9,0,0
BRDA:65,9,1,0
BRDA:65,9,2,0
BRDA:72,10,0,0
BRDA:72,10,1,0
BRF:25
BRH:0
end_of_record
TN:
SF:src\controllers\bulkDeleteController.js
FN:15,(anonymous_0)
FN:37,(anonymous_1)
FN:61,(anonymous_2)
FN:81,(anonymous_3)
FN:90,(anonymous_4)
FN:110,(anonymous_5)
FN:133,(anonymous_6)
FN:153,(anonymous_7)
FN:177,(anonymous_8)
FN:197,(anonymous_9)
FN:206,(anonymous_10)
FN:226,(anonymous_11)
FN:250,(anonymous_12)
FN:270,(anonymous_13)
FN:323,(anonymous_14)
FN:353,(anonymous_15)
FN:367,(anonymous_16)
FNF:17
FNH:0
FNDA:0,(anonymous_0)
FNDA:0,(anonymous_1)
FNDA:0,(anonymous_2)
FNDA:0,(anonymous_3)
FNDA:0,(anonymous_4)
FNDA:0,(anonymous_5)
FNDA:0,(anonymous_6)
FNDA:0,(anonymous_7)
FNDA:0,(anonymous_8)
FNDA:0,(anonymous_9)
FNDA:0,(anonymous_10)
FNDA:0,(anonymous_11)
FNDA:0,(anonymous_12)
FNDA:0,(anonymous_13)
FNDA:0,(anonymous_14)
FNDA:0,(anonymous_15)
FNDA:0,(anonymous_16)
DA:15,0
DA:16,0
DA:17,0
DA:18,0
DA:19,0
DA:20,0
DA:21,0
DA:22,0
DA:23,0
DA:24,0
DA:27,0
DA:30,0
DA:31,0
DA:34,0
DA:37,0
DA:38,0
DA:39,0
DA:40,0
DA:42,0
DA:43,0
DA:46,0
DA:47,0
DA:52,0
DA:53,0
DA:61,0
DA:62,0
DA:64,0
DA:71,0
DA:77,0
DA:81,0
DA:82,0
DA:83,0
DA:84,0
DA:86,0
DA:87,0
DA:90,0
DA:91,0
DA:93,0
DA:100,0
DA:106,0
DA:110,0
DA:111,0
DA:112,0
DA:113,0
DA:115,0
DA:116,0
DA:119,0
DA:120,0
DA:124,0
DA:125,0
DA:133,0
DA:134,0
DA:136,0
DA:143,0
DA:149,0
DA:153,0
DA:154,0
DA:155,0
DA:156,0
DA:158,0
DA:159,0
DA:162,0
DA:163,0
DA:168,0
DA:169,0
DA:177,0
DA:178,0
DA:180,0
DA:187,0
DA:193,0
DA:197,0
DA:198,0
DA:199,0
DA:200,0
DA:202,0
DA:203,0
DA:206,0
DA:207,0
DA:209,0
DA:216,0
DA:222,0
DA:226,0
DA:227,0
DA:228,0
DA:229,0
DA:231,0
DA:232,0
DA:235,0
DA:236,0
DA:241,0
DA:242,0
DA:250,0
DA:251,0
DA:253,0
DA:260,0
DA:266,0
DA:270,0
DA:271,0
DA:272,0
DA:273,0
DA:274,0
DA:276,0
DA:277,0
DA:280,0
DA:281,0
DA:284,0
DA:285,0
DA:286,0
DA:289,0
DA:290,0
DA:291,0
DA:292,0
DA:296,0
DA:297,0
DA:301,0
DA:302,0
DA:305,0
DA:306,0
DA:311,0
DA:312,0
DA:313,0
DA:314,0
DA:323,0
DA:324,0
DA:328,0
DA:329,0
DA:337,0
DA:343,0
DA:349,0
DA:353,0
DA:354,0
DA:355,0
DA:356,0
DA:358,0
DA:359,0
DA:362,0
DA:363,0
DA:364,0
DA:367,0
DA:368,0
DA:370,0
DA:377,0
DA:383,0
LF:143
LH:0
BRDA:23,0,0,0
BRDA:23,0,1,0
BRDA:30,1,0,0
BRDA:30,1,1,0
BRDA:42,2,0,0
BRDA:42,2,1,0
BRDA:42,3,0,0
BRDA:42,3,1,0
BRDA:46,4,0,0
BRDA:46,4,1,0
BRDA:52,5,0,0
BRDA:52,5,1,0
BRDA:86,6,0,0
BRDA:86,6,1,0
BRDA:86,7,0,0
BRDA:86,7,1,0
BRDA:115,8,0,0
BRDA:115,8,1,0
BRDA:115,9,0,0
BRDA:115,9,1,0
BRDA:119,10,0,0
BRDA:119,10,1,0
BRDA:124,11,0,0
BRDA:124,11,1,0
BRDA:158,12,0,0
BRDA:158,12,1,0
BRDA:158,13,0,0
BRDA:158,13,1,0
BRDA:162,14,0,0
BRDA:162,14,1,0
BRDA:168,15,0,0
BRDA:168,15,1,0
BRDA:202,16,0,0
BRDA:202,16,1,0
BRDA:202,17,0,0
BRDA:202,17,1,0
BRDA:231,18,0,0
BRDA:231,18,1,0
BRDA:231,19,0,0
BRDA:231,19,1,0
BRDA:235,20,0,0
BRDA:235,20,1,0
BRDA:241,21,0,0
BRDA:241,21,1,0
BRDA:276,22,0,0
BRDA:276,22,1,0
BRDA:280,23,0,0
BRDA:280,23,1,0
BRDA:280,24,0,0
BRDA:280,24,1,0
BRDA:285,25,0,0
BRDA:285,25,1,0
BRDA:289,26,0,0
BRDA:289,26,1,0
BRDA:291,27,0,0
BRDA:291,27,1,0
BRDA:296,28,0,0
BRDA:296,28,1,0
BRDA:301,29,0,0
BRDA:301,29,1,0
BRDA:305,30,0,0
BRDA:305,30,1,0
BRDA:311,31,0,0
BRDA:311,31,1,0
BRDA:313,32,0,0
BRDA:313,32,1,0
BRDA:328,33,0,0
BRDA:328,33,1,0
BRDA:358,34,0,0
BRDA:358,34,1,0
BRDA:358,35,0,0
BRDA:358,35,1,0
BRDA:363,36,0,0
BRDA:363,36,1,0
BRF:74
BRH:0
end_of_record
TN:
SF:src\controllers\catalogueController.js
FN:26,(anonymous_0)
FN:70,(anonymous_1)
FN:135,(anonymous_2)
FN:216,(anonymous_3)
FN:278,(anonymous_4)
FN:303,(anonymous_5)
FN:374,(anonymous_6)
FN:398,(anonymous_7)
FN:429,(anonymous_8)
FN:465,(anonymous_9)
FN:507,(anonymous_10)
FN:569,(anonymous_11)
FN:595,(anonymous_12)
FN:617,(anonymous_13)
FNF:14
FNH:0
FNDA:0,(anonymous_0)
FNDA:0,(anonymous_1)
FNDA:0,(anonymous_2)
FNDA:0,(anonymous_3)
FNDA:0,(anonymous_4)
FNDA:0,(anonymous_5)
FNDA:0,(anonymous_6)
FNDA:0,(anonymous_7)
FNDA:0,(anonymous_8)
FNDA:0,(anonymous_9)
FNDA:0,(anonymous_10)
FNDA:0,(anonymous_11)
FNDA:0,(anonymous_12)
FNDA:0,(anonymous_13)
DA:26,0
DA:27,0
DA:29,0
DA:42,0
DA:49,0
DA:56,0
DA:57,0
DA:64,0
DA:65,0
DA:70,0
DA:71,0
DA:73,0
DA:80,0
DA:81,0
DA:84,0
DA:85,0
DA:86,0
DA:88,0
DA:89,0
DA:90,0
DA:91,0
DA:94,0
DA:95,0
DA:96,0
DA:97,0
DA:100,0
DA:101,0
DA:102,0
DA:103,0
DA:106,0
DA:108,0
DA:112,0
DA:114,0
DA:125,0
DA:131,0
DA:135,0
DA:136,0
DA:138,0
DA:140,0
DA:141,0
DA:143,0
DA:144,0
DA:146,0
DA:147,0
DA:148,0
DA:151,0
DA:156,0
DA:157,0
DA:160,0
DA:162,0
DA:164,0
DA:202,0
DA:203,0
DA:206,0
DA:212,0
DA:216,0
DA:217,0
DA:219,0
DA:223,0
DA:226,0
DA:230,0
DA:231,0
DA:235,0
DA:238,0
DA:242,0
DA:243,0
DA:245,0
DA:246,0
DA:248,0
DA:249,0
DA:250,0
DA:253,0
DA:255,0
DA:256,0
DA:257,0
DA:262,0
DA:273,0
DA:277,0
DA:278,0
DA:279,0
DA:280,0
DA:281,0
DA:282,0
DA:288,0
DA:292,0
DA:299,0
DA:303,0
DA:304,0
DA:305,0
DA:308,0
DA:311,0
DA:314,0
DA:315,0
DA:317,0
DA:318,0
DA:319,0
DA:322,0
DA:327,0
DA:328,0
DA:331,0
DA:334,0
DA:335,0
DA:337,0
DA:338,0
DA:339,0
DA:340,0
DA:341,0
DA:344,0
DA:345,0
DA:346,0
DA:347,0
DA:352,0
DA:365,0
DA:368,0
DA:370,0
DA:373,0
DA:374,0
DA:375,0
DA:376,0
DA:377,0
DA:378,0
DA:384,0
DA:388,0
DA:394,0
DA:398,0
DA:399,0
DA:400,0
DA:402,0
DA:403,0
DA:405,0
DA:406,0
DA:407,0
DA:410,0
DA:415,0
DA:416,0
DA:419,0
DA:425,0
DA:429,0
DA:430,0
DA:431,0
DA:433,0
DA:434,0
DA:436,0
DA:437,0
DA:438,0
DA:441,0
DA:446,0
DA:447,0
DA:450,0
DA:455,0
DA:461,0
DA:465,0
DA:466,0
DA:467,0
DA:469,0
DA:470,0
DA:472,0
DA:473,0
DA:474,0
DA:477,0
DA:482,0
DA:483,0
DA:486,0
DA:487,0
DA:489,0
DA:497,0
DA:503,0
DA:507,0
DA:508,0
DA:509,0
DA:510,0
DA:512,0
DA:513,0
DA:516,0
DA:517,0
DA:519,0
DA:520,0
DA:521,0
DA:524,0
DA:529,0
DA:530,0
DA:533,0
DA:534,0
DA:535,0
DA:537,0
DA:538,0
DA:541,0
DA:551,0
DA:554,0
DA:565,0
DA:569,0
DA:570,0
DA:571,0
DA:572,0
DA:574,0
DA:575,0
DA:578,0
DA:579,0
DA:581,0
DA:582,0
DA:583,0
DA:586,0
DA:591,0
DA:592,0
DA:595,0
DA:596,0
DA:603,0
DA:613,0
DA:617,0
DA:618,0
DA:619,0
DA:620,0
DA:622,0
DA:623,0
DA:625,0
DA:626,0
DA:627,0
DA:630,0
DA:635,0
DA:636,0
DA:639,0
DA:648,0
DA:649,0
DA:652,0
DA:658,0
LF:225
LH:0
BRDA:56,0,0,0
BRDA:56,0,1,0
BRDA:64,1,0,0
BRDA:64,1,1,0
BRDA:76,2,0,0
BRDA:77,3,0,0
BRDA:88,4,0,0
BRDA:88,4,1,0
BRDA:94,5,0,0
BRDA:94,5,1,0
BRDA:100,6,0,0
BRDA:100,6,1,0
BRDA:106,7,0,0
BRDA:106,7,1,0
BRDA:141,8,0,0
BRDA:146,9,0,0
BRDA:146,9,1,0
BRDA:156,10,0,0
BRDA:156,10,1,0
BRDA:162,11,0,0
BRDA:162,11,1,0
BRDA:222,12,0,0
BRDA:226,13,0,0
BRDA:226,13,1,0
BRDA:226,14,0,0
BRDA:226,14,1,0
BRDA:228,15,0,0
BRDA:228,15,1,0
BRDA:230,16,0,0
BRDA:230,16,1,0
BRDA:238,17,0,0
BRDA:238,17,1,0
BRDA:239,18,0,0
BRDA:239,18,1,0
BRDA:239,19,0,0
BRDA:239,19,1,0
BRDA:245,20,0,0
BRDA:245,20,1,0
BRDA:246,21,0,0
BRDA:246,21,1,0
BRDA:246,22,0,0
BRDA:246,22,1,0
BRDA:249,23,0,0
BRDA:249,23,1,0
BRDA:253,24,0,0
BRDA:253,24,1,0
BRDA:253,25,0,0
BRDA:253,25,1,0
BRDA:256,26,0,0
BRDA:256,26,1,0
BRDA:268,27,0,0
BRDA:268,27,1,0
BRDA:277,28,0,0
BRDA:277,28,1,0
BRDA:279,29,0,0
BRDA:279,29,1,0
BRDA:279,30,0,0
BRDA:279,30,1,0
BRDA:280,31,0,0
BRDA:280,31,1,0
BRDA:280,32,0,0
BRDA:280,32,1,0
BRDA:281,33,0,0
BRDA:281,33,1,0
BRDA:311,34,0,0
BRDA:311,34,1,0
BRDA:312,35,0,0
BRDA:312,35,1,0
BRDA:312,36,0,0
BRDA:312,36,1,0
BRDA:317,37,0,0
BRDA:317,37,1,0
BRDA:327,38,0,0
BRDA:327,38,1,0
BRDA:337,39,0,0
BRDA:337,39,1,0
BRDA:338,40,0,0
BRDA:338,40,1,0
BRDA:338,41,0,0
BRDA:338,41,1,0
BRDA:340,42,0,0
BRDA:340,42,1,0
BRDA:344,43,0,0
BRDA:344,43,1,0
BRDA:344,44,0,0
BRDA:344,44,1,0
BRDA:346,45,0,0
BRDA:346,45,1,0
BRDA:368,46,0,0
BRDA:368,46,1,0
BRDA:373,47,0,0
BRDA:373,47,1,0
BRDA:375,48,0,0
BRDA:375,48,1,0
BRDA:375,49,0,0
BRDA:375,49,1,0
BRDA:376,50,0,0
BRDA:376,50,1,0
BRDA:376,51,0,0
BRDA:376,51,1,0
BRDA:377,52,0,0
BRDA:377,52,1,0
BRDA:405,53,0,0
BRDA:405,53,1,0
BRDA:415,54,0,0
BRDA:415,54,1,0
BRDA:436,55,0,0
BRDA:436,55,1,0
BRDA:446,56,0,0
BRDA:446,56,1,0
BRDA:472,57,0,0
BRDA:472,57,1,0
BRDA:482,58,0,0
BRDA:482,58,1,0
BRDA:487,59,0,0
BRDA:487,59,1,0
BRDA:512,60,0,0
BRDA:512,60,1,0
BRDA:512,61,0,0
BRDA:512,61,1,0
BRDA:519,62,0,0
BRDA:519,62,1,0
BRDA:519,63,0,0
BRDA:519,63,1,0
BRDA:529,64,0,0
BRDA:529,64,1,0
BRDA:537,65,0,0
BRDA:537,65,1,0
BRDA:548,66,0,0
BRDA:548,66,1,0
BRDA:548,67,0,0
BRDA:548,67,1,0
BRDA:574,68,0,0
BRDA:574,68,1,0
BRDA:574,69,0,0
BRDA:574,69,1,0
BRDA:581,70,0,0
BRDA:581,70,1,0
BRDA:581,71,0,0
BRDA:581,71,1,0
BRDA:591,72,0,0
BRDA:591,72,1,0
BRDA:625,73,0,0
BRDA:625,73,1,0
BRDA:625,74,0,0
BRDA:625,74,1,0
BRDA:635,75,0,0
BRDA:635,75,1,0
BRDA:648,76,0,0
BRDA:648,76,1,0
BRF:150
BRH:0
end_of_record
TN:
SF:src\controllers\certificateController.js
FN:20,(anonymous_0)
FN:89,(anonymous_1)
FN:124,(anonymous_2)
FN:165,(anonymous_3)
FN:296,(anonymous_4)
FN:336,(anonymous_5)
FNF:6
FNH:0
FNDA:0,(anonymous_0)
FNDA:0,(anonymous_1)
FNDA:0,(anonymous_2)
FNDA:0,(anonymous_3)
FNDA:0,(anonymous_4)
FNDA:0,(anonymous_5)
DA:20,0
DA:21,0
DA:28,0
DA:29,0
DA:31,0
DA:32,0
DA:33,0
DA:35,0
DA:36,0
DA:37,0
DA:39,0
DA:40,0
DA:41,0
DA:45,0
DA:46,0
DA:47,0
DA:48,0
DA:51,0
DA:52,0
DA:53,0
DA:54,0
DA:57,0
DA:58,0
DA:59,0
DA:60,0
DA:63,0
DA:65,0
DA:69,0
DA:71,0
DA:79,0
DA:85,0
DA:89,0
DA:90,0
DA:91,0
DA:93,0
DA:94,0
DA:96,0
DA:97,0
DA:98,0
DA:100,0
DA:101,0
DA:105,0
DA:110,0
DA:111,0
DA:114,0
DA:120,0
DA:124,0
DA:125,0
DA:130,0
DA:132,0
DA:136,0
DA:138,0
DA:154,0
DA:161,0
DA:165,0
DA:166,0
DA:167,0
DA:171,0
DA:173,0
DA:174,0
DA:176,0
DA:177,0
DA:178,0
DA:180,0
DA:181,0
DA:185,0
DA:190,0
DA:191,0
DA:194,0
DA:195,0
DA:196,0
DA:198,0
DA:199,0
DA:200,0
DA:201,0
DA:204,0
DA:205,0
DA:206,0
DA:207,0
DA:210,0
DA:211,0
DA:212,0
DA:213,0
DA:216,0
DA:217,0
DA:218,0
DA:219,0
DA:222,0
DA:223,0
DA:224,0
DA:225,0
DA:228,0
DA:229,0
DA:230,0
DA:231,0
DA:234,0
DA:235,0
DA:236,0
DA:237,0
DA:240,0
DA:241,0
DA:242,0
DA:243,0
DA:246,0
DA:247,0
DA:248,0
DA:249,0
DA:252,0
DA:253,0
DA:254,0
DA:255,0
DA:258,0
DA:259,0
DA:260,0
DA:261,0
DA:264,0
DA:265,0
DA:268,0
DA:270,0
DA:271,0
DA:272,0
DA:273,0
DA:275,0
DA:278,0
DA:286,0
DA:292,0
DA:296,0
DA:297,0
DA:298,0
DA:300,0
DA:301,0
DA:303,0
DA:304,0
DA:305,0
DA:307,0
DA:308,0
DA:312,0
DA:317,0
DA:318,0
DA:321,0
DA:326,0
DA:332,0
DA:336,0
DA:337,0
DA:338,0
DA:340,0
DA:341,0
DA:343,0
DA:344,0
DA:345,0
DA:347,0
DA:348,0
DA:352,0
DA:357,0
DA:358,0
DA:361,0
DA:366,0
DA:372,0
LF:158
LH:0
BRDA:23,0,0,0
BRDA:24,1,0,0
BRDA:35,2,0,0
BRDA:35,2,1,0
BRDA:36,3,0,0
BRDA:36,3,1,0
BRDA:45,4,0,0
BRDA:45,4,1,0
BRDA:51,5,0,0
BRDA:51,5,1,0
BRDA:57,6,0,0
BRDA:57,6,1,0
BRDA:63,7,0,0
BRDA:63,7,1,0
BRDA:96,8,0,0
BRDA:96,8,1,0
BRDA:97,9,0,0
BRDA:97,9,1,0
BRDA:110,10,0,0
BRDA:110,10,1,0
BRDA:128,11,0,0
BRDA:129,12,0,0
BRDA:129,13,0,0
BRDA:132,14,0,0
BRDA:132,14,1,0
BRDA:132,15,0,0
BRDA:132,15,1,0
BRDA:146,16,0,0
BRDA:146,16,1,0
BRDA:146,17,0,0
BRDA:146,17,1,0
BRDA:147,18,0,0
BRDA:147,18,1,0
BRDA:147,19,0,0
BRDA:147,19,1,0
BRDA:147,20,0,0
BRDA:147,20,1,0
BRDA:148,21,0,0
BRDA:148,21,1,0
BRDA:148,22,0,0
BRDA:148,22,1,0
BRDA:148,23,0,0
BRDA:148,23,1,0
BRDA:150,24,0,0
BRDA:150,24,1,0
BRDA:176,25,0,0
BRDA:176,25,1,0
BRDA:177,26,0,0
BRDA:177,26,1,0
BRDA:190,27,0,0
BRDA:190,27,1,0
BRDA:198,28,0,0
BRDA:198,28,1,0
BRDA:204,29,0,0
BRDA:204,29,1,0
BRDA:210,30,0,0
BRDA:210,30,1,0
BRDA:216,31,0,0
BRDA:216,31,1,0
BRDA:222,32,0,0
BRDA:222,32,1,0
BRDA:228,33,0,0
BRDA:228,33,1,0
BRDA:234,34,0,0
BRDA:234,34,1,0
BRDA:240,35,0,0
BRDA:240,35,1,0
BRDA:246,36,0,0
BRDA:246,36,1,0
BRDA:252,37,0,0
BRDA:252,37,1,0
BRDA:258,38,0,0
BRDA:258,38,1,0
BRDA:264,39,0,0
BRDA:264,39,1,0
BRDA:271,40,0,0
BRDA:271,40,1,0
BRDA:303,41,0,0
BRDA:303,41,1,0
BRDA:304,42,0,0
BRDA:304,42,1,0
BRDA:317,43,0,0
BRDA:317,43,1,0
BRDA:343,44,0,0
BRDA:343,44,1,0
BRDA:344,45,0,0
BRDA:344,45,1,0
BRDA:357,46,0,0
BRDA:357,46,1,0
BRF:89
BRH:0
end_of_record
TN:
SF:src\controllers\clientController.js
FN:25,(anonymous_0)
FN:123,(anonymous_1)
FN:150,(anonymous_2)
FN:212,(anonymous_3)
FN:265,(anonymous_4)
FN:281,(anonymous_5)
FN:486,(anonymous_6)
FN:501,(anonymous_7)
FN:570,(anonymous_8)
FN:600,(anonymous_9)
FN:645,(anonymous_10)
FNF:11
FNH:0
FNDA:0,(anonymous_0)
FNDA:0,(anonymous_1)
FNDA:0,(anonymous_2)
FNDA:0,(anonymous_3)
FNDA:0,(anonymous_4)
FNDA:0,(anonymous_5)
FNDA:0,(anonymous_6)
FNDA:0,(anonymous_7)
FNDA:0,(anonymous_8)
FNDA:0,(anonymous_9)
FNDA:0,(anonymous_10)
DA:25,0
DA:26,0
DA:34,0
DA:35,0
DA:39,0
DA:40,0
DA:47,0
DA:48,0
DA:49,0
DA:51,0
DA:52,0
DA:53,0
DA:55,0
DA:56,0
DA:57,0
DA:61,0
DA:62,0
DA:63,0
DA:64,0
DA:67,0
DA:68,0
DA:69,0
DA:70,0
DA:73,0
DA:74,0
DA:75,0
DA:76,0
DA:79,0
DA:80,0
DA:81,0
DA:82,0
DA:86,0
DA:87,0
DA:90,0
DA:93,0
DA:94,0
DA:95,0
DA:99,0
DA:100,0
DA:102,0
DA:103,0
DA:105,0
DA:108,0
DA:123,0
DA:136,0
DA:142,0
DA:143,0
DA:144,0
DA:146,0
DA:150,0
DA:151,0
DA:152,0
DA:154,0
DA:155,0
DA:157,0
DA:158,0
DA:159,0
DA:161,0
DA:162,0
DA:167,0
DA:168,0
DA:169,0
DA:173,0
DA:185,0
DA:186,0
DA:189,0
DA:190,0
DA:191,0
DA:192,0
DA:193,0
DA:194,0
DA:195,0
DA:196,0
DA:197,0
DA:198,0
DA:199,0
DA:200,0
DA:202,0
DA:208,0
DA:212,0
DA:213,0
DA:214,0
DA:221,0
DA:224,0
DA:226,0
DA:227,0
DA:228,0
DA:231,0
DA:235,0
DA:237,0
DA:258,0
DA:261,0
DA:265,0
DA:267,0
DA:274,0
DA:275,0
DA:277,0
DA:281,0
DA:282,0
DA:283,0
DA:284,0
DA:291,0
DA:293,0
DA:295,0
DA:296,0
DA:298,0
DA:299,0
DA:300,0
DA:302,0
DA:303,0
DA:307,0
DA:312,0
DA:313,0
DA:314,0
DA:317,0
DA:318,0
DA:319,0
DA:321,0
DA:322,0
DA:323,0
DA:324,0
DA:327,0
DA:328,0
DA:329,0
DA:330,0
DA:333,0
DA:334,0
DA:335,0
DA:336,0
DA:339,0
DA:340,0
DA:341,0
DA:342,0
DA:345,0
DA:346,0
DA:347,0
DA:348,0
DA:351,0
DA:352,0
DA:353,0
DA:354,0
DA:357,0
DA:358,0
DA:359,0
DA:360,0
DA:363,0
DA:364,0
DA:365,0
DA:366,0
DA:369,0
DA:370,0
DA:371,0
DA:372,0
DA:375,0
DA:376,0
DA:377,0
DA:378,0
DA:381,0
DA:382,0
DA:383,0
DA:384,0
DA:387,0
DA:388,0
DA:389,0
DA:390,0
DA:393,0
DA:394,0
DA:395,0
DA:396,0
DA:399,0
DA:400,0
DA:401,0
DA:402,0
DA:405,0
DA:406,0
DA:407,0
DA:408,0
DA:411,0
DA:412,0
DA:413,0
DA:414,0
DA:417,0
DA:418,0
DA:419,0
DA:420,0
DA:423,0
DA:424,0
DA:425,0
DA:426,0
DA:429,0
DA:430,0
DA:431,0
DA:432,0
DA:435,0
DA:436,0
DA:437,0
DA:438,0
DA:441,0
DA:442,0
DA:443,0
DA:444,0
DA:447,0
DA:448,0
DA:449,0
DA:450,0
DA:453,0
DA:454,0
DA:455,0
DA:456,0
DA:459,0
DA:460,0
DA:461,0
DA:464,0
DA:466,0
DA:467,0
DA:468,0
DA:469,0
DA:471,0
DA:479,0
DA:482,0
DA:486,0
DA:488,0
DA:494,0
DA:495,0
DA:497,0
DA:501,0
DA:502,0
DA:503,0
DA:504,0
DA:505,0
DA:507,0
DA:509,0
DA:510,0
DA:512,0
DA:513,0
DA:514,0
DA:516,0
DA:517,0
DA:521,0
DA:526,0
DA:527,0
DA:528,0
DA:531,0
DA:532,0
DA:534,0
DA:538,0
DA:539,0
DA:542,0
DA:543,0
DA:547,0
DA:548,0
DA:551,0
DA:554,0
DA:555,0
DA:559,0
DA:560,0
DA:563,0
DA:566,0
DA:567,0
DA:568,0
DA:570,0
DA:576,0
DA:577,0
DA:585,0
DA:587,0
DA:593,0
DA:594,0
DA:596,0
DA:600,0
DA:601,0
DA:602,0
DA:603,0
DA:605,0
DA:607,0
DA:608,0
DA:610,0
DA:611,0
DA:612,0
DA:615,0
DA:620,0
DA:621,0
DA:622,0
DA:625,0
DA:630,0
DA:632,0
DA:638,0
DA:639,0
DA:641,0
DA:645,0
DA:646,0
DA:647,0
DA:648,0
DA:650,0
DA:652,0
DA:653,0
DA:655,0
DA:656,0
DA:657,0
DA:660,0
DA:665,0
DA:666,0
DA:667,0
DA:670,0
DA:671,0
DA:673,0
DA:674,0
DA:682,0
DA:684,0
DA:690,0
DA:691,0
DA:693,0
LF:311
LH:0
BRDA:28,0,0,0
BRDA:29,1,0,0
BRDA:39,2,0,0
BRDA:39,2,1,0
BRDA:51,3,0,0
BRDA:51,3,1,0
BRDA:52,4,0,0
BRDA:52,4,1,0
BRDA:61,5,0,0
BRDA:61,5,1,0
BRDA:67,6,0,0
BRDA:67,6,1,0
BRDA:73,7,0,0
BRDA:73,7,1,0
BRDA:79,8,0,0
BRDA:79,8,1,0
BRDA:86,9,0,0
BRDA:86,9,1,0
BRDA:90,10,0,0
BRDA:90,10,1,0
BRDA:100,11,0,0
BRDA:100,11,1,0
BRDA:102,12,0,0
BRDA:102,12,1,0
BRDA:125,13,0,0
BRDA:125,13,1,0
BRDA:126,14,0,0
BRDA:126,14,1,0
BRDA:133,15,0,0
BRDA:133,15,1,0
BRDA:133,16,0,0
BRDA:133,16,1,0
BRDA:143,17,0,0
BRDA:143,17,1,0
BRDA:143,18,0,0
BRDA:143,18,1,0
BRDA:144,19,0,0
BRDA:144,19,1,0
BRDA:144,20,0,0
BRDA:144,20,1,0
BRDA:157,21,0,0
BRDA:157,21,1,0
BRDA:158,22,0,0
BRDA:158,22,1,0
BRDA:167,23,0,0
BRDA:167,23,1,0
BRDA:168,24,0,0
BRDA:168,24,1,0
BRDA:168,25,0,0
BRDA:168,25,1,0
BRDA:185,26,0,0
BRDA:185,26,1,0
BRDA:190,27,0,0
BRDA:190,27,1,0
BRDA:191,28,0,0
BRDA:191,28,1,0
BRDA:192,29,0,0
BRDA:192,29,1,0
BRDA:193,30,0,0
BRDA:193,30,1,0
BRDA:200,31,0,0
BRDA:200,31,1,0
BRDA:200,32,0,0
BRDA:200,32,1,0
BRDA:217,33,0,0
BRDA:217,34,0,0
BRDA:218,35,0,0
BRDA:219,36,0,0
BRDA:219,37,0,0
BRDA:226,38,0,0
BRDA:226,38,1,0
BRDA:249,39,0,0
BRDA:249,39,1,0
BRDA:249,40,0,0
BRDA:249,40,1,0
BRDA:250,41,0,0
BRDA:250,41,1,0
BRDA:252,42,0,0
BRDA:252,42,1,0
BRDA:252,43,0,0
BRDA:252,43,1,0
BRDA:298,44,0,0
BRDA:298,44,1,0
BRDA:299,45,0,0
BRDA:299,45,1,0
BRDA:312,46,0,0
BRDA:312,46,1,0
BRDA:321,47,0,0
BRDA:321,47,1,0
BRDA:327,48,0,0
BRDA:327,48,1,0
BRDA:333,49,0,0
BRDA:333,49,1,0
BRDA:339,50,0,0
BRDA:339,50,1,0
BRDA:345,51,0,0
BRDA:345,51,1,0
BRDA:351,52,0,0
BRDA:351,52,1,0
BRDA:357,53,0,0
BRDA:357,53,1,0
BRDA:363,54,0,0
BRDA:363,54,1,0
BRDA:369,55,0,0
BRDA:369,55,1,0
BRDA:375,56,0,0
BRDA:375,56,1,0
BRDA:381,57,0,0
BRDA:381,57,1,0
BRDA:387,58,0,0
BRDA:387,58,1,0
BRDA:393,59,0,0
BRDA:393,59,1,0
BRDA:399,60,0,0
BRDA:399,60,1,0
BRDA:405,61,0,0
BRDA:405,61,1,0
BRDA:411,62,0,0
BRDA:411,62,1,0
BRDA:417,63,0,0
BRDA:417,63,1,0
BRDA:423,64,0,0
BRDA:423,64,1,0
BRDA:429,65,0,0
BRDA:429,65,1,0
BRDA:435,66,0,0
BRDA:435,66,1,0
BRDA:437,67,0,0
BRDA:437,67,1,0
BRDA:441,68,0,0
BRDA:441,68,1,0
BRDA:447,69,0,0
BRDA:447,69,1,0
BRDA:453,70,0,0
BRDA:453,70,1,0
BRDA:455,71,0,0
BRDA:455,71,1,0
BRDA:459,72,0,0
BRDA:459,72,1,0
BRDA:512,73,0,0
BRDA:512,73,1,0
BRDA:513,74,0,0
BRDA:513,74,1,0
BRDA:526,75,0,0
BRDA:526,75,1,0
BRDA:538,76,0,0
BRDA:538,76,1,0
BRDA:547,77,0,0
BRDA:547,77,1,0
BRDA:559,78,0,0
BRDA:559,78,1,0
BRDA:566,79,0,0
BRDA:566,79,1,0
BRDA:566,80,0,0
BRDA:566,80,1,0
BRDA:610,81,0,0
BRDA:610,81,1,0
BRDA:620,82,0,0
BRDA:620,82,1,0
BRDA:655,83,0,0
BRDA:655,83,1,0
BRDA:665,84,0,0
BRDA:665,84,1,0
BRDA:671,85,0,0
BRDA:671,85,1,0
BRF:165
BRH:0
end_of_record
TN:
SF:src\controllers\clientOrderController.js
FN:47,(anonymous_0)
FN:51,(anonymous_1)
FN:140,(anonymous_2)
FN:188,(anonymous_3)
FN:249,(anonymous_4)
FN:301,(anonymous_5)
FN:346,(anonymous_6)
FN:364,(anonymous_7)
FNF:8
FNH:0
FNDA:0,(anonymous_0)
FNDA:0,(anonymous_1)
FNDA:0,(anonymous_2)
FNDA:0,(anonymous_3)
FNDA:0,(anonymous_4)
FNDA:0,(anonymous_5)
FNDA:0,(anonymous_6)
FNDA:0,(anonymous_7)
DA:21,0
DA:47,0
DA:51,0
DA:52,0
DA:54,0
DA:56,0
DA:57,0
DA:59,0
DA:60,0
DA:61,0
DA:63,0
DA:64,0
DA:65,0
DA:66,0
DA:67,0
DA:70,0
DA:71,0
DA:72,0
DA:73,0
DA:77,0
DA:79,0
DA:80,0
DA:86,0
DA:87,0
DA:88,0
DA:91,0
DA:92,0
DA:93,0
DA:94,0
DA:97,0
DA:98,0
DA:99,0
DA:100,0
DA:102,0
DA:105,0
DA:107,0
DA:111,0
DA:113,0
DA:114,0
DA:121,0
DA:130,0
DA:136,0
DA:140,0
DA:141,0
DA:143,0
DA:145,0
DA:147,0
DA:148,0
DA:150,0
DA:151,0
DA:152,0
DA:153,0
DA:155,0
DA:156,0
DA:157,0
DA:161,0
DA:162,0
DA:163,0
DA:165,0
DA:166,0
DA:169,0
DA:174,0
DA:175,0
DA:178,0
DA:184,0
DA:188,0
DA:189,0
DA:190,0
DA:191,0
DA:192,0
DA:194,0
DA:195,0
DA:197,0
DA:198,0
DA:199,0
DA:200,0
DA:202,0
DA:203,0
DA:204,0
DA:208,0
DA:209,0
DA:210,0
DA:214,0
DA:216,0
DA:220,0
DA:222,0
DA:223,0
DA:230,0
DA:239,0
DA:245,0
DA:249,0
DA:250,0
DA:252,0
DA:258,0
DA:260,0
DA:262,0
DA:263,0
DA:267,0
DA:268,0
DA:269,0
DA:270,0
DA:271,0
DA:272,0
DA:276,0
DA:277,0
DA:280,0
DA:294,0
DA:296,0
DA:297,0
DA:301,0
DA:302,0
DA:303,0
DA:308,0
DA:310,0
DA:336,0
DA:337,0
DA:340,0
DA:342,0
DA:346,0
DA:347,0
DA:348,0
DA:349,0
DA:354,0
DA:355,0
DA:358,0
DA:360,0
DA:364,0
DA:365,0
DA:366,0
DA:367,0
DA:369,0
DA:374,0
DA:375,0
DA:378,0
DA:380,0
LF:135
LH:0
BRDA:56,0,0,0
BRDA:56,1,0,0
BRDA:63,2,0,0
BRDA:63,2,1,0
BRDA:64,3,0,0
BRDA:64,3,1,0
BRDA:70,4,0,0
BRDA:70,4,1,0
BRDA:77,5,0,0
BRDA:77,5,1,0
BRDA:79,6,0,0
BRDA:79,6,1,0
BRDA:91,7,0,0
BRDA:91,7,1,0
BRDA:97,8,0,0
BRDA:97,8,1,0
BRDA:105,9,0,0
BRDA:105,9,1,0
BRDA:111,10,0,0
BRDA:111,10,1,0
BRDA:113,11,0,0
BRDA:113,11,1,0
BRDA:150,12,0,0
BRDA:150,12,1,0
BRDA:151,13,0,0
BRDA:151,13,1,0
BRDA:155,14,0,0
BRDA:155,14,1,0
BRDA:161,15,0,0
BRDA:161,15,1,0
BRDA:162,16,0,0
BRDA:162,16,1,0
BRDA:174,17,0,0
BRDA:174,17,1,0
BRDA:191,18,0,0
BRDA:191,19,0,0
BRDA:197,20,0,0
BRDA:197,20,1,0
BRDA:198,21,0,0
BRDA:198,21,1,0
BRDA:202,22,0,0
BRDA:202,22,1,0
BRDA:208,23,0,0
BRDA:208,23,1,0
BRDA:209,24,0,0
BRDA:209,24,1,0
BRDA:209,25,0,0
BRDA:209,25,1,0
BRDA:220,26,0,0
BRDA:220,26,1,0
BRDA:222,27,0,0
BRDA:222,27,1,0
BRDA:260,28,0,0
BRDA:260,28,1,0
BRDA:260,28,2,0
BRDA:262,29,0,0
BRDA:262,29,1,0
BRDA:268,30,0,0
BRDA:268,30,1,0
BRDA:276,31,0,0
BRDA:276,31,1,0
BRDA:288,32,0,0
BRDA:288,32,1,0
BRDA:288,33,0,0
BRDA:288,33,1,0
BRDA:288,34,0,0
BRDA:288,34,1,0
BRDA:288,35,0,0
BRDA:288,35,1,0
BRDA:289,36,0,0
BRDA:289,36,1,0
BRDA:289,37,0,0
BRDA:289,37,1,0
BRDA:289,38,0,0
BRDA:289,38,1,0
BRDA:289,39,0,0
BRDA:289,39,1,0
BRDA:290,40,0,0
BRDA:290,40,1,0
BRDA:290,41,0,0
BRDA:290,41,1,0
BRDA:290,42,0,0
BRDA:290,42,1,0
BRDA:290,43,0,0
BRDA:290,43,1,0
BRDA:290,44,0,0
BRDA:290,44,1,0
BRDA:331,45,0,0
BRDA:331,45,1,0
BRDA:336,46,0,0
BRDA:336,46,1,0
BRDA:354,47,0,0
BRDA:354,47,1,0
BRDA:374,48,0,0
BRDA:374,48,1,0
BRF:95
BRH:0
end_of_record
TN:
SF:src\controllers\companyController.js
FN:39,(anonymous_0)
FN:127,(anonymous_1)
FN:252,(anonymous_2)
FN:358,(anonymous_3)
FN:473,(anonymous_4)
FN:487,(anonymous_5)
FN:501,(anonymous_6)
FN:515,(anonymous_7)
FN:541,(anonymous_8)
FN:612,(anonymous_9)
FN:614,(anonymous_10)
FN:623,(anonymous_11)
FNF:12
FNH:0
FNDA:0,(anonymous_0)
FNDA:0,(anonymous_1)
FNDA:0,(anonymous_2)
FNDA:0,(anonymous_3)
FNDA:0,(anonymous_4)
FNDA:0,(anonymous_5)
FNDA:0,(anonymous_6)
FNDA:0,(anonymous_7)
FNDA:0,(anonymous_8)
FNDA:0,(anonymous_9)
FNDA:0,(anonymous_10)
FNDA:0,(anonymous_11)
DA:21,0
DA:22,0
DA:39,0
DA:40,0
DA:41,0
DA:42,0
DA:43,0
DA:45,0
DA:47,0
DA:48,0
DA:49,0
DA:51,0
DA:52,0
DA:53,0
DA:54,0
DA:57,0
DA:58,0
DA:59,0
DA:60,0
DA:63,0
DA:65,0
DA:69,0
DA:70,0
DA:72,0
DA:108,0
DA:109,0
DA:110,0
DA:116,0
DA:122,0
DA:123,0
DA:127,0
DA:128,0
DA:129,0
DA:130,0
DA:131,0
DA:133,0
DA:134,0
DA:135,0
DA:138,0
DA:146,0
DA:147,0
DA:148,0
DA:151,0
DA:154,0
DA:155,0
DA:156,0
DA:159,0
DA:160,0
DA:161,0
DA:164,0
DA:165,0
DA:168,0
DA:169,0
DA:172,0
DA:173,0
DA:175,0
DA:181,0
DA:186,0
DA:187,0
DA:203,0
DA:205,0
DA:206,0
DA:209,0
DA:210,0
DA:214,0
DA:216,0
DA:217,0
DA:220,0
DA:221,0
DA:225,0
DA:226,0
DA:227,0
DA:230,0
DA:233,0
DA:234,0
DA:235,0
DA:241,0
DA:247,0
DA:248,0
DA:252,0
DA:253,0
DA:254,0
DA:255,0
DA:287,0
DA:289,0
DA:290,0
DA:292,0
DA:293,0
DA:294,0
DA:296,0
DA:318,0
DA:320,0
DA:321,0
DA:322,0
DA:327,0
DA:333,0
DA:343,0
DA:344,0
DA:346,0
DA:349,0
DA:350,0
DA:351,0
DA:353,0
DA:354,0
DA:358,0
DA:359,0
DA:360,0
DA:361,0
DA:363,0
DA:364,0
DA:373,0
DA:375,0
DA:376,0
DA:377,0
DA:380,0
DA:381,0
DA:382,0
DA:383,0
DA:384,0
DA:385,0
DA:387,0
DA:388,0
DA:389,0
DA:390,0
DA:391,0
DA:392,0
DA:393,0
DA:394,0
DA:395,0
DA:396,0
DA:397,0
DA:398,0
DA:399,0
DA:400,0
DA:401,0
DA:402,0
DA:403,0
DA:404,0
DA:405,0
DA:406,0
DA:407,0
DA:408,0
DA:409,0
DA:410,0
DA:411,0
DA:412,0
DA:414,0
DA:415,0
DA:416,0
DA:417,0
DA:419,0
DA:420,0
DA:421,0
DA:422,0
DA:423,0
DA:426,0
DA:427,0
DA:428,0
DA:435,0
DA:436,0
DA:437,0
DA:438,0
DA:439,0
DA:440,0
DA:443,0
DA:445,0
DA:448,0
DA:449,0
DA:450,0
DA:459,0
DA:460,0
DA:462,0
DA:463,0
DA:465,0
DA:468,0
DA:469,0
DA:473,0
DA:474,0
DA:475,0
DA:476,0
DA:477,0
DA:479,0
DA:480,0
DA:481,0
DA:483,0
DA:487,0
DA:488,0
DA:489,0
DA:490,0
DA:491,0
DA:493,0
DA:494,0
DA:495,0
DA:497,0
DA:501,0
DA:502,0
DA:503,0
DA:504,0
DA:505,0
DA:507,0
DA:508,0
DA:509,0
DA:511,0
DA:515,0
DA:516,0
DA:517,0
DA:527,0
DA:537,0
DA:541,0
DA:542,0
DA:543,0
DA:545,0
DA:547,0
DA:548,0
DA:549,0
DA:550,0
DA:551,0
DA:553,0
DA:564,0
DA:569,0
DA:570,0
DA:576,0
DA:577,0
DA:578,0
DA:579,0
DA:583,0
DA:584,0
DA:588,0
DA:589,0
DA:590,0
DA:597,0
DA:598,0
DA:600,0
DA:601,0
DA:603,0
DA:606,0
DA:607,0
DA:608,0
DA:612,0
DA:614,0
DA:615,0
DA:616,0
DA:617,0
DA:619,0
DA:623,0
DA:624,0
DA:625,0
DA:626,0
DA:627,0
DA:629,0
DA:630,0
DA:631,0
DA:633,0
DA:636,0
DA:637,0
DA:638,0
DA:645,0
DA:646,0
DA:648,0
DA:649,0
DA:651,0
DA:654,0
LF:262
LH:0
BRDA:42,0,0,0
BRDA:42,1,0,0
BRDA:51,2,0,0
BRDA:51,2,1,0
BRDA:57,3,0,0
BRDA:57,3,1,0
BRDA:63,4,0,0
BRDA:63,4,1,0
BRDA:70,5,0,0
BRDA:70,5,1,0
BRDA:133,6,0,0
BRDA:133,6,1,0
BRDA:133,7,0,0
BRDA:133,7,1,0
BRDA:146,8,0,0
BRDA:146,8,1,0
BRDA:159,9,0,0
BRDA:159,9,1,0
BRDA:165,10,0,0
BRDA:165,10,1,0
BRDA:169,11,0,0
BRDA:169,11,1,0
BRDA:173,12,0,0
BRDA:173,12,1,0
BRDA:203,13,0,0
BRDA:203,13,1,0
BRDA:214,14,0,0
BRDA:214,14,1,0
BRDA:225,15,0,0
BRDA:225,15,1,0
BRDA:284,16,0,0
BRDA:285,17,0,0
BRDA:286,18,0,0
BRDA:349,19,0,0
BRDA:349,19,1,0
BRDA:363,20,0,0
BRDA:363,20,1,0
BRDA:364,21,0,0
BRDA:364,21,1,0
BRDA:376,22,0,0
BRDA:376,22,1,0
BRDA:387,23,0,0
BRDA:387,23,1,0
BRDA:388,24,0,0
BRDA:388,24,1,0
BRDA:389,25,0,0
BRDA:389,25,1,0
BRDA:390,26,0,0
BRDA:390,26,1,0
BRDA:391,27,0,0
BRDA:391,27,1,0
BRDA:392,28,0,0
BRDA:392,28,1,0
BRDA:393,29,0,0
BRDA:393,29,1,0
BRDA:394,30,0,0
BRDA:394,30,1,0
BRDA:395,31,0,0
BRDA:395,31,1,0
BRDA:396,32,0,0
BRDA:396,32,1,0
BRDA:397,33,0,0
BRDA:397,33,1,0
BRDA:398,34,0,0
BRDA:398,34,1,0
BRDA:399,35,0,0
BRDA:399,35,1,0
BRDA:400,36,0,0
BRDA:400,36,1,0
BRDA:401,37,0,0
BRDA:401,37,1,0
BRDA:402,38,0,0
BRDA:402,38,1,0
BRDA:403,39,0,0
BRDA:403,39,1,0
BRDA:404,40,0,0
BRDA:404,40,1,0
BRDA:405,41,0,0
BRDA:405,41,1,0
BRDA:406,42,0,0
BRDA:406,42,1,0
BRDA:407,43,0,0
BRDA:407,43,1,0
BRDA:408,44,0,0
BRDA:408,44,1,0
BRDA:409,45,0,0
BRDA:409,45,1,0
BRDA:410,46,0,0
BRDA:410,46,1,0
BRDA:411,47,0,0
BRDA:411,47,1,0
BRDA:412,48,0,0
BRDA:412,48,1,0
BRDA:414,49,0,0
BRDA:414,49,1,0
BRDA:414,50,0,0
BRDA:414,50,1,0
BRDA:414,50,2,0
BRDA:419,51,0,0
BRDA:419,51,1,0
BRDA:420,52,0,0
BRDA:420,52,1,0
BRDA:421,53,0,0
BRDA:421,53,1,0
BRDA:421,54,0,0
BRDA:421,54,1,0
BRDA:426,55,0,0
BRDA:426,55,1,0
BRDA:436,56,0,0
BRDA:436,56,1,0
BRDA:443,57,0,0
BRDA:443,57,1,0
BRDA:443,58,0,0
BRDA:443,58,1,0
BRDA:449,59,0,0
BRDA:449,59,1,0
BRDA:468,60,0,0
BRDA:468,60,1,0
BRDA:476,61,0,0
BRDA:476,61,1,0
BRDA:476,62,0,0
BRDA:476,62,1,0
BRDA:480,63,0,0
BRDA:480,63,1,0
BRDA:490,64,0,0
BRDA:490,64,1,0
BRDA:490,65,0,0
BRDA:490,65,1,0
BRDA:494,66,0,0
BRDA:494,66,1,0
BRDA:505,67,0,0
BRDA:505,67,1,0
BRDA:507,68,0,0
BRDA:507,68,1,0
BRDA:543,69,0,0
BRDA:545,70,0,0
BRDA:545,70,1,0
BRDA:545,71,0,0
BRDA:545,71,1,0
BRDA:545,71,2,0
BRDA:573,72,0,0
BRDA:573,72,1,0
BRDA:576,73,0,0
BRDA:576,73,1,0
BRDA:589,74,0,0
BRDA:589,74,1,0
BRDA:607,75,0,0
BRDA:607,75,1,0
BRDA:627,76,0,0
BRDA:627,76,1,0
BRDA:637,77,0,0
BRDA:637,77,1,0
BRF:152
BRH:0
end_of_record
TN:
SF:src\controllers\customsClearanceController.js
FN:20,(anonymous_0)
FN:82,(anonymous_1)
FN:117,(anonymous_2)
FN:155,(anonymous_3)
FN:268,(anonymous_4)
FN:308,(anonymous_5)
FNF:6
FNH:0
FNDA:0,(anonymous_0)
FNDA:0,(anonymous_1)
FNDA:0,(anonymous_2)
FNDA:0,(anonymous_3)
FNDA:0,(anonymous_4)
FNDA:0,(anonymous_5)
DA:20,0
DA:21,0
DA:27,0
DA:28,0
DA:30,0
DA:31,0
DA:32,0
DA:34,0
DA:35,0
DA:36,0
DA:38,0
DA:39,0
DA:40,0
DA:44,0
DA:45,0
DA:46,0
DA:47,0
DA:50,0
DA:51,0
DA:52,0
DA:53,0
DA:56,0
DA:58,0
DA:62,0
DA:64,0
DA:72,0
DA:78,0
DA:82,0
DA:83,0
DA:84,0
DA:86,0
DA:87,0
DA:89,0
DA:90,0
DA:91,0
DA:93,0
DA:94,0
DA:98,0
DA:103,0
DA:104,0
DA:107,0
DA:113,0
DA:117,0
DA:118,0
DA:122,0
DA:124,0
DA:128,0
DA:130,0
DA:144,0
DA:151,0
DA:155,0
DA:156,0
DA:157,0
DA:161,0
DA:163,0
DA:164,0
DA:166,0
DA:167,0
DA:168,0
DA:170,0
DA:171,0
DA:175,0
DA:180,0
DA:181,0
DA:184,0
DA:185,0
DA:186,0
DA:188,0
DA:189,0
DA:190,0
DA:191,0
DA:194,0
DA:195,0
DA:196,0
DA:197,0
DA:200,0
DA:201,0
DA:202,0
DA:203,0
DA:206,0
DA:207,0
DA:208,0
DA:209,0
DA:212,0
DA:213,0
DA:214,0
DA:215,0
DA:218,0
DA:219,0
DA:220,0
DA:221,0
DA:224,0
DA:225,0
DA:226,0
DA:227,0
DA:230,0
DA:231,0
DA:232,0
DA:233,0
DA:236,0
DA:237,0
DA:240,0
DA:242,0
DA:243,0
DA:244,0
DA:245,0
DA:247,0
DA:250,0
DA:258,0
DA:264,0
DA:268,0
DA:269,0
DA:270,0
DA:272,0
DA:273,0
DA:275,0
DA:276,0
DA:277,0
DA:279,0
DA:280,0
DA:284,0
DA:289,0
DA:290,0
DA:293,0
DA:298,0
DA:304,0
DA:308,0
DA:309,0
DA:310,0
DA:312,0
DA:313,0
DA:315,0
DA:316,0
DA:317,0
DA:319,0
DA:320,0
DA:324,0
DA:329,0
DA:330,0
DA:333,0
DA:338,0
DA:344,0
LF:142
LH:0
BRDA:23,0,0,0
BRDA:24,1,0,0
BRDA:34,2,0,0
BRDA:34,2,1,0
BRDA:35,3,0,0
BRDA:35,3,1,0
BRDA:44,4,0,0
BRDA:44,4,1,0
BRDA:50,5,0,0
BRDA:50,5,1,0
BRDA:56,6,0,0
BRDA:56,6,1,0
BRDA:89,7,0,0
BRDA:89,7,1,0
BRDA:90,8,0,0
BRDA:90,8,1,0
BRDA:103,9,0,0
BRDA:103,9,1,0
BRDA:121,10,0,0
BRDA:121,11,0,0
BRDA:124,12,0,0
BRDA:124,12,1,0
BRDA:124,13,0,0
BRDA:124,13,1,0
BRDA:137,14,0,0
BRDA:137,14,1,0
BRDA:137,15,0,0
BRDA:137,15,1,0
BRDA:138,16,0,0
BRDA:138,16,1,0
BRDA:138,17,0,0
BRDA:138,17,1,0
BRDA:138,18,0,0
BRDA:138,18,1,0
BRDA:139,19,0,0
BRDA:139,19,1,0
BRDA:140,20,0,0
BRDA:140,20,1,0
BRDA:166,21,0,0
BRDA:166,21,1,0
BRDA:167,22,0,0
BRDA:167,22,1,0
BRDA:180,23,0,0
BRDA:180,23,1,0
BRDA:188,24,0,0
BRDA:188,24,1,0
BRDA:194,25,0,0
BRDA:194,25,1,0
BRDA:200,26,0,0
BRDA:200,26,1,0
BRDA:206,27,0,0
BRDA:206,27,1,0
BRDA:212,28,0,0
BRDA:212,28,1,0
BRDA:218,29,0,0
BRDA:218,29,1,0
BRDA:224,30,0,0
BRDA:224,30,1,0
BRDA:230,31,0,0
BRDA:230,31,1,0
BRDA:236,32,0,0
BRDA:236,32,1,0
BRDA:243,33,0,0
BRDA:243,33,1,0
BRDA:275,34,0,0
BRDA:275,34,1,0
BRDA:276,35,0,0
BRDA:276,35,1,0
BRDA:289,36,0,0
BRDA:289,36,1,0
BRDA:315,37,0,0
BRDA:315,37,1,0
BRDA:316,38,0,0
BRDA:316,38,1,0
BRDA:329,39,0,0
BRDA:329,39,1,0
BRF:76
BRH:0
end_of_record
TN:
SF:src\controllers\dashboardController.js
FN:24,(anonymous_0)
FN:41,(anonymous_1)
FN:318,(anonymous_2)
FN:331,(anonymous_3)
FN:344,(anonymous_4)
FN:347,(anonymous_5)
FN:349,(anonymous_6)
FN:351,(anonymous_7)
FN:374,(anonymous_8)
FN:376,(anonymous_9)
FNF:10
FNH:0
FNDA:0,(anonymous_0)
FNDA:0,(anonymous_1)
FNDA:0,(anonymous_2)
FNDA:0,(anonymous_3)
FNDA:0,(anonymous_4)
FNDA:0,(anonymous_5)
FNDA:0,(anonymous_6)
FNDA:0,(anonymous_7)
FNDA:0,(anonymous_8)
FNDA:0,(anonymous_9)
DA:15,0
DA:18,0
DA:24,0
DA:25,0
DA:26,0
DA:27,0
DA:30,0
DA:31,0
DA:32,0
DA:41,0
DA:42,0
DA:43,0
DA:44,0
DA:45,0
DA:46,0
DA:47,0
DA:49,0
DA:50,0
DA:51,0
DA:52,0
DA:54,0
DA:58,0
DA:61,0
DA:62,0
DA:63,0
DA:64,0
DA:65,0
DA:67,0
DA:68,0
DA:69,0
DA:70,0
DA:71,0
DA:72,0
DA:74,0
DA:76,0
DA:80,0
DA:95,0
DA:101,0
DA:103,0
DA:124,0
DA:125,0
DA:144,0
DA:149,0
DA:151,0
DA:179,0
DA:180,0
DA:186,0
DA:197,0
DA:198,0
DA:205,0
DA:219,0
DA:220,0
DA:226,0
DA:238,0
DA:239,0
DA:245,0
DA:256,0
DA:257,0
DA:263,0
DA:274,0
DA:275,0
DA:283,0
DA:298,0
DA:299,0
DA:300,0
DA:301,0
DA:302,0
DA:303,0
DA:304,0
DA:305,0
DA:308,0
DA:318,0
DA:331,0
DA:344,0
DA:347,0
DA:349,0
DA:351,0
DA:355,0
DA:356,0
DA:357,0
DA:359,0
DA:370,0
DA:374,0
DA:376,0
DA:381,0
DA:383,0
DA:384,0
DA:388,0
DA:389,0
DA:391,0
LF:90
LH:0
BRDA:18,0,0,0
BRDA:18,0,1,0
BRDA:25,1,0,0
BRDA:25,1,1,0
BRDA:31,2,0,0
BRDA:31,2,1,0
BRDA:46,3,0,0
BRDA:46,3,1,0
BRDA:49,4,0,0
BRDA:49,4,1,0
BRDA:51,5,0,0
BRDA:51,5,1,0
BRDA:61,6,0,0
BRDA:61,6,1,0
BRDA:67,7,0,0
BRDA:67,7,1,0
BRDA:68,8,0,0
BRDA:68,8,1,0
BRDA:84,9,0,0
BRDA:84,9,1,0
BRDA:85,10,0,0
BRDA:85,10,1,0
BRDA:86,11,0,0
BRDA:86,11,1,0
BRDA:87,12,0,0
BRDA:87,12,1,0
BRDA:88,13,0,0
BRDA:88,13,1,0
BRDA:89,14,0,0
BRDA:89,14,1,0
BRDA:90,15,0,0
BRDA:90,15,1,0
BRDA:91,16,0,0
BRDA:91,16,1,0
BRDA:92,17,0,0
BRDA:92,17,1,0
BRDA:101,18,0,0
BRDA:101,18,1,0
BRDA:105,19,0,0
BRDA:105,19,1,0
BRDA:106,20,0,0
BRDA:106,20,1,0
BRDA:107,21,0,0
BRDA:107,21,1,0
BRDA:108,22,0,0
BRDA:108,22,1,0
BRDA:109,23,0,0
BRDA:109,23,1,0
BRDA:110,24,0,0
BRDA:110,24,1,0
BRDA:111,25,0,0
BRDA:111,25,1,0
BRDA:112,26,0,0
BRDA:112,26,1,0
BRDA:113,27,0,0
BRDA:113,27,1,0
BRDA:114,28,0,0
BRDA:114,28,1,0
BRDA:115,29,0,0
BRDA:115,29,1,0
BRDA:116,30,0,0
BRDA:116,30,1,0
BRDA:117,31,0,0
BRDA:117,31,1,0
BRDA:118,32,0,0
BRDA:118,32,1,0
BRDA:119,33,0,0
BRDA:119,33,1,0
BRDA:119,34,0,0
BRDA:119,34,1,0
BRDA:124,35,0,0
BRDA:124,35,1,0
BRDA:149,36,0,0
BRDA:149,36,1,0
BRDA:154,37,0,0
BRDA:154,37,1,0
BRDA:155,38,0,0
BRDA:155,38,1,0
BRDA:156,39,0,0
BRDA:156,39,1,0
BRDA:157,40,0,0
BRDA:157,40,1,0
BRDA:158,41,0,0
BRDA:158,41,1,0
BRDA:159,42,0,0
BRDA:159,42,1,0
BRDA:160,43,0,0
BRDA:160,43,1,0
BRDA:161,44,0,0
BRDA:161,44,1,0
BRDA:162,45,0,0
BRDA:162,45,1,0
BRDA:163,46,0,0
BRDA:163,46,1,0
BRDA:164,47,0,0
BRDA:164,47,1,0
BRDA:165,48,0,0
BRDA:165,48,1,0
BRDA:166,49,0,0
BRDA:166,49,1,0
BRDA:167,50,0,0
BRDA:167,50,1,0
BRDA:168,51,0,0
BRDA:168,51,1,0
BRDA:169,52,0,0
BRDA:169,52,1,0
BRDA:170,53,0,0
BRDA:170,53,1,0
BRDA:171,54,0,0
BRDA:171,54,1,0
BRDA:172,55,0,0
BRDA:172,55,1,0
BRDA:173,56,0,0
BRDA:173,56,1,0
BRDA:179,57,0,0
BRDA:179,57,1,0
BRDA:189,58,0,0
BRDA:189,58,1,0
BRDA:190,59,0,0
BRDA:190,59,1,0
BRDA:191,60,0,0
BRDA:191,60,1,0
BRDA:192,61,0,0
BRDA:192,61,1,0
BRDA:192,62,0,0
BRDA:192,62,1,0
BRDA:192,63,0,0
BRDA:192,63,1,0
BRDA:197,64,0,0
BRDA:197,64,1,0
BRDA:208,65,0,0
BRDA:208,65,1,0
BRDA:209,66,0,0
BRDA:209,66,1,0
BRDA:210,67,0,0
BRDA:210,67,1,0
BRDA:211,68,0,0
BRDA:211,68,1,0
BRDA:212,69,0,0
BRDA:212,69,1,0
BRDA:212,70,0,0
BRDA:212,70,1,0
BRDA:213,71,0,0
BRDA:213,71,1,0
BRDA:213,72,0,0
BRDA:213,72,1,0
BRDA:219,73,0,0
BRDA:219,73,1,0
BRDA:229,74,0,0
BRDA:229,74,1,0
BRDA:230,75,0,0
BRDA:230,75,1,0
BRDA:231,76,0,0
BRDA:231,76,1,0
BRDA:233,77,0,0
BRDA:233,77,1,0
BRDA:238,78,0,0
BRDA:238,78,1,0
BRDA:248,79,0,0
BRDA:248,79,1,0
BRDA:249,80,0,0
BRDA:249,80,1,0
BRDA:250,81,0,0
BRDA:250,81,1,0
BRDA:256,82,0,0
BRDA:256,82,1,0
BRDA:266,83,0,0
BRDA:266,83,1,0
BRDA:267,84,0,0
BRDA:267,84,1,0
BRDA:268,85,0,0
BRDA:268,85,1,0
BRDA:269,86,0,0
BRDA:269,86,1,0
BRDA:274,87,0,0
BRDA:274,87,1,0
BRDA:286,88,0,0
BRDA:286,88,1,0
BRDA:287,89,0,0
BRDA:287,89,1,0
BRDA:288,90,0,0
BRDA:288,90,1,0
BRDA:289,91,0,0
BRDA:289,91,1,0
BRDA:290,92,0,0
BRDA:290,92,1,0
BRDA:291,93,0,0
BRDA:291,93,1,0
BRDA:298,94,0,0
BRDA:298,94,1,0
BRDA:298,95,0,0
BRDA:298,95,1,0
BRDA:302,96,0,0
BRDA:302,96,1,0
BRDA:302,97,0,0
BRDA:302,97,1,0
BRDA:302,97,2,0
BRDA:303,98,0,0
BRDA:303,98,1,0
BRDA:355,99,0,0
BRDA:355,99,1,0
BRDA:356,100,0,0
BRDA:356,100,1,0
BRDA:357,101,0,0
BRDA:357,101,1,0
BRDA:361,102,0,0
BRDA:361,102,1,0
BRDA:366,103,0,0
BRDA:366,103,1,0
BRDA:378,104,0,0
BRDA:378,104,1,0
BRDA:383,105,0,0
BRDA:383,105,1,0
BRDA:384,106,0,0
BRDA:384,106,1,0
BRF:215
BRH:0
end_of_record
TN:
SF:src\controllers\dataValidationController.js
FN:12,(anonymous_0)
FNF:1
FNH:0
FNDA:0,(anonymous_0)
DA:12,0
DA:13,0
DA:14,0
DA:15,0
DA:17,0
DA:18,0
DA:19,0
DA:24,0
DA:26,0
DA:27,0
DA:29,0
DA:30,0
DA:32,0
DA:35,0
DA:37,0
DA:44,0
LF:16
LH:0
BRDA:18,0,0,0
BRDA:18,0,1,0
BRDA:24,1,0,0
BRDA:24,1,1,0
BRDA:24,1,2,0
BRDA:41,2,0,0
BRDA:41,2,1,0
BRF:7
BRH:0
end_of_record
TN:
SF:src\controllers\documentActivityController.js
FN:16,(anonymous_0)
FN:51,(anonymous_1)
FNF:2
FNH:0
FNDA:0,(anonymous_0)
FNDA:0,(anonymous_1)
DA:16,0
DA:17,0
DA:18,0
DA:19,0
DA:22,0
DA:32,0
DA:34,0
DA:35,0
DA:36,0
DA:38,0
DA:41,0
DA:43,0
DA:45,0
DA:47,0
DA:51,0
DA:52,0
DA:53,0
DA:54,0
DA:55,0
DA:57,0
DA:58,0
DA:61,0
DA:75,0
DA:77,0
LF:24
LH:0
BRDA:34,0,0,0
BRDA:34,0,1,0
BRDA:57,1,0,0
BRDA:57,1,1,0
BRF:4
BRH:0
end_of_record
TN:
SF:src\controllers\exportDocumentReferenceController.js
FN:14,(anonymous_0)
FN:25,(anonymous_1)
FN:36,(anonymous_2)
FN:47,(anonymous_3)
FN:58,(anonymous_4)
FN:69,(anonymous_5)
FN:84,(anonymous_6)
FN:102,(anonymous_7)
FN:119,(anonymous_8)
FN:135,(anonymous_9)
FN:151,(anonymous_10)
FN:162,(anonymous_11)
FN:175,(anonymous_12)
FNF:13
FNH:0
FNDA:0,(anonymous_0)
FNDA:0,(anonymous_1)
FNDA:0,(anonymous_2)
FNDA:0,(anonymous_3)
FNDA:0,(anonymous_4)
FNDA:0,(anonymous_5)
FNDA:0,(anonymous_6)
FNDA:0,(anonymous_7)
FNDA:0,(anonymous_8)
FNDA:0,(anonymous_9)
FNDA:0,(anonymous_10)
FNDA:0,(anonymous_11)
FNDA:0,(anonymous_12)
DA:14,0
DA:15,0
DA:16,0
DA:17,0
DA:18,0
DA:19,0
DA:21,0
DA:25,0
DA:26,0
DA:27,0
DA:28,0
DA:29,0
DA:30,0
DA:32,0
DA:36,0
DA:37,0
DA:38,0
DA:39,0
DA:40,0
DA:41,0
DA:43,0
DA:47,0
DA:48,0
DA:49,0
DA:50,0
DA:51,0
DA:52,0
DA:54,0
DA:58,0
DA:59,0
DA:60,0
DA:61,0
DA:62,0
DA:63,0
DA:65,0
DA:69,0
DA:70,0
DA:71,0
DA:72,0
DA:73,0
DA:74,0
DA:75,0
DA:77,0
DA:78,0
DA:80,0
DA:84,0
DA:85,0
DA:86,0
DA:87,0
DA:88,0
DA:89,0
DA:90,0
DA:92,0
DA:93,0
DA:94,0
DA:96,0
DA:98,0
DA:102,0
DA:103,0
DA:104,0
DA:105,0
DA:108,0
DA:109,0
DA:110,0
DA:112,0
DA:113,0
DA:115,0
DA:119,0
DA:120,0
DA:121,0
DA:122,0
DA:124,0
DA:125,0
DA:126,0
DA:128,0
DA:129,0
DA:131,0
DA:135,0
DA:136,0
DA:137,0
DA:138,0
DA:140,0
DA:141,0
DA:142,0
DA:144,0
DA:145,0
DA:147,0
DA:151,0
DA:152,0
DA:153,0
DA:154,0
DA:155,0
DA:156,0
DA:158,0
DA:162,0
DA:163,0
DA:164,0
DA:165,0
DA:166,0
DA:167,0
DA:169,0
DA:170,0
DA:172,0
DA:175,0
DA:176,0
DA:177,0
DA:178,0
DA:179,0
DA:180,0
DA:182,0
LF:110
LH:0
BRDA:17,0,0,0
BRDA:28,1,0,0
BRDA:39,2,0,0
BRDA:50,3,0,0
BRDA:61,4,0,0
BRDA:74,5,0,0
BRDA:74,5,1,0
BRDA:89,6,0,0
BRDA:89,6,1,0
BRDA:93,7,0,0
BRDA:93,7,1,0
BRDA:109,8,0,0
BRDA:109,8,1,0
BRDA:109,9,0,0
BRDA:109,9,1,0
BRDA:125,10,0,0
BRDA:125,10,1,0
BRDA:125,11,0,0
BRDA:125,11,1,0
BRDA:141,12,0,0
BRDA:141,12,1,0
BRDA:141,13,0,0
BRDA:141,13,1,0
BRDA:166,14,0,0
BRDA:166,14,1,0
BRDA:166,15,0,0
BRDA:166,15,1,0
BRF:27
BRH:0
end_of_record
TN:
SF:src\controllers\exportInvoiceAnnexureController.js
FN:21,(anonymous_0)
FN:25,(anonymous_1)
FN:47,(anonymous_2)
FN:53,(anonymous_3)
FN:82,(anonymous_4)
FN:94,(anonymous_5)
FN:128,(anonymous_6)
FN:220,(anonymous_7)
FN:421,(anonymous_8)
FN:483,(anonymous_9)
FN:514,(anonymous_10)
FN:628,(anonymous_11)
FN:706,(anonymous_12)
FN:717,(anonymous_13)
FN:735,(anonymous_14)
FN:739,(anonymous_15)
FN:750,(anonymous_16)
FN:782,(anonymous_17)
FN:794,(anonymous_18)
FN:823,(anonymous_19)
FNF:20
FNH:0
FNDA:0,(anonymous_0)
FNDA:0,(anonymous_1)
FNDA:0,(anonymous_2)
FNDA:0,(anonymous_3)
FNDA:0,(anonymous_4)
FNDA:0,(anonymous_5)
FNDA:0,(anonymous_6)
FNDA:0,(anonymous_7)
FNDA:0,(anonymous_8)
FNDA:0,(anonymous_9)
FNDA:0,(anonymous_10)
FNDA:0,(anonymous_11)
FNDA:0,(anonymous_12)
FNDA:0,(anonymous_13)
FNDA:0,(anonymous_14)
FNDA:0,(anonymous_15)
FNDA:0,(anonymous_16)
FNDA:0,(anonymous_17)
FNDA:0,(anonymous_18)
FNDA:0,(anonymous_19)
DA:21,0
DA:25,0
DA:26,0
DA:27,0
DA:28,0
DA:34,0
DA:46,0
DA:47,0
DA:51,0
DA:53,0
DA:54,0
DA:55,0
DA:56,0
DA:57,0
DA:59,0
DA:60,0
DA:61,0
DA:65,0
DA:82,0
DA:84,0
DA:85,0
DA:86,0
DA:87,0
DA:88,0
DA:90,0
DA:94,0
DA:95,0
DA:96,0
DA:97,0
DA:99,0
DA:100,0
DA:104,0
DA:105,0
DA:107,0
DA:108,0
DA:110,0
DA:111,0
DA:112,0
DA:114,0
DA:117,0
DA:121,0
DA:128,0
DA:129,0
DA:130,0
DA:131,0
DA:132,0
DA:133,0
DA:134,0
DA:136,0
DA:137,0
DA:138,0
DA:140,0
DA:141,0
DA:145,0
DA:146,0
DA:147,0
DA:154,0
DA:157,0
DA:161,0
DA:163,0
DA:164,0
DA:173,0
DA:203,0
DA:213,0
DA:220,0
DA:221,0
DA:222,0
DA:223,0
DA:224,0
DA:226,0
DA:227,0
DA:230,0
DA:231,0
DA:232,0
DA:234,0
DA:235,0
DA:236,0
DA:237,0
DA:240,0
DA:246,0
DA:247,0
DA:251,0
DA:305,0
DA:307,0
DA:310,0
DA:311,0
DA:312,0
DA:313,0
DA:319,0
DA:323,0
DA:324,0
DA:325,0
DA:326,0
DA:327,0
DA:328,0
DA:329,0
DA:346,0
DA:347,0
DA:348,0
DA:350,0
DA:359,0
DA:361,0
DA:373,0
DA:376,0
DA:377,0
DA:378,0
DA:379,0
DA:380,0
DA:385,0
DA:422,0
DA:423,0
DA:424,0
DA:426,0
DA:427,0
DA:428,0
DA:429,0
DA:431,0
DA:484,0
DA:485,0
DA:486,0
DA:488,0
DA:503,0
DA:505,0
DA:507,0
DA:514,0
DA:515,0
DA:516,0
DA:517,0
DA:518,0
DA:519,0
DA:521,0
DA:549,0
DA:550,0
DA:553,0
DA:554,0
DA:555,0
DA:559,0
DA:560,0
DA:561,0
DA:562,0
DA:566,0
DA:567,0
DA:568,0
DA:588,0
DA:592,0
DA:622,0
DA:628,0
DA:629,0
DA:630,0
DA:631,0
DA:632,0
DA:633,0
DA:635,0
DA:637,0
DA:641,0
DA:642,0
DA:644,0
DA:649,0
DA:653,0
DA:654,0
DA:659,0
DA:660,0
DA:662,0
DA:663,0
DA:664,0
DA:665,0
DA:667,0
DA:668,0
DA:669,0
DA:670,0
DA:672,0
DA:673,0
DA:675,0
DA:676,0
DA:677,0
DA:678,0
DA:680,0
DA:681,0
DA:686,0
DA:688,0
DA:689,0
DA:690,0
DA:694,0
DA:695,0
DA:698,0
DA:701,0
DA:702,0
DA:705,0
DA:706,0
DA:707,0
DA:715,0
DA:716,0
DA:717,0
DA:718,0
DA:724,0
DA:725,0
DA:726,0
DA:734,0
DA:735,0
DA:738,0
DA:739,0
DA:742,0
DA:743,0
DA:750,0
DA:751,0
DA:752,0
DA:753,0
DA:755,0
DA:758,0
DA:759,0
DA:760,0
DA:762,0
DA:770,0
DA:772,0
DA:773,0
DA:775,0
DA:782,0
DA:783,0
DA:784,0
DA:785,0
DA:786,0
DA:789,0
DA:790,0
DA:791,0
DA:794,0
DA:795,0
DA:796,0
DA:797,0
DA:799,0
DA:804,0
DA:805,0
DA:808,0
DA:809,0
DA:811,0
DA:816,0
DA:818,0
DA:823,0
DA:824,0
DA:825,0
DA:826,0
DA:827,0
DA:829,0
DA:832,0
DA:833,0
DA:840,0
DA:848,0
DA:849,0
DA:852,0
DA:854,0
LF:249
LH:0
BRDA:26,0,0,0
BRDA:26,0,1,0
BRDA:28,1,0,0
BRDA:28,1,1,0
BRDA:54,2,0,0
BRDA:54,2,1,0
BRDA:55,3,0,0
BRDA:55,3,1,0
BRDA:55,4,0,0
BRDA:55,4,1,0
BRDA:55,4,2,0
BRDA:56,5,0,0
BRDA:56,5,1,0
BRDA:56,6,0,0
BRDA:56,6,1,0
BRDA:57,7,0,0
BRDA:57,7,1,0
BRDA:59,8,0,0
BRDA:59,8,1,0
BRDA:59,9,0,0
BRDA:59,9,1,0
BRDA:60,10,0,0
BRDA:60,10,1,0
BRDA:60,11,0,0
BRDA:60,11,1,0
BRDA:61,12,0,0
BRDA:61,12,1,0
BRDA:86,13,0,0
BRDA:86,13,1,0
BRDA:87,14,0,0
BRDA:87,14,1,0
BRDA:87,15,0,0
BRDA:87,15,1,0
BRDA:87,15,2,0
BRDA:96,16,0,0
BRDA:96,16,1,0
BRDA:96,17,0,0
BRDA:96,17,1,0
BRDA:97,18,0,0
BRDA:97,18,1,0
BRDA:99,19,0,0
BRDA:99,19,1,0
BRDA:104,20,0,0
BRDA:104,20,1,0
BRDA:104,21,0,0
BRDA:104,21,1,0
BRDA:107,22,0,0
BRDA:107,22,1,0
BRDA:107,23,0,0
BRDA:107,23,1,0
BRDA:111,24,0,0
BRDA:111,24,1,0
BRDA:121,25,0,0
BRDA:121,25,1,0
BRDA:121,26,0,0
BRDA:121,26,1,0
BRDA:131,27,0,0
BRDA:131,28,0,0
BRDA:131,29,0,0
BRDA:136,30,0,0
BRDA:136,30,1,0
BRDA:137,31,0,0
BRDA:137,31,1,0
BRDA:145,32,0,0
BRDA:145,32,1,0
BRDA:163,33,0,0
BRDA:163,33,1,0
BRDA:227,34,0,0
BRDA:227,34,1,0
BRDA:227,35,0,0
BRDA:227,35,1,0
BRDA:234,36,0,0
BRDA:234,36,1,0
BRDA:234,37,0,0
BRDA:234,37,1,0
BRDA:240,38,0,0
BRDA:240,38,1,0
BRDA:241,39,0,0
BRDA:241,39,1,0
BRDA:242,40,0,0
BRDA:242,40,1,0
BRDA:246,41,0,0
BRDA:246,41,1,0
BRDA:246,42,0,0
BRDA:246,42,1,0
BRDA:305,43,0,0
BRDA:305,43,1,0
BRDA:310,44,0,0
BRDA:310,44,1,0
BRDA:310,45,0,0
BRDA:310,45,1,0
BRDA:312,46,0,0
BRDA:312,46,1,0
BRDA:316,47,0,0
BRDA:316,47,1,0
BRDA:317,48,0,0
BRDA:317,48,1,0
BRDA:324,49,0,0
BRDA:324,49,1,0
BRDA:328,50,0,0
BRDA:328,50,1,0
BRDA:331,51,0,0
BRDA:331,51,1,0
BRDA:331,51,2,0
BRDA:331,51,3,0
BRDA:332,52,0,0
BRDA:332,52,1,0
BRDA:332,52,2,0
BRDA:333,53,0,0
BRDA:333,53,1,0
BRDA:333,53,2,0
BRDA:334,54,0,0
BRDA:334,54,1,0
BRDA:335,55,0,0
BRDA:335,55,1,0
BRDA:336,56,0,0
BRDA:336,56,1,0
BRDA:338,57,0,0
BRDA:338,57,1,0
BRDA:338,57,2,0
BRDA:338,57,3,0
BRDA:339,58,0,0
BRDA:339,58,1,0
BRDA:339,58,2,0
BRDA:339,58,3,0
BRDA:340,59,0,0
BRDA:340,59,1,0
BRDA:340,59,2,0
BRDA:340,59,3,0
BRDA:341,60,0,0
BRDA:341,60,1,0
BRDA:341,60,2,0
BRDA:341,60,3,0
BRDA:342,61,0,0
BRDA:342,61,1,0
BRDA:342,61,2,0
BRDA:342,61,3,0
BRDA:342,61,4,0
BRDA:367,62,0,0
BRDA:367,62,1,0
BRDA:367,62,2,0
BRDA:368,63,0,0
BRDA:368,63,1,0
BRDA:368,63,2,0
BRDA:369,64,0,0
BRDA:369,64,1,0
BRDA:369,64,2,0
BRDA:370,65,0,0
BRDA:370,65,1,0
BRDA:370,65,2,0
BRDA:371,66,0,0
BRDA:371,66,1,0
BRDA:371,66,2,0
BRDA:373,67,0,0
BRDA:373,67,1,0
BRDA:376,68,0,0
BRDA:376,68,1,0
BRDA:377,69,0,0
BRDA:377,69,1,0
BRDA:377,70,0,0
BRDA:377,70,1,0
BRDA:385,71,0,0
BRDA:385,71,1,0
BRDA:387,72,0,0
BRDA:387,72,1,0
BRDA:388,73,0,0
BRDA:388,73,1,0
BRDA:389,74,0,0
BRDA:389,74,1,0
BRDA:390,75,0,0
BRDA:390,75,1,0
BRDA:391,76,0,0
BRDA:391,76,1,0
BRDA:392,77,0,0
BRDA:392,77,1,0
BRDA:393,78,0,0
BRDA:393,78,1,0
BRDA:394,79,0,0
BRDA:394,79,1,0
BRDA:394,79,2,0
BRDA:394,79,3,0
BRDA:395,80,0,0
BRDA:395,80,1,0
BRDA:395,80,2,0
BRDA:395,80,3,0
BRDA:396,81,0,0
BRDA:396,81,1,0
BRDA:396,81,2,0
BRDA:397,82,0,0
BRDA:397,82,1,0
BRDA:397,83,0,0
BRDA:397,83,1,0
BRDA:397,84,0,0
BRDA:397,84,1,0
BRDA:398,85,0,0
BRDA:398,85,1,0
BRDA:398,86,0,0
BRDA:398,86,1,0
BRDA:398,87,0,0
BRDA:398,87,1,0
BRDA:399,88,0,0
BRDA:399,88,1,0
BRDA:399,89,0,0
BRDA:399,89,1,0
BRDA:399,90,0,0
BRDA:399,90,1,0
BRDA:400,91,0,0
BRDA:400,91,1,0
BRDA:400,92,0,0
BRDA:400,92,1,0
BRDA:400,93,0,0
BRDA:400,93,1,0
BRDA:401,94,0,0
BRDA:401,94,1,0
BRDA:401,95,0,0
BRDA:401,95,1,0
BRDA:401,96,0,0
BRDA:401,96,1,0
BRDA:402,97,0,0
BRDA:402,97,1,0
BRDA:402,97,2,0
BRDA:403,98,0,0
BRDA:403,98,1,0
BRDA:403,98,2,0
BRDA:404,99,0,0
BRDA:404,99,1,0
BRDA:404,99,2,0
BRDA:405,100,0,0
BRDA:405,100,1,0
BRDA:405,100,2,0
BRDA:406,101,0,0
BRDA:406,101,1,0
BRDA:406,101,2,0
BRDA:407,102,0,0
BRDA:407,102,1,0
BRDA:407,102,2,0
BRDA:408,103,0,0
BRDA:408,103,1,0
BRDA:408,103,2,0
BRDA:409,104,0,0
BRDA:409,104,1,0
BRDA:409,104,2,0
BRDA:410,105,0,0
BRDA:410,105,1,0
BRDA:410,105,2,0
BRDA:411,106,0,0
BRDA:411,106,1,0
BRDA:411,106,2,0
BRDA:412,107,0,0
BRDA:412,107,1,0
BRDA:412,107,2,0
BRDA:413,108,0,0
BRDA:413,108,1,0
BRDA:414,109,0,0
BRDA:414,109,1,0
BRDA:414,109,2,0
BRDA:415,110,0,0
BRDA:415,110,1,0
BRDA:415,110,2,0
BRDA:416,111,0,0
BRDA:416,111,1,0
BRDA:417,112,0,0
BRDA:417,112,1,0
BRDA:417,112,2,0
BRDA:417,112,3,0
BRDA:417,112,4,0
BRDA:418,113,0,0
BRDA:418,113,1,0
BRDA:418,113,2,0
BRDA:418,113,3,0
BRDA:419,114,0,0
BRDA:419,114,1,0
BRDA:419,114,2,0
BRDA:419,114,3,0
BRDA:419,115,0,0
BRDA:419,115,1,0
BRDA:420,116,0,0
BRDA:420,116,1,0
BRDA:423,117,0,0
BRDA:423,117,1,0
BRDA:426,118,0,0
BRDA:426,118,1,0
BRDA:426,119,0,0
BRDA:426,119,1,0
BRDA:426,119,2,0
BRDA:428,120,0,0
BRDA:428,120,1,0
BRDA:431,121,0,0
BRDA:431,121,1,0
BRDA:433,122,0,0
BRDA:433,122,1,0
BRDA:433,122,2,0
BRDA:434,123,0,0
BRDA:434,123,1,0
BRDA:434,123,2,0
BRDA:435,124,0,0
BRDA:435,124,1,0
BRDA:435,124,2,0
BRDA:436,125,0,0
BRDA:436,125,1,0
BRDA:436,125,2,0
BRDA:437,126,0,0
BRDA:437,126,1,0
BRDA:437,126,2,0
BRDA:438,127,0,0
BRDA:438,127,1,0
BRDA:439,128,0,0
BRDA:439,128,1,0
BRDA:441,129,0,0
BRDA:441,129,1,0
BRDA:442,130,0,0
BRDA:442,130,1,0
BRDA:444,131,0,0
BRDA:444,131,1,0
BRDA:447,132,0,0
BRDA:447,132,1,0
BRDA:448,133,0,0
BRDA:448,133,1,0
BRDA:449,134,0,0
BRDA:449,134,1,0
BRDA:450,135,0,0
BRDA:450,135,1,0
BRDA:451,136,0,0
BRDA:451,136,1,0
BRDA:453,137,0,0
BRDA:453,137,1,0
BRDA:453,137,2,0
BRDA:454,138,0,0
BRDA:454,138,1,0
BRDA:455,139,0,0
BRDA:455,139,1,0
BRDA:456,140,0,0
BRDA:456,140,1,0
BRDA:457,141,0,0
BRDA:457,141,1,0
BRDA:458,142,0,0
BRDA:458,142,1,0
BRDA:458,142,2,0
BRDA:459,143,0,0
BRDA:459,143,1,0
BRDA:459,143,2,0
BRDA:460,144,0,0
BRDA:460,144,1,0
BRDA:461,145,0,0
BRDA:461,145,1,0
BRDA:462,146,0,0
BRDA:462,146,1,0
BRDA:463,147,0,0
BRDA:463,147,1,0
BRDA:465,148,0,0
BRDA:465,148,1,0
BRDA:466,149,0,0
BRDA:466,149,1,0
BRDA:467,150,0,0
BRDA:467,150,1,0
BRDA:468,151,0,0
BRDA:468,151,1,0
BRDA:469,152,0,0
BRDA:469,152,1,0
BRDA:470,153,0,0
BRDA:470,153,1,0
BRDA:471,154,0,0
BRDA:471,154,1,0
BRDA:472,155,0,0
BRDA:472,155,1,0
BRDA:473,156,0,0
BRDA:473,156,1,0
BRDA:474,157,0,0
BRDA:474,157,1,0
BRDA:475,158,0,0
BRDA:475,158,1,0
BRDA:476,159,0,0
BRDA:476,159,1,0
BRDA:478,160,0,0
BRDA:478,160,1,0
BRDA:479,161,0,0
BRDA:479,161,1,0
BRDA:480,162,0,0
BRDA:480,162,1,0
BRDA:481,163,0,0
BRDA:481,163,1,0
BRDA:481,164,0,0
BRDA:481,164,1,0
BRDA:482,165,0,0
BRDA:482,165,1,0
BRDA:482,166,0,0
BRDA:482,166,1,0
BRDA:484,167,0,0
BRDA:484,167,1,0
BRDA:485,168,0,0
BRDA:485,168,1,0
BRDA:488,169,0,0
BRDA:488,169,1,0
BRDA:490,170,0,0
BRDA:490,170,1,0
BRDA:490,170,2,0
BRDA:490,170,3,0
BRDA:491,171,0,0
BRDA:491,171,1,0
BRDA:491,171,2,0
BRDA:491,171,3,0
BRDA:492,172,0,0
BRDA:492,172,1,0
BRDA:492,172,2,0
BRDA:492,172,3,0
BRDA:495,173,0,0
BRDA:495,173,1,0
BRDA:495,173,2,0
BRDA:495,173,3,0
BRDA:496,174,0,0
BRDA:496,174,1,0
BRDA:496,174,2,0
BRDA:496,174,3,0
BRDA:497,175,0,0
BRDA:497,175,1,0
BRDA:498,176,0,0
BRDA:498,176,1,0
BRDA:519,177,0,0
BRDA:519,177,1,0
BRDA:519,178,0,0
BRDA:519,178,1,0
BRDA:549,179,0,0
BRDA:549,179,1,0
BRDA:553,180,0,0
BRDA:553,180,1,0
BRDA:553,181,0,0
BRDA:553,181,1,0
BRDA:560,182,0,0
BRDA:560,182,1,0
BRDA:567,183,0,0
BRDA:567,183,1,0
BRDA:574,184,0,0
BRDA:574,184,1,0
BRDA:574,184,2,0
BRDA:575,185,0,0
BRDA:575,185,1,0
BRDA:575,185,2,0
BRDA:576,186,0,0
BRDA:576,186,1,0
BRDA:577,187,0,0
BRDA:577,187,1,0
BRDA:580,188,0,0
BRDA:580,188,1,0
BRDA:580,188,2,0
BRDA:580,188,3,0
BRDA:581,189,0,0
BRDA:581,189,1,0
BRDA:581,189,2,0
BRDA:581,189,3,0
BRDA:582,190,0,0
BRDA:582,190,1,0
BRDA:582,190,2,0
BRDA:582,190,3,0
BRDA:583,191,0,0
BRDA:583,191,1,0
BRDA:583,191,2,0
BRDA:583,191,3,0
BRDA:584,192,0,0
BRDA:584,192,1,0
BRDA:584,192,2,0
BRDA:584,192,3,0
BRDA:584,192,4,0
BRDA:594,193,0,0
BRDA:594,193,1,0
BRDA:595,194,0,0
BRDA:595,194,1,0
BRDA:595,194,2,0
BRDA:596,195,0,0
BRDA:596,195,1,0
BRDA:597,196,0,0
BRDA:597,196,1,0
BRDA:598,197,0,0
BRDA:598,197,1,0
BRDA:598,198,0,0
BRDA:598,198,1,0
BRDA:598,198,2,0
BRDA:598,199,0,0
BRDA:598,199,1,0
BRDA:598,200,0,0
BRDA:598,200,1,0
BRDA:599,201,0,0
BRDA:599,201,1,0
BRDA:599,202,0,0
BRDA:599,202,1,0
BRDA:599,203,0,0
BRDA:599,203,1,0
BRDA:600,204,0,0
BRDA:600,204,1,0
BRDA:600,204,2,0
BRDA:601,205,0,0
BRDA:601,205,1,0
BRDA:601,205,2,0
BRDA:602,206,0,0
BRDA:602,206,1,0
BRDA:602,206,2,0
BRDA:603,207,0,0
BRDA:603,207,1,0
BRDA:603,207,2,0
BRDA:604,208,0,0
BRDA:604,208,1,0
BRDA:604,208,2,0
BRDA:605,209,0,0
BRDA:605,209,1,0
BRDA:605,209,2,0
BRDA:606,210,0,0
BRDA:606,210,1,0
BRDA:606,210,2,0
BRDA:607,211,0,0
BRDA:607,211,1,0
BRDA:607,211,2,0
BRDA:608,212,0,0
BRDA:608,212,1,0
BRDA:608,213,0,0
BRDA:608,213,1,0
BRDA:608,214,0,0
BRDA:608,214,1,0
BRDA:609,215,0,0
BRDA:609,215,1,0
BRDA:609,216,0,0
BRDA:609,216,1,0
BRDA:609,217,0,0
BRDA:609,217,1,0
BRDA:610,218,0,0
BRDA:610,218,1,0
BRDA:610,219,0,0
BRDA:610,219,1,0
BRDA:610,220,0,0
BRDA:610,220,1,0
BRDA:611,221,0,0
BRDA:611,221,1,0
BRDA:611,221,2,0
BRDA:612,222,0,0
BRDA:612,222,1,0
BRDA:612,222,2,0
BRDA:613,223,0,0
BRDA:613,223,1,0
BRDA:613,223,2,0
BRDA:614,224,0,0
BRDA:614,224,1,0
BRDA:614,224,2,0
BRDA:615,225,0,0
BRDA:615,225,1,0
BRDA:615,225,2,0
BRDA:615,225,3,0
BRDA:616,226,0,0
BRDA:616,226,1,0
BRDA:616,226,2,0
BRDA:616,226,3,0
BRDA:617,227,0,0
BRDA:617,227,1,0
BRDA:617,227,2,0
BRDA:618,228,0,0
BRDA:618,228,1,0
BRDA:618,229,0,0
BRDA:618,229,1,0
BRDA:618,229,2,0
BRDA:619,230,0,0
BRDA:619,230,1,0
BRDA:619,231,0,0
BRDA:619,231,1,0
BRDA:633,232,0,0
BRDA:633,232,1,0
BRDA:633,233,0,0
BRDA:633,233,1,0
BRDA:641,234,0,0
BRDA:641,234,1,0
BRDA:653,235,0,0
BRDA:653,235,1,0
BRDA:662,236,0,0
BRDA:662,236,1,0
BRDA:663,237,0,0
BRDA:663,237,1,0
BRDA:663,237,2,0
BRDA:664,238,0,0
BRDA:664,238,1,0
BRDA:664,238,2,0
BRDA:665,239,0,0
BRDA:665,239,1,0
BRDA:665,239,2,0
BRDA:667,240,0,0
BRDA:667,240,1,0
BRDA:668,241,0,0
BRDA:668,241,1,0
BRDA:669,242,0,0
BRDA:669,242,1,0
BRDA:670,243,0,0
BRDA:670,243,1,0
BRDA:675,244,0,0
BRDA:675,244,1,0
BRDA:675,245,0,0
BRDA:675,245,1,0
BRDA:676,246,0,0
BRDA:676,246,1,0
BRDA:676,247,0,0
BRDA:676,247,1,0
BRDA:677,248,0,0
BRDA:677,248,1,0
BRDA:677,249,0,0
BRDA:677,249,1,0
BRDA:678,250,0,0
BRDA:678,250,1,0
BRDA:678,251,0,0
BRDA:678,251,1,0
BRDA:680,252,0,0
BRDA:680,252,1,0
BRDA:686,253,0,0
BRDA:686,253,1,0
BRDA:689,254,0,0
BRDA:689,254,1,0
BRDA:689,255,0,0
BRDA:689,255,1,0
BRDA:705,256,0,0
BRDA:705,256,1,0
BRDA:738,257,0,0
BRDA:738,257,1,0
BRDA:755,258,0,0
BRDA:755,258,1,0
BRDA:758,259,0,0
BRDA:758,259,1,0
BRDA:759,260,0,0
BRDA:759,260,1,0
BRDA:760,261,0,0
BRDA:760,261,1,0
BRDA:770,262,0,0
BRDA:770,262,1,0
BRDA:784,263,0,0
BRDA:784,263,1,0
BRDA:784,264,0,0
BRDA:784,264,1,0
BRDA:784,265,0,0
BRDA:784,265,1,0
BRDA:784,265,2,0
BRDA:785,266,0,0
BRDA:785,266,1,0
BRDA:804,267,0,0
BRDA:804,267,1,0
BRDA:809,268,0,0
BRDA:809,268,1,0
BRDA:809,269,0,0
BRDA:809,269,1,0
BRDA:827,270,0,0
BRDA:827,270,1,0
BRDA:829,271,0,0
BRDA:829,271,1,0
BRDA:832,272,0,0
BRDA:832,272,1,0
BRDA:848,273,0,0
BRDA:848,273,1,0
BRF:648
BRH:0
end_of_record
TN:
SF:src\controllers\exportInvoiceController.js
FN:29,mergeUniqueFieldValues
FN:65,(anonymous_1)
FN:159,(anonymous_2)
FN:303,(anonymous_3)
FN:306,(anonymous_4)
FN:306,(anonymous_5)
FN:342,(anonymous_6)
FN:344,(anonymous_7)
FN:371,(anonymous_8)
FN:372,(anonymous_9)
FN:378,(anonymous_10)
FN:401,(anonymous_11)
FN:402,(anonymous_12)
FN:403,(anonymous_13)
FN:404,(anonymous_14)
FN:405,(anonymous_15)
FN:406,(anonymous_16)
FN:407,(anonymous_17)
FN:409,(anonymous_18)
FN:410,(anonymous_19)
FN:410,(anonymous_20)
FN:411,(anonymous_21)
FN:414,(anonymous_22)
FN:584,(anonymous_23)
FN:816,(anonymous_24)
FN:840,(anonymous_25)
FN:1078,(anonymous_26)
FN:1081,(anonymous_27)
FN:1088,(anonymous_28)
FN:1143,(anonymous_29)
FN:1317,(anonymous_30)
FN:1318,(anonymous_31)
FN:1325,(anonymous_32)
FN:1330,(anonymous_33)
FN:1387,(anonymous_34)
FN:1520,(anonymous_35)
FN:1638,(anonymous_36)
FN:1665,(anonymous_37)
FN:1693,(anonymous_38)
FNF:39
FNH:0
FNDA:0,mergeUniqueFieldValues
FNDA:0,(anonymous_1)
FNDA:0,(anonymous_2)
FNDA:0,(anonymous_3)
FNDA:0,(anonymous_4)
FNDA:0,(anonymous_5)
FNDA:0,(anonymous_6)
FNDA:0,(anonymous_7)
FNDA:0,(anonymous_8)
FNDA:0,(anonymous_9)
FNDA:0,(anonymous_10)
FNDA:0,(anonymous_11)
FNDA:0,(anonymous_12)
FNDA:0,(anonymous_13)
FNDA:0,(anonymous_14)
FNDA:0,(anonymous_15)
FNDA:0,(anonymous_16)
FNDA:0,(anonymous_17)
FNDA:0,(anonymous_18)
FNDA:0,(anonymous_19)
FNDA:0,(anonymous_20)
FNDA:0,(anonymous_21)
FNDA:0,(anonymous_22)
FNDA:0,(anonymous_23)
FNDA:0,(anonymous_24)
FNDA:0,(anonymous_25)
FNDA:0,(anonymous_26)
FNDA:0,(anonymous_27)
FNDA:0,(anonymous_28)
FNDA:0,(anonymous_29)
FNDA:0,(anonymous_30)
FNDA:0,(anonymous_31)
FNDA:0,(anonymous_32)
FNDA:0,(anonymous_33)
FNDA:0,(anonymous_34)
FNDA:0,(anonymous_35)
FNDA:0,(anonymous_36)
FNDA:0,(anonymous_37)
FNDA:0,(anonymous_38)
DA:30,0
DA:31,0
DA:32,0
DA:34,0
DA:35,0
DA:37,0
DA:38,0
DA:41,0
DA:42,0
DA:43,0
DA:44,0
DA:45,0
DA:46,0
DA:50,0
DA:51,0
DA:52,0
DA:53,0
DA:54,0
DA:61,0
DA:65,0
DA:66,0
DA:74,0
DA:75,0
DA:77,0
DA:78,0
DA:79,0
DA:81,0
DA:82,0
DA:83,0
DA:85,0
DA:86,0
DA:87,0
DA:91,0
DA:92,0
DA:93,0
DA:94,0
DA:97,0
DA:98,0
DA:99,0
DA:100,0
DA:103,0
DA:104,0
DA:105,0
DA:106,0
DA:109,0
DA:110,0
DA:111,0
DA:112,0
DA:115,0
DA:117,0
DA:121,0
DA:123,0
DA:124,0
DA:127,0
DA:149,0
DA:155,0
DA:159,0
DA:160,0
DA:161,0
DA:163,0
DA:164,0
DA:165,0
DA:168,0
DA:169,0
DA:171,0
DA:172,0
DA:173,0
DA:176,0
DA:208,0
DA:209,0
DA:212,0
DA:215,0
DA:216,0
DA:217,0
DA:224,0
DA:225,0
DA:226,0
DA:227,0
DA:228,0
DA:232,0
DA:233,0
DA:234,0
DA:235,0
DA:236,0
DA:252,0
DA:255,0
DA:258,0
DA:259,0
DA:260,0
DA:261,0
DA:262,0
DA:263,0
DA:264,0
DA:266,0
DA:267,0
DA:270,0
DA:271,0
DA:272,0
DA:275,0
DA:280,0
DA:293,0
DA:299,0
DA:303,0
DA:304,0
DA:305,0
DA:306,0
DA:308,0
DA:309,0
DA:310,0
DA:311,0
DA:315,0
DA:316,0
DA:319,0
DA:320,0
DA:322,0
DA:323,0
DA:324,0
DA:327,0
DA:332,0
DA:333,0
DA:336,0
DA:339,0
DA:340,0
DA:342,0
DA:344,0
DA:345,0
DA:352,0
DA:353,0
DA:360,0
DA:363,0
DA:364,0
DA:365,0
DA:366,0
DA:367,0
DA:368,0
DA:371,0
DA:372,0
DA:373,0
DA:374,0
DA:375,0
DA:378,0
DA:379,0
DA:380,0
DA:382,0
DA:383,0
DA:384,0
DA:385,0
DA:386,0
DA:389,0
DA:401,0
DA:402,0
DA:403,0
DA:404,0
DA:405,0
DA:406,0
DA:407,0
DA:409,0
DA:410,0
DA:411,0
DA:414,0
DA:417,0
DA:418,0
DA:419,0
DA:420,0
DA:421,0
DA:425,0
DA:426,0
DA:427,0
DA:428,0
DA:441,0
DA:445,0
DA:446,0
DA:447,0
DA:448,0
DA:449,0
DA:450,0
DA:451,0
DA:452,0
DA:456,0
DA:457,0
DA:458,0
DA:459,0
DA:460,0
DA:461,0
DA:463,0
DA:464,0
DA:467,0
DA:469,0
DA:470,0
DA:488,0
DA:493,0
DA:494,0
DA:495,0
DA:499,0
DA:500,0
DA:501,0
DA:505,0
DA:506,0
DA:508,0
DA:574,0
DA:580,0
DA:584,0
DA:585,0
DA:586,0
DA:590,0
DA:591,0
DA:592,0
DA:593,0
DA:594,0
DA:595,0
DA:596,0
DA:598,0
DA:600,0
DA:601,0
DA:602,0
DA:603,0
DA:604,0
DA:606,0
DA:609,0
DA:610,0
DA:613,0
DA:616,0
DA:617,0
DA:618,0
DA:619,0
DA:620,0
DA:624,0
DA:625,0
DA:629,0
DA:632,0
DA:634,0
DA:635,0
DA:636,0
DA:639,0
DA:640,0
DA:641,0
DA:642,0
DA:643,0
DA:644,0
DA:646,0
DA:702,0
DA:718,0
DA:732,0
DA:768,0
DA:796,0
DA:808,0
DA:810,0
DA:816,0
DA:817,0
DA:828,0
DA:831,0
DA:833,0
DA:834,0
DA:837,0
DA:838,0
DA:839,0
DA:840,0
DA:841,0
DA:842,0
DA:847,0
DA:851,0
DA:852,0
DA:856,0
DA:857,0
DA:858,0
DA:862,0
DA:863,0
DA:864,0
DA:865,0
DA:870,0
DA:873,0
DA:877,0
DA:878,0
DA:881,0
DA:882,0
DA:883,0
DA:886,0
DA:955,0
DA:957,0
DA:958,0
DA:959,0
DA:960,0
DA:962,0
DA:963,0
DA:965,0
DA:992,0
DA:999,0
DA:1002,0
DA:1003,0
DA:1004,0
DA:1005,0
DA:1006,0
DA:1008,0
DA:1024,0
DA:1029,0
DA:1032,0
DA:1033,0
DA:1036,0
DA:1037,0
DA:1038,0
DA:1039,0
DA:1040,0
DA:1041,0
DA:1043,0
DA:1050,0
DA:1056,0
DA:1057,0
DA:1063,0
DA:1071,0
DA:1074,0
DA:1078,0
DA:1081,0
DA:1082,0
DA:1086,0
DA:1087,0
DA:1088,0
DA:1089,0
DA:1094,0
DA:1102,0
DA:1105,0
DA:1106,0
DA:1107,0
DA:1111,0
DA:1112,0
DA:1113,0
DA:1114,0
DA:1115,0
DA:1127,0
DA:1129,0
DA:1131,0
DA:1133,0
DA:1134,0
DA:1136,0
DA:1139,0
DA:1143,0
DA:1145,0
DA:1146,0
DA:1147,0
DA:1149,0
DA:1150,0
DA:1153,0
DA:1154,0
DA:1157,0
DA:1162,0
DA:1163,0
DA:1164,0
DA:1167,0
DA:1168,0
DA:1169,0
DA:1173,0
DA:1174,0
DA:1178,0
DA:1179,0
DA:1180,0
DA:1181,0
DA:1182,0
DA:1186,0
DA:1198,0
DA:1199,0
DA:1200,0
DA:1202,0
DA:1203,0
DA:1204,0
DA:1205,0
DA:1206,0
DA:1207,0
DA:1208,0
DA:1212,0
DA:1213,0
DA:1216,0
DA:1217,0
DA:1218,0
DA:1219,0
DA:1220,0
DA:1221,0
DA:1223,0
DA:1228,0
DA:1229,0
DA:1230,0
DA:1234,0
DA:1235,0
DA:1236,0
DA:1237,0
DA:1239,0
DA:1240,0
DA:1241,0
DA:1242,0
DA:1244,0
DA:1245,0
DA:1247,0
DA:1274,0
DA:1281,0
DA:1284,0
DA:1285,0
DA:1286,0
DA:1287,0
DA:1288,0
DA:1290,0
DA:1305,0
DA:1310,0
DA:1314,0
DA:1317,0
DA:1318,0
DA:1321,0
DA:1325,0
DA:1328,0
DA:1329,0
DA:1330,0
DA:1331,0
DA:1336,0
DA:1337,0
DA:1338,0
DA:1339,0
DA:1341,0
DA:1346,0
DA:1354,0
DA:1357,0
DA:1358,0
DA:1359,0
DA:1363,0
DA:1364,0
DA:1365,0
DA:1376,0
DA:1378,0
DA:1380,0
DA:1381,0
DA:1383,0
DA:1387,0
DA:1390,0
DA:1391,0
DA:1392,0
DA:1394,0
DA:1395,0
DA:1396,0
DA:1399,0
DA:1400,0
DA:1402,0
DA:1403,0
DA:1404,0
DA:1406,0
DA:1407,0
DA:1411,0
DA:1416,0
DA:1417,0
DA:1420,0
DA:1421,0
DA:1424,0
DA:1426,0
DA:1427,0
DA:1429,0
DA:1430,0
DA:1431,0
DA:1432,0
DA:1433,0
DA:1434,0
DA:1436,0
DA:1437,0
DA:1440,0
DA:1441,0
DA:1442,0
DA:1447,0
DA:1448,0
DA:1449,0
DA:1450,0
DA:1451,0
DA:1452,0
DA:1454,0
DA:1455,0
DA:1458,0
DA:1459,0
DA:1460,0
DA:1465,0
DA:1466,0
DA:1467,0
DA:1468,0
DA:1469,0
DA:1470,0
DA:1472,0
DA:1473,0
DA:1476,0
DA:1477,0
DA:1478,0
DA:1483,0
DA:1484,0
DA:1485,0
DA:1486,0
DA:1487,0
DA:1488,0
DA:1490,0
DA:1491,0
DA:1494,0
DA:1495,0
DA:1496,0
DA:1501,0
DA:1502,0
DA:1503,0
DA:1504,0
DA:1505,0
DA:1506,0
DA:1508,0
DA:1509,0
DA:1512,0
DA:1513,0
DA:1514,0
DA:1519,0
DA:1520,0
DA:1521,0
DA:1530,0
DA:1531,0
DA:1534,0
DA:1539,0
DA:1540,0
DA:1541,0
DA:1542,0
DA:1545,0
DA:1549,0
DA:1550,0
DA:1551,0
DA:1552,0
DA:1554,0
DA:1555,0
DA:1560,0
DA:1561,0
DA:1565,0
DA:1566,0
DA:1570,0
DA:1571,0
DA:1572,0
DA:1573,0
DA:1575,0
DA:1579,0
DA:1580,0
DA:1584,0
DA:1585,0
DA:1589,0
DA:1590,0
DA:1591,0
DA:1592,0
DA:1594,0
DA:1598,0
DA:1599,0
DA:1602,0
DA:1607,0
DA:1608,0
DA:1609,0
DA:1610,0
DA:1613,0
DA:1615,0
DA:1621,0
DA:1622,0
DA:1623,0
DA:1627,0
DA:1629,0
DA:1630,0
DA:1631,0
DA:1638,0
DA:1639,0
DA:1640,0
DA:1644,0
DA:1645,0
DA:1648,0
DA:1650,0
DA:1661,0
DA:1665,0
DA:1666,0
DA:1667,0
DA:1668,0
DA:1670,0
DA:1675,0
DA:1676,0
DA:1679,0
DA:1680,0
DA:1682,0
DA:1687,0
DA:1689,0
DA:1693,0
DA:1694,0
DA:1695,0
DA:1696,0
DA:1697,0
DA:1699,0
DA:1702,0
DA:1703,0
DA:1710,0
DA:1718,0
DA:1719,0
DA:1723,0
DA:1724,0
DA:1725,0
DA:1726,0
DA:1728,0
DA:1732,0
DA:1734,0
LF:593
LH:0
BRDA:29,0,0,0
BRDA:30,1,0,0
BRDA:30,1,1,0
BRDA:35,2,0,0
BRDA:35,2,1,0
BRDA:35,3,0,0
BRDA:35,3,1,0
BRDA:38,4,0,0
BRDA:38,4,1,0
BRDA:38,5,0,0
BRDA:38,5,1,0
BRDA:38,5,2,0
BRDA:43,6,0,0
BRDA:43,6,1,0
BRDA:45,7,0,0
BRDA:45,7,1,0
BRDA:45,8,0,0
BRDA:45,8,1,0
BRDA:45,8,2,0
BRDA:45,8,3,0
BRDA:53,9,0,0
BRDA:53,9,1,0
BRDA:53,10,0,0
BRDA:53,10,1,0
BRDA:53,10,2,0
BRDA:53,10,3,0
BRDA:68,11,0,0
BRDA:69,12,0,0
BRDA:81,13,0,0
BRDA:81,13,1,0
BRDA:82,14,0,0
BRDA:82,14,1,0
BRDA:91,15,0,0
BRDA:91,15,1,0
BRDA:97,16,0,0
BRDA:97,16,1,0
BRDA:103,17,0,0
BRDA:103,17,1,0
BRDA:109,18,0,0
BRDA:109,18,1,0
BRDA:115,19,0,0
BRDA:115,19,1,0
BRDA:123,20,0,0
BRDA:123,20,1,0
BRDA:164,21,0,0
BRDA:164,21,1,0
BRDA:171,22,0,0
BRDA:171,22,1,0
BRDA:208,23,0,0
BRDA:208,23,1,0
BRDA:215,24,0,0
BRDA:215,24,1,0
BRDA:215,25,0,0
BRDA:215,25,1,0
BRDA:226,26,0,0
BRDA:226,26,1,0
BRDA:227,27,0,0
BRDA:227,27,1,0
BRDA:232,28,0,0
BRDA:232,28,1,0
BRDA:234,29,0,0
BRDA:234,29,1,0
BRDA:235,30,0,0
BRDA:235,30,1,0
BRDA:239,31,0,0
BRDA:239,31,1,0
BRDA:239,31,2,0
BRDA:239,31,3,0
BRDA:240,32,0,0
BRDA:240,32,1,0
BRDA:240,32,2,0
BRDA:240,32,3,0
BRDA:240,32,4,0
BRDA:241,33,0,0
BRDA:241,33,1,0
BRDA:241,33,2,0
BRDA:241,33,3,0
BRDA:242,34,0,0
BRDA:242,34,1,0
BRDA:242,34,2,0
BRDA:242,34,3,0
BRDA:243,35,0,0
BRDA:243,35,1,0
BRDA:243,35,2,0
BRDA:243,35,3,0
BRDA:243,35,4,0
BRDA:245,36,0,0
BRDA:245,36,1,0
BRDA:245,36,2,0
BRDA:246,37,0,0
BRDA:246,37,1,0
BRDA:246,37,2,0
BRDA:247,38,0,0
BRDA:247,38,1,0
BRDA:247,38,2,0
BRDA:258,39,0,0
BRDA:258,39,1,0
BRDA:258,40,0,0
BRDA:258,40,1,0
BRDA:262,41,0,0
BRDA:262,41,1,0
BRDA:263,42,0,0
BRDA:263,42,1,0
BRDA:271,43,0,0
BRDA:271,43,1,0
BRDA:282,44,0,0
BRDA:282,44,1,0
BRDA:283,45,0,0
BRDA:283,45,1,0
BRDA:284,46,0,0
BRDA:284,46,1,0
BRDA:285,47,0,0
BRDA:285,47,1,0
BRDA:286,48,0,0
BRDA:286,48,1,0
BRDA:287,49,0,0
BRDA:287,49,1,0
BRDA:288,50,0,0
BRDA:288,50,1,0
BRDA:289,51,0,0
BRDA:289,51,1,0
BRDA:290,52,0,0
BRDA:290,52,1,0
BRDA:310,53,0,0
BRDA:310,53,1,0
BRDA:315,54,0,0
BRDA:315,54,1,0
BRDA:322,55,0,0
BRDA:322,55,1,0
BRDA:332,56,0,0
BRDA:332,56,1,0
BRDA:339,57,0,0
BRDA:339,57,1,0
BRDA:342,58,0,0
BRDA:342,58,1,0
BRDA:342,59,0,0
BRDA:342,59,1,0
BRDA:345,60,0,0
BRDA:345,60,1,0
BRDA:345,60,2,0
BRDA:345,60,3,0
BRDA:345,60,4,0
BRDA:352,61,0,0
BRDA:352,61,1,0
BRDA:373,62,0,0
BRDA:373,62,1,0
BRDA:375,63,0,0
BRDA:375,63,1,0
BRDA:379,64,0,0
BRDA:379,64,1,0
BRDA:382,65,0,0
BRDA:382,65,1,0
BRDA:383,66,0,0
BRDA:383,66,1,0
BRDA:384,67,0,0
BRDA:384,67,1,0
BRDA:385,68,0,0
BRDA:385,68,1,0
BRDA:386,69,0,0
BRDA:386,69,1,0
BRDA:410,70,0,0
BRDA:410,70,1,0
BRDA:419,71,0,0
BRDA:419,71,1,0
BRDA:420,72,0,0
BRDA:420,72,1,0
BRDA:425,73,0,0
BRDA:425,73,1,0
BRDA:427,74,0,0
BRDA:427,74,1,0
BRDA:434,75,0,0
BRDA:434,75,1,0
BRDA:445,76,0,0
BRDA:445,76,1,0
BRDA:456,77,0,0
BRDA:456,77,1,0
BRDA:459,78,0,0
BRDA:459,78,1,0
BRDA:460,79,0,0
BRDA:460,79,1,0
BRDA:469,80,0,0
BRDA:469,80,1,0
BRDA:474,81,0,0
BRDA:474,81,1,0
BRDA:475,82,0,0
BRDA:475,82,1,0
BRDA:476,83,0,0
BRDA:476,83,1,0
BRDA:476,84,0,0
BRDA:476,84,1,0
BRDA:478,85,0,0
BRDA:478,85,1,0
BRDA:494,86,0,0
BRDA:494,86,1,0
BRDA:500,87,0,0
BRDA:500,87,1,0
BRDA:505,88,0,0
BRDA:505,88,1,0
BRDA:505,88,2,0
BRDA:509,89,0,0
BRDA:509,89,1,0
BRDA:514,90,0,0
BRDA:514,90,1,0
BRDA:515,91,0,0
BRDA:515,91,1,0
BRDA:515,92,0,0
BRDA:515,92,1,0
BRDA:517,93,0,0
BRDA:517,93,1,0
BRDA:519,94,0,0
BRDA:519,94,1,0
BRDA:523,95,0,0
BRDA:523,95,1,0
BRDA:524,96,0,0
BRDA:524,96,1,0
BRDA:525,97,0,0
BRDA:525,97,1,0
BRDA:526,98,0,0
BRDA:526,98,1,0
BRDA:527,99,0,0
BRDA:527,99,1,0
BRDA:528,100,0,0
BRDA:528,100,1,0
BRDA:529,101,0,0
BRDA:529,101,1,0
BRDA:530,102,0,0
BRDA:530,102,1,0
BRDA:531,103,0,0
BRDA:531,103,1,0
BRDA:532,104,0,0
BRDA:532,104,1,0
BRDA:533,105,0,0
BRDA:533,105,1,0
BRDA:534,106,0,0
BRDA:534,106,1,0
BRDA:535,107,0,0
BRDA:535,107,1,0
BRDA:536,108,0,0
BRDA:536,108,1,0
BRDA:537,109,0,0
BRDA:537,109,1,0
BRDA:538,110,0,0
BRDA:538,110,1,0
BRDA:539,111,0,0
BRDA:539,111,1,0
BRDA:540,112,0,0
BRDA:540,112,1,0
BRDA:541,113,0,0
BRDA:541,113,1,0
BRDA:542,114,0,0
BRDA:542,114,1,0
BRDA:543,115,0,0
BRDA:543,115,1,0
BRDA:548,116,0,0
BRDA:548,116,1,0
BRDA:562,117,0,0
BRDA:562,117,1,0
BRDA:563,118,0,0
BRDA:563,118,1,0
BRDA:564,119,0,0
BRDA:564,119,1,0
BRDA:565,120,0,0
BRDA:565,120,1,0
BRDA:566,121,0,0
BRDA:566,121,1,0
BRDA:566,122,0,0
BRDA:566,122,1,0
BRDA:568,123,0,0
BRDA:568,123,1,0
BRDA:570,124,0,0
BRDA:570,124,1,0
BRDA:591,125,0,0
BRDA:591,125,1,0
BRDA:594,126,0,0
BRDA:594,126,1,0
BRDA:602,127,0,0
BRDA:602,127,1,0
BRDA:609,128,0,0
BRDA:609,128,1,0
BRDA:618,129,0,0
BRDA:618,129,1,0
BRDA:619,130,0,0
BRDA:619,130,1,0
BRDA:624,131,0,0
BRDA:624,131,1,0
BRDA:635,132,0,0
BRDA:635,132,1,0
BRDA:639,133,0,0
BRDA:639,133,1,0
BRDA:639,133,2,0
BRDA:651,134,0,0
BRDA:651,134,1,0
BRDA:651,135,0,0
BRDA:651,135,1,0
BRDA:652,136,0,0
BRDA:652,136,1,0
BRDA:656,137,0,0
BRDA:656,137,1,0
BRDA:657,138,0,0
BRDA:657,138,1,0
BRDA:658,139,0,0
BRDA:658,139,1,0
BRDA:659,140,0,0
BRDA:659,140,1,0
BRDA:660,141,0,0
BRDA:660,141,1,0
BRDA:661,142,0,0
BRDA:661,142,1,0
BRDA:662,143,0,0
BRDA:662,143,1,0
BRDA:663,144,0,0
BRDA:663,144,1,0
BRDA:664,145,0,0
BRDA:664,145,1,0
BRDA:665,146,0,0
BRDA:665,146,1,0
BRDA:666,147,0,0
BRDA:666,147,1,0
BRDA:667,148,0,0
BRDA:667,148,1,0
BRDA:668,149,0,0
BRDA:668,149,1,0
BRDA:669,150,0,0
BRDA:669,150,1,0
BRDA:670,151,0,0
BRDA:670,151,1,0
BRDA:671,152,0,0
BRDA:671,152,1,0
BRDA:672,153,0,0
BRDA:672,153,1,0
BRDA:673,154,0,0
BRDA:673,154,1,0
BRDA:674,155,0,0
BRDA:674,155,1,0
BRDA:675,156,0,0
BRDA:675,156,1,0
BRDA:676,157,0,0
BRDA:676,157,1,0
BRDA:677,158,0,0
BRDA:677,158,1,0
BRDA:678,159,0,0
BRDA:678,159,1,0
BRDA:679,160,0,0
BRDA:679,160,1,0
BRDA:679,160,2,0
BRDA:680,161,0,0
BRDA:680,161,1,0
BRDA:680,161,2,0
BRDA:681,162,0,0
BRDA:681,162,1,0
BRDA:681,162,2,0
BRDA:682,163,0,0
BRDA:682,163,1,0
BRDA:683,164,0,0
BRDA:683,164,1,0
BRDA:684,165,0,0
BRDA:684,165,1,0
BRDA:685,166,0,0
BRDA:685,166,1,0
BRDA:686,167,0,0
BRDA:686,167,1,0
BRDA:696,168,0,0
BRDA:696,168,1,0
BRDA:697,169,0,0
BRDA:697,169,1,0
BRDA:697,170,0,0
BRDA:697,170,1,0
BRDA:698,171,0,0
BRDA:698,171,1,0
BRDA:714,172,0,0
BRDA:714,172,1,0
BRDA:722,173,0,0
BRDA:722,173,1,0
BRDA:723,174,0,0
BRDA:723,174,1,0
BRDA:723,174,2,0
BRDA:724,175,0,0
BRDA:724,175,1,0
BRDA:724,175,2,0
BRDA:725,176,0,0
BRDA:725,176,1,0
BRDA:725,176,2,0
BRDA:726,177,0,0
BRDA:726,177,1,0
BRDA:726,177,2,0
BRDA:729,178,0,0
BRDA:729,178,1,0
BRDA:736,179,0,0
BRDA:736,179,1,0
BRDA:737,180,0,0
BRDA:737,180,1,0
BRDA:742,181,0,0
BRDA:742,181,1,0
BRDA:743,182,0,0
BRDA:743,182,1,0
BRDA:744,183,0,0
BRDA:744,183,1,0
BRDA:745,184,0,0
BRDA:745,184,1,0
BRDA:746,185,0,0
BRDA:746,185,1,0
BRDA:775,186,0,0
BRDA:775,186,1,0
BRDA:778,187,0,0
BRDA:778,187,1,0
BRDA:780,188,0,0
BRDA:780,188,1,0
BRDA:781,189,0,0
BRDA:781,189,1,0
BRDA:782,190,0,0
BRDA:782,190,1,0
BRDA:833,191,0,0
BRDA:833,191,1,0
BRDA:837,192,0,0
BRDA:837,192,1,0
BRDA:837,193,0,0
BRDA:837,193,1,0
BRDA:838,194,0,0
BRDA:838,194,1,0
BRDA:841,195,0,0
BRDA:841,195,1,0
BRDA:847,196,0,0
BRDA:847,196,1,0
BRDA:847,197,0,0
BRDA:847,197,1,0
BRDA:849,198,0,0
BRDA:849,198,1,0
BRDA:851,199,0,0
BRDA:851,199,1,0
BRDA:857,200,0,0
BRDA:857,200,1,0
BRDA:857,201,0,0
BRDA:857,201,1,0
BRDA:864,202,0,0
BRDA:864,202,1,0
BRDA:864,203,0,0
BRDA:864,203,1,0
BRDA:865,204,0,0
BRDA:865,204,1,0
BRDA:877,205,0,0
BRDA:877,205,1,0
BRDA:905,206,0,0
BRDA:905,206,1,0
BRDA:909,207,0,0
BRDA:909,207,1,0
BRDA:910,208,0,0
BRDA:910,208,1,0
BRDA:911,209,0,0
BRDA:911,209,1,0
BRDA:912,210,0,0
BRDA:912,210,1,0
BRDA:913,211,0,0
BRDA:913,211,1,0
BRDA:914,212,0,0
BRDA:914,212,1,0
BRDA:915,213,0,0
BRDA:915,213,1,0
[...]
FN:122,(anonymous_10)
FN:128,(anonymous_11)
FN:132,(anonymous_12)
FN:138,(anonymous_13)
FN:142,(anonymous_14)
FN:148,(anonymous_15)
FN:154,(anonymous_16)
FN:155,(anonymous_17)
FN:156,(anonymous_18)
FNF:19
FNH:0
FNDA:0,(anonymous_0)
FNDA:0,(anonymous_1)
FNDA:0,(anonymous_2)
FNDA:0,(anonymous_3)
FNDA:0,(anonymous_4)
FNDA:0,(anonymous_5)
FNDA:0,(anonymous_6)
FNDA:0,(anonymous_7)
FNDA:0,(anonymous_8)
FNDA:0,(anonymous_9)
FNDA:0,(anonymous_10)
FNDA:0,(anonymous_11)
FNDA:0,(anonymous_12)
FNDA:0,(anonymous_13)
FNDA:0,(anonymous_14)
FNDA:0,(anonymous_15)
FNDA:0,(anonymous_16)
FNDA:0,(anonymous_17)
FNDA:0,(anonymous_18)
DA:17,0
DA:20,0
DA:27,0
DA:30,0
DA:31,0
DA:32,0
DA:34,0
DA:35,0
DA:37,0
DA:42,0
DA:68,0
DA:69,0
DA:75,0
DA:77,0
DA:81,0
DA:85,0
DA:86,0
DA:92,0
DA:97,0
DA:101,0
DA:105,0
DA:109,0
DA:110,0
DA:114,0
DA:115,0
DA:119,0
DA:123,0
DA:124,0
DA:125,0
DA:129,0
DA:133,0
DA:134,0
DA:135,0
DA:139,0
DA:143,0
DA:144,0
DA:145,0
DA:149,0
DA:150,0
DA:154,0
DA:155,0
DA:156,0
LF:42
LH:0
BRDA:31,0,0,0
BRDA:31,0,1,0
BRDA:31,1,0,0
BRDA:31,1,1,0
BRDA:31,1,2,0
BRDA:31,1,3,0
BRDA:34,2,0,0
BRDA:34,2,1,0
BRDA:43,3,0,0
BRDA:43,3,1,0
BRDA:68,4,0,0
BRDA:68,4,1,0
BRDA:76,5,0,0
BRDA:77,6,0,0
BRDA:77,6,1,0
BRDA:80,7,0,0
BRDA:81,8,0,0
BRDA:81,8,1,0
BRDA:84,9,0,0
BRDA:85,10,0,0
BRDA:85,10,1,0
BRDA:92,11,0,0
BRDA:92,11,1,0
BRDA:96,12,0,0
BRDA:97,13,0,0
BRDA:97,13,1,0
BRDA:100,14,0,0
BRDA:101,15,0,0
BRDA:101,15,1,0
BRDA:104,16,0,0
BRDA:104,17,0,0
BRDA:108,18,0,0
BRDA:109,19,0,0
BRDA:109,19,1,0
BRDA:113,20,0,0
BRDA:114,21,0,0
BRDA:114,21,1,0
BRDA:118,22,0,0
BRDA:118,23,0,0
BRDA:122,24,0,0
BRDA:123,25,0,0
BRDA:123,25,1,0
BRDA:124,26,0,0
BRDA:124,26,1,0
BRDA:125,27,0,0
BRDA:125,27,1,0
BRDA:128,28,0,0
BRDA:129,29,0,0
BRDA:129,29,1,0
BRDA:133,30,0,0
BRDA:133,30,1,0
BRDA:134,31,0,0
BRDA:134,31,1,0
BRDA:144,32,0,0
BRDA:144,32,1,0
BRDA:148,33,0,0
BRDA:149,34,0,0
BRDA:149,34,1,0
BRDA:149,35,0,0
BRDA:149,35,1,0
BRF:60
BRH:0
end_of_record
TN:
SF:src\utils\documentNumberGenerator.js
FN:23,(anonymous_0)
FN:54,(anonymous_1)
FN:90,(anonymous_2)
FN:97,(anonymous_3)
FN:102,(anonymous_4)
FNF:5
FNH:0
FNDA:0,(anonymous_0)
FNDA:0,(anonymous_1)
FNDA:0,(anonymous_2)
FNDA:0,(anonymous_3)
FNDA:0,(anonymous_4)
DA:17,0
DA:18,0
DA:23,0
DA:24,0
DA:25,0
DA:28,0
DA:29,0
DA:30,0
DA:31,0
DA:33,0
DA:38,0
DA:39,0
DA:40,0
DA:42,0
DA:54,0
DA:55,0
DA:56,0
DA:59,0
DA:60,0
DA:61,0
DA:62,0
DA:64,0
DA:73,0
DA:74,0
DA:75,0
DA:76,0
DA:78,0
DA:90,0
DA:91,0
DA:97,0
DA:102,0
DA:103,0
DA:104,0
DA:105,0
DA:107,0
DA:108,0
DA:115,0
DA:116,0
DA:126,0
LF:39
LH:0
BRDA:23,0,0,0
BRDA:24,1,0,0
BRDA:24,1,1,0
BRDA:31,2,0,0
BRDA:31,2,1,0
BRDA:38,3,0,0
BRDA:38,3,1,0
BRDA:40,4,0,0
BRDA:40,4,1,0
BRDA:54,5,0,0
BRDA:54,6,0,0
BRDA:55,7,0,0
BRDA:55,7,1,0
BRDA:62,8,0,0
BRDA:62,8,1,0
BRDA:75,9,0,0
BRDA:75,9,1,0
BRDA:76,10,0,0
BRDA:76,10,1,0
BRDA:90,11,0,0
BRDA:91,12,0,0
BRDA:91,12,1,0
BRDA:97,13,0,0
BRDA:103,14,0,0
BRDA:103,14,1,0
BRDA:107,15,0,0
BRDA:107,15,1,0
BRDA:111,16,0,0
BRDA:111,16,1,0
BRDA:115,17,0,0
BRDA:115,17,1,0
BRDA:121,18,0,0
BRDA:121,18,1,0
BRF:33
BRH:0
end_of_record
TN:
SF:src\utils\emailService.js
FN:27,(anonymous_0)
FN:71,(anonymous_1)
FNF:2
FNH:0
FNDA:0,(anonymous_0)
FNDA:0,(anonymous_1)
DA:16,0
DA:27,0
DA:28,0
DA:30,0
DA:61,0
DA:62,0
DA:63,0
DA:65,0
DA:66,0
DA:71,0
DA:72,0
DA:102,0
DA:103,0
DA:104,0
DA:106,0
DA:107,0
LF:16
LH:0
BRDA:27,0,0,0
BRF:1
BRH:0
end_of_record
TN:
SF:src\utils\encryption.js
FN:47,(anonymous_0)
FN:62,(anonymous_1)
FN:96,(anonymous_2)
FN:111,(anonymous_3)
FNF:4
FNH:0
FNDA:0,(anonymous_0)
FNDA:0,(anonymous_1)
FNDA:0,(anonymous_2)
FNDA:0,(anonymous_3)
DA:15,0
DA:17,0
DA:18,0
DA:19,0
DA:24,0
DA:26,0
DA:27,0
DA:28,0
DA:29,0
DA:30,0
DA:32,0
DA:33,0
DA:34,0
DA:35,0
DA:36,0
DA:37,0
DA:38,0
DA:40,0
DA:47,0
DA:48,0
DA:49,0
DA:50,0
DA:52,0
DA:53,0
DA:54,0
DA:56,0
DA:62,0
DA:63,0
DA:64,0
DA:65,0
DA:66,0
DA:67,0
DA:68,0
DA:69,0
DA:71,0
DA:72,0
DA:74,0
DA:75,0
DA:76,0
DA:79,0
DA:80,0
DA:81,0
DA:82,0
DA:83,0
DA:84,0
DA:85,0
DA:88,0
DA:89,0
DA:96,0
DA:97,0
DA:99,0
DA:100,0
DA:101,0
DA:102,0
DA:105,0
DA:111,0
DA:112,0
DA:114,0
DA:115,0
DA:116,0
DA:117,0
DA:118,0
DA:119,0
DA:123,0
LF:64
LH:0
BRDA:26,0,0,0
BRDA:26,0,1,0
BRDA:33,1,0,0
BRDA:33,1,1,0
BRDA:48,2,0,0
BRDA:48,2,1,0
BRDA:63,3,0,0
BRDA:63,3,1,0
BRDA:65,4,0,0
BRDA:65,4,1,0
BRDA:97,5,0,0
BRDA:97,5,1,0
BRDA:101,6,0,0
BRDA:101,6,1,0
BRDA:101,7,0,0
BRDA:101,7,1,0
BRDA:101,7,2,0
BRDA:112,8,0,0
BRDA:112,8,1,0
BRDA:116,9,0,0
BRDA:116,9,1,0
BRDA:116,10,0,0
BRDA:116,10,1,0
BRDA:116,10,2,0
BRDA:118,11,0,0
BRDA:118,11,1,0
BRF:26
BRH:0
end_of_record
TN:
SF:src\utils\excelExportService.js
FN:15,(anonymous_0)
FN:40,(anonymous_1)
FN:46,(anonymous_2)
FN:68,(anonymous_3)
FN:117,(anonymous_4)
FN:122,(anonymous_5)
FN:132,(anonymous_6)
FN:179,(anonymous_7)
FN:184,(anonymous_8)
FNF:9
FNH:0
FNDA:0,(anonymous_0)
FNDA:0,(anonymous_1)
FNDA:0,(anonymous_2)
FNDA:0,(anonymous_3)
FNDA:0,(anonymous_4)
FNDA:0,(anonymous_5)
FNDA:0,(anonymous_6)
FNDA:0,(anonymous_7)
FNDA:0,(anonymous_8)
DA:15,0
DA:16,0
DA:17,0
DA:18,0
DA:20,0
DA:23,0
DA:36,0
DA:37,0
DA:40,0
DA:42,0
DA:46,0
DA:47,0
DA:61,0
DA:63,0
DA:64,0
DA:68,0
DA:69,0
DA:70,0
DA:71,0
DA:74,0
DA:75,0
DA:86,0
DA:87,0
DA:88,0
DA:91,0
DA:92,0
DA:105,0
DA:106,0
DA:107,0
DA:109,0
DA:110,0
DA:111,0
DA:112,0
DA:113,0
DA:114,0
DA:115,0
DA:117,0
DA:118,0
DA:121,0
DA:122,0
DA:123,0
DA:125,0
DA:128,0
DA:129,0
DA:130,0
DA:132,0
DA:133,0
DA:134,0
DA:135,0
DA:137,0
DA:138,0
DA:139,0
DA:142,0
DA:143,0
DA:144,0
DA:145,0
DA:146,0
DA:147,0
DA:148,0
DA:151,0
DA:166,0
DA:179,0
DA:180,0
DA:184,0
DA:185,0
DA:189,0
DA:190,0
DA:195,0
DA:196,0
DA:198,0
DA:199,0
DA:200,0
DA:201,0
DA:202,0
DA:203,0
DA:204,0
DA:206,0
DA:208,0
DA:210,0
DA:211,0
LF:80
LH:0
BRDA:42,0,0,0
BRDA:42,0,1,0
BRDA:42,1,0,0
BRDA:42,1,1,0
BRDA:42,1,2,0
BRDA:48,2,0,0
BRDA:48,2,1,0
BRDA:50,3,0,0
BRDA:50,3,1,0
BRDA:51,4,0,0
BRDA:51,4,1,0
BRDA:52,5,0,0
BRDA:52,5,1,0
BRDA:52,5,2,0
BRDA:53,6,0,0
BRDA:53,6,1,0
BRDA:54,7,0,0
BRDA:54,7,1,0
BRDA:54,7,2,0
BRDA:54,8,0,0
BRDA:54,8,1,0
BRDA:55,9,0,0
BRDA:55,9,1,0
BRDA:56,10,0,0
BRDA:56,10,1,0
BRDA:118,11,0,0
BRDA:118,11,1,0
BRDA:123,12,0,0
BRDA:123,12,1,0
BRDA:125,13,0,0
BRDA:125,13,1,0
BRDA:133,14,0,0
BRDA:133,14,1,0
BRDA:133,14,2,0
BRDA:134,15,0,0
BRDA:134,15,1,0
BRDA:134,15,2,0
BRDA:145,16,0,0
BRDA:145,16,1,0
BRDA:146,17,0,0
BRDA:146,17,1,0
BRDA:147,18,0,0
BRDA:147,18,1,0
BRDA:148,19,0,0
BRDA:148,19,1,0
BRDA:153,20,0,0
BRDA:153,20,1,0
BRDA:154,21,0,0
BRDA:154,21,1,0
BRDA:154,22,0,0
BRDA:154,22,1,0
BRDA:155,23,0,0
BRDA:155,23,1,0
BRDA:156,24,0,0
BRDA:156,24,1,0
BRDA:156,24,2,0
BRDA:160,25,0,0
BRDA:160,25,1,0
BRDA:160,25,2,0
BRDA:161,26,0,0
BRDA:161,26,1,0
BRDA:174,27,0,0
BRDA:174,27,1,0
BRF:63
BRH:0
end_of_record
TN:
SF:src\utils\globalSchemaMigration.js
FN:28,(anonymous_0)
FNF:1
FNH:0
FNDA:0,(anonymous_0)
DA:26,0
DA:28,0
DA:29,0
DA:30,0
DA:32,0
DA:310,0
DA:313,0
DA:314,0
DA:316,0
DA:317,0
DA:318,0
DA:319,0
DA:405,0
DA:407,0
DA:411,0
DA:414,0
DA:415,0
LF:17
LH:0
BRF:0
BRH:0
end_of_record
TN:
SF:src\utils\helpers.js
FN:17,(anonymous_0)
FN:23,(anonymous_1)
FN:30,(anonymous_2)
FN:46,(anonymous_3)
FN:59,(anonymous_4)
FN:64,(anonymous_5)
FN:77,(anonymous_6)
FN:98,(anonymous_7)
FN:102,(anonymous_8)
FN:109,(anonymous_9)
FN:119,(anonymous_10)
FN:125,(anonymous_11)
FN:126,(anonymous_12)
FN:130,(anonymous_13)
FN:131,(anonymous_14)
FN:135,(anonymous_15)
FN:138,(anonymous_16)
FN:163,(anonymous_17)
FN:166,(anonymous_18)
FN:191,(anonymous_19)
FN:199,(anonymous_20)
FN:208,(anonymous_21)
FN:217,(anonymous_22)
FN:230,(anonymous_23)
FN:236,(anonymous_24)
FN:237,(anonymous_25)
FNF:26
FNH:0
FNDA:0,(anonymous_0)
FNDA:0,(anonymous_1)
FNDA:0,(anonymous_2)
FNDA:0,(anonymous_3)
FNDA:0,(anonymous_4)
FNDA:0,(anonymous_5)
FNDA:0,(anonymous_6)
FNDA:0,(anonymous_7)
FNDA:0,(anonymous_8)
FNDA:0,(anonymous_9)
FNDA:0,(anonymous_10)
FNDA:0,(anonymous_11)
FNDA:0,(anonymous_12)
FNDA:0,(anonymous_13)
FNDA:0,(anonymous_14)
FNDA:0,(anonymous_15)
FNDA:0,(anonymous_16)
FNDA:0,(anonymous_17)
FNDA:0,(anonymous_18)
FNDA:0,(anonymous_19)
FNDA:0,(anonymous_20)
FNDA:0,(anonymous_21)
FNDA:0,(anonymous_22)
FNDA:0,(anonymous_23)
FNDA:0,(anonymous_24)
FNDA:0,(anonymous_25)
DA:17,0
DA:18,0
DA:19,0
DA:23,0
DA:25,0
DA:26,0
DA:30,0
DA:31,0
DA:32,0
DA:34,0
DA:35,0
DA:37,0
DA:39,0
DA:46,0
DA:47,0
DA:59,0
DA:60,0
DA:64,0
DA:65,0
DA:66,0
DA:67,0
DA:70,0
DA:71,0
DA:72,0
DA:73,0
DA:77,0
DA:78,0
DA:79,0
DA:80,0
DA:81,0
DA:82,0
DA:84,0
DA:85,0
DA:87,0
DA:91,0
DA:98,0
DA:99,0
DA:102,0
DA:103,0
DA:104,0
DA:105,0
DA:109,0
DA:110,0
DA:111,0
DA:112,0
DA:113,0
DA:115,0
DA:119,0
DA:120,0
DA:121,0
DA:125,0
DA:126,0
DA:130,0
DA:131,0
DA:135,0
DA:136,0
DA:137,0
DA:138,0
DA:142,0
DA:143,0
DA:144,0
DA:147,0
DA:148,0
DA:149,0
DA:150,0
DA:153,0
DA:154,0
DA:156,0
DA:159,0
DA:163,0
DA:164,0
DA:165,0
DA:166,0
DA:170,0
DA:171,0
DA:172,0
DA:175,0
DA:176,0
DA:177,0
DA:178,0
DA:181,0
DA:182,0
DA:184,0
DA:187,0
DA:191,0
DA:192,0
DA:193,0
DA:195,0
DA:199,0
DA:200,0
DA:201,0
DA:202,0
DA:204,0
DA:208,0
DA:209,0
DA:217,0
DA:218,0
DA:230,0
DA:231,0
DA:234,0
DA:236,0
DA:237,0
DA:238,0
DA:239,0
DA:240,0
DA:244,0
LF:106
LH:0
BRDA:17,0,0,0
BRDA:30,1,0,0
BRDA:30,2,0,0
BRDA:34,3,0,0
BRDA:34,3,1,0
BRDA:35,4,0,0
BRDA:35,4,1,0
BRDA:60,5,0,0
BRDA:60,5,1,0
BRDA:64,6,0,0
BRDA:70,7,0,0
BRDA:70,7,1,0
BRDA:78,8,0,0
BRDA:78,8,1,0
BRDA:78,9,0,0
BRDA:78,9,1,0
BRDA:78,9,2,0
BRDA:79,10,0,0
BRDA:79,10,1,0
BRDA:92,11,0,0
BRDA:92,11,1,0
BRDA:109,12,0,0
BRDA:136,13,0,0
BRDA:136,13,1,0
BRDA:136,14,0,0
BRDA:136,14,1,0
BRDA:137,15,0,0
BRDA:137,15,1,0
BRDA:138,16,0,0
BRDA:138,16,1,0
BRDA:142,17,0,0
BRDA:142,17,1,0
BRDA:143,18,0,0
BRDA:143,18,1,0
BRDA:143,19,0,0
BRDA:143,19,1,0
BRDA:143,19,2,0
BRDA:143,19,3,0
BRDA:153,20,0,0
BRDA:153,20,1,0
BRDA:153,21,0,0
BRDA:153,21,1,0
BRDA:153,21,2,0
BRDA:153,21,3,0
BRDA:164,22,0,0
BRDA:164,22,1,0
BRDA:164,23,0,0
BRDA:164,23,1,0
BRDA:165,24,0,0
BRDA:165,24,1,0
BRDA:166,25,0,0
BRDA:166,25,1,0
BRDA:170,26,0,0
BRDA:170,26,1,0
BRDA:171,27,0,0
BRDA:171,27,1,0
BRDA:171,28,0,0
BRDA:171,28,1,0
BRDA:171,28,2,0
BRDA:171,28,3,0
BRDA:181,29,0,0
BRDA:181,29,1,0
BRDA:181,30,0,0
BRDA:181,30,1,0
BRDA:181,30,2,0
BRDA:181,30,3,0
BRDA:192,31,0,0
BRDA:192,31,1,0
BRDA:192,32,0,0
BRDA:192,32,1,0
BRDA:192,32,2,0
BRDA:199,33,0,0
BRDA:201,34,0,0
BRDA:201,34,1,0
BRDA:208,35,0,0
BRDA:208,36,0,0
BRDA:217,37,0,0
BRDA:217,38,0,0
BRDA:230,39,0,0
BRDA:231,40,0,0
BRDA:231,40,1,0
BRDA:231,41,0,0
BRDA:231,41,1,0
BRDA:234,42,0,0
BRDA:234,42,1,0
BRDA:237,43,0,0
BRDA:237,43,1,0
BRDA:239,44,0,0
BRDA:239,44,1,0
BRDA:239,45,0,0
BRDA:239,45,1,0
BRF:91
BRH:0
end_of_record
TN:
SF:src\utils\inventorySchema.js
FN:6,(anonymous_0)
FNF:1
FNH:0
FNDA:0,(anonymous_0)
DA:4,0
DA:6,0
DA:7,0
DA:9,0
DA:62,0
LF:5
LH:0
BRDA:7,0,0,0
BRDA:7,0,1,0
BRF:2
BRH:0
end_of_record
TN:
SF:src\utils\jwt.js
FN:17,(anonymous_0)
FN:26,(anonymous_1)
FN:35,(anonymous_2)
FN:44,(anonymous_3)
FNF:4
FNH:0
FNDA:0,(anonymous_0)
FNDA:0,(anonymous_1)
FNDA:0,(anonymous_2)
FNDA:0,(anonymous_3)
DA:17,0
DA:18,0
DA:26,0
DA:27,0
DA:35,0
DA:36,0
DA:37,0
DA:39,0
DA:44,0
DA:45,0
LF:10
LH:0
BRF:0
BRH:0
end_of_record
TN:
SF:src\utils\notifyUsers.js
FN:18,(anonymous_0)
FNF:1
FNH:0
FNDA:0,(anonymous_0)
DA:18,0
DA:19,0
LF:2
LH:0
BRDA:21,0,0,0
BRDA:21,0,1,0
BRDA:21,0,2,0
BRDA:21,0,3,0
BRF:4
BRH:0
end_of_record
TN:
SF:src\utils\passwordPolicy.js
FN:18,(anonymous_0)
FN:25,(anonymous_1)
FN:50,(anonymous_2)
FNF:3
FNH:0
FNDA:0,(anonymous_0)
FNDA:0,(anonymous_1)
FNDA:0,(anonymous_2)
DA:5,0
DA:18,0
DA:19,0
DA:20,0
DA:21,0
DA:22,0
DA:25,0
DA:26,0
DA:27,0
DA:29,0
DA:30,0
DA:32,0
DA:33,0
DA:35,0
DA:36,0
DA:38,0
DA:39,0
DA:41,0
DA:42,0
DA:44,0
DA:45,0
DA:47,0
DA:50,0
DA:51,0
DA:52,0
LF:25
LH:0
BRDA:19,0,0,0
BRDA:19,0,1,0
BRDA:19,1,0,0
BRDA:19,1,1,0
BRDA:21,2,0,0
BRDA:21,2,1,0
BRDA:21,3,0,0
BRDA:21,3,1,0
BRDA:26,4,0,0
BRDA:26,4,1,0
BRDA:26,5,0,0
BRDA:26,5,1,0
BRDA:29,6,0,0
BRDA:29,6,1,0
BRDA:32,7,0,0
BRDA:32,7,1,0
BRDA:35,8,0,0
BRDA:35,8,1,0
BRDA:38,9,0,0
BRDA:38,9,1,0
BRDA:41,10,0,0
BRDA:41,10,1,0
BRDA:44,11,0,0
BRDA:44,11,1,0
BRDA:52,12,0,0
BRDA:52,12,1,0
BRF:26
BRH:0
end_of_record
TN:
SF:src\utils\pdfGenerator.js
FN:13,(anonymous_0)
FNF:1
FNH:0
FNDA:0,(anonymous_0)
DA:13,0
DA:14,0
DA:15,0
DA:16,0
DA:18,0
DA:19,0
DA:21,0
DA:30,0
LF:8
LH:0
BRDA:13,0,0,0
BRF:1
BRH:0
end_of_record
TN:
SF:src\utils\tenantFilter.js
FN:43,(anonymous_0)
FN:65,(anonymous_1)
FN:96,(anonymous_2)
FN:120,(anonymous_3)
FNF:4
FNH:0
FNDA:0,(anonymous_0)
FNDA:0,(anonymous_1)
FNDA:0,(anonymous_2)
FNDA:0,(anonymous_3)
DA:43,0
DA:46,0
DA:47,0
DA:50,0
DA:51,0
DA:54,0
DA:65,0
DA:66,0
DA:67,0
DA:69,0
DA:70,0
DA:78,0
DA:96,0
DA:97,0
DA:98,0
DA:100,0
DA:101,0
DA:102,0
DA:103,0
DA:107,0
DA:120,0
DA:121,0
DA:122,0
DA:123,0
DA:125,0
DA:126,0
DA:133,0
LF:27
LH:0
BRDA:46,0,0,0
BRDA:46,0,1,0
BRDA:50,1,0,0
BRDA:50,1,1,0
BRDA:65,2,0,0
BRDA:65,3,0,0
BRDA:67,4,0,0
BRDA:67,4,1,0
BRDA:69,5,0,0
BRDA:69,5,1,0
BRDA:96,6,0,0
BRDA:98,7,0,0
BRDA:98,7,1,0
BRDA:100,8,0,0
BRDA:100,8,1,0
BRDA:120,9,0,0
BRDA:120,10,0,0
BRDA:122,11,0,0
BRDA:122,11,1,0
BRDA:123,12,0,0
BRDA:123,12,1,0
BRDA:125,13,0,0
BRDA:125,13,1,0
BRF:23
BRH:0
end_of_record
TN:
SF:src\utils\tenantSchemaSync.js
FN:21,(anonymous_0)
FN:27,(anonymous_1)
FN:39,(anonymous_2)
FNF:3
FNH:0
FNDA:0,(anonymous_0)
FNDA:0,(anonymous_1)
FNDA:0,(anonymous_2)
DA:21,0
DA:22,0
DA:23,0
DA:24,0
DA:27,0
DA:28,0
DA:35,0
DA:39,0
DA:40,0
DA:41,0
DA:42,0
DA:45,0
DA:46,0
DA:53,0
DA:54,0
DA:55,0
DA:56,0
DA:62,0
DA:78,0
DA:81,0
DA:103,0
DA:105,0
DA:117,0
DA:119,0
DA:120,0
DA:128,0
DA:136,0
DA:148,0
DA:150,0
DA:161,0
DA:163,0
DA:164,0
DA:174,0
DA:205,0
DA:207,0
DA:218,0
DA:220,0
DA:221,0
DA:230,0
DA:232,0
LF:40
LH:0
BRDA:22,0,0,0
BRDA:22,0,1,0
BRDA:40,1,0,0
BRDA:40,1,1,0
BRDA:54,2,0,0
BRDA:54,2,1,0
BRDA:119,3,0,0
BRDA:119,3,1,0
BRDA:163,4,0,0
BRDA:163,4,1,0
BRDA:220,5,0,0
BRDA:220,5,1,0
BRF:12
BRH:0
end_of_record
TN:
SF:src\utils\tokenManager.js
FN:38,(anonymous_0)
FN:47,(anonymous_1)
FN:65,(anonymous_2)
FN:84,(anonymous_3)
FN:93,(anonymous_4)
FN:107,(anonymous_5)
FN:124,(anonymous_6)
FN:145,(anonymous_7)
FN:229,(anonymous_8)
FN:247,(anonymous_9)
FN:265,(anonymous_10)
FN:284,(anonymous_11)
FN:300,(anonymous_12)
FNF:13
FNH:0
FNDA:0,(anonymous_0)
FNDA:0,(anonymous_1)
FNDA:0,(anonymous_2)
FNDA:0,(anonymous_3)
FNDA:0,(anonymous_4)
FNDA:0,(anonymous_5)
FNDA:0,(anonymous_6)
FNDA:0,(anonymous_7)
FNDA:0,(anonymous_8)
FNDA:0,(anonymous_9)
FNDA:0,(anonymous_10)
FNDA:0,(anonymous_11)
FNDA:0,(anonymous_12)
DA:38,0
DA:39,0
DA:47,0
DA:48,0
DA:65,0
DA:66,0
DA:67,0
DA:68,0
DA:69,0
DA:71,0
DA:84,0
DA:85,0
DA:86,0
DA:87,0
DA:88,0
DA:90,0
DA:93,0
DA:94,0
DA:95,0
DA:100,0
DA:101,0
DA:103,0
DA:107,0
DA:108,0
DA:109,0
DA:124,0
DA:125,0
DA:145,0
DA:146,0
DA:147,0
DA:149,0
DA:150,0
DA:153,0
DA:161,0
DA:163,0
DA:164,0
DA:167,0
DA:170,0
DA:171,0
DA:172,0
DA:178,0
DA:179,0
DA:183,0
DA:184,0
DA:189,0
DA:190,0
DA:194,0
DA:203,0
DA:205,0
DA:211,0
DA:212,0
DA:214,0
DA:215,0
DA:217,0
DA:229,0
DA:230,0
DA:231,0
DA:247,0
DA:248,0
DA:265,0
DA:266,0
DA:275,0
DA:284,0
DA:285,0
DA:286,0
DA:292,0
DA:300,0
DA:301,0
DA:302,0
DA:304,0
LF:70
LH:0
BRDA:68,0,0,0
BRDA:68,0,1,0
BRDA:87,1,0,0
BRDA:87,1,1,0
BRDA:97,2,0,0
BRDA:97,2,1,0
BRDA:100,3,0,0
BRDA:100,3,1,0
BRDA:107,4,0,0
BRDA:108,5,0,0
BRDA:108,5,1,0
BRDA:161,6,0,0
BRDA:161,6,1,0
BRDA:170,7,0,0
BRDA:170,7,1,0
BRDA:183,8,0,0
BRDA:183,8,1,0
BRDA:247,9,0,0
BRDA:265,10,0,0
BRF:19
BRH:0
end_of_record
TN:
SF:src\utils\validateStatusTransition.js
FN:68,validateStatusTransition
FNF:1
FNH:0
FNDA:0,validateStatusTransition
DA:18,0
DA:70,0
DA:72,0
DA:73,0
DA:75,0
DA:78,0
DA:79,0
DA:81,0
DA:84,0
DA:85,0
DA:91,0
DA:92,0
DA:98,0
LF:13
LH:0
BRDA:70,0,0,0
BRDA:70,0,1,0
BRDA:73,1,0,0
BRDA:73,1,1,0
BRDA:79,2,0,0
BRDA:79,2,1,0
BRDA:84,3,0,0
BRDA:84,3,1,0
BRDA:91,4,0,0
BRDA:91,4,1,0
BRF:10
BRH:0
end_of_record
TN:
SF:src\utils\validators.js
FN:17,(anonymous_0)
FN:36,(anonymous_1)
FN:41,(anonymous_2)
FN:48,(anonymous_3)
FN:53,(anonymous_4)
FN:58,(anonymous_5)
FN:63,(anonymous_6)
FN:68,(anonymous_7)
FN:72,(anonymous_8)
FN:77,(anonymous_9)
FN:82,(anonymous_10)
FN:86,(anonymous_11)
FN:90,(anonymous_12)
FN:95,(anonymous_13)
FN:99,(anonymous_14)
FN:105,(anonymous_15)
FN:107,(anonymous_16)
FN:111,(anonymous_17)
FN:115,(anonymous_18)
FN:117,(anonymous_19)
FN:122,(anonymous_20)
FN:127,(anonymous_21)
FN:128,(anonymous_22)
FN:129,(anonymous_23)
FN:130,(anonymous_24)
FN:131,(anonymous_25)
FN:132,(anonymous_26)
FN:136,(anonymous_27)
FN:169,(anonymous_28)
FN:174,(anonymous_29)
FN:176,(anonymous_30)
FN:181,(anonymous_31)
FN:190,(anonymous_32)
FN:203,(anonymous_33)
FNF:34
FNH:0
FNDA:0,(anonymous_0)
FNDA:0,(anonymous_1)
FNDA:0,(anonymous_2)
FNDA:0,(anonymous_3)
FNDA:0,(anonymous_4)
FNDA:0,(anonymous_5)
FNDA:0,(anonymous_6)
FNDA:0,(anonymous_7)
FNDA:0,(anonymous_8)
FNDA:0,(anonymous_9)
FNDA:0,(anonymous_10)
FNDA:0,(anonymous_11)
FNDA:0,(anonymous_12)
FNDA:0,(anonymous_13)
FNDA:0,(anonymous_14)
FNDA:0,(anonymous_15)
FNDA:0,(anonymous_16)
FNDA:0,(anonymous_17)
FNDA:0,(anonymous_18)
FNDA:0,(anonymous_19)
FNDA:0,(anonymous_20)
FNDA:0,(anonymous_21)
FNDA:0,(anonymous_22)
FNDA:0,(anonymous_23)
FNDA:0,(anonymous_24)
FNDA:0,(anonymous_25)
FNDA:0,(anonymous_26)
FNDA:0,(anonymous_27)
FNDA:0,(anonymous_28)
FNDA:0,(anonymous_29)
FNDA:0,(anonymous_30)
FNDA:0,(anonymous_31)
FNDA:0,(anonymous_32)
FNDA:0,(anonymous_33)
DA:17,0
DA:18,0
DA:19,0
DA:21,0
DA:22,0
DA:24,0
DA:25,0
DA:27,0
DA:28,0
DA:30,0
DA:31,0
DA:33,0
DA:36,0
DA:37,0
DA:38,0
DA:41,0
DA:42,0
DA:43,0
DA:44,0
DA:45,0
DA:48,0
DA:49,0
DA:50,0
DA:53,0
DA:54,0
DA:55,0
DA:58,0
DA:59,0
DA:60,0
DA:63,0
DA:64,0
DA:65,0
DA:68,0
DA:69,0
DA:72,0
DA:73,0
DA:74,0
DA:77,0
DA:78,0
DA:79,0
DA:82,0
DA:83,0
DA:86,0
DA:87,0
DA:90,0
DA:91,0
DA:92,0
DA:95,0
DA:96,0
DA:99,0
DA:100,0
DA:105,0
DA:107,0
DA:108,0
DA:111,0
DA:112,0
DA:115,0
DA:117,0
DA:122,0
DA:123,0
DA:124,0
DA:127,0
DA:128,0
DA:129,0
DA:130,0
DA:131,0
DA:132,0
DA:133,0
DA:136,0
DA:137,0
DA:139,0
DA:140,0
DA:143,0
DA:146,0
DA:147,0
DA:149,0
DA:150,0
DA:156,0
DA:158,0
DA:159,0
DA:162,0
DA:163,0
DA:166,0
DA:169,0
DA:170,0
DA:171,0
DA:174,0
DA:176,0
DA:177,0
DA:178,0
DA:181,0
DA:182,0
DA:183,0
DA:184,0
DA:190,0
DA:191,0
DA:192,0
DA:193,0
DA:194,0
DA:195,0
DA:197,0
DA:198,0
DA:199,0
DA:200,0
DA:203,0
DA:204,0
DA:205,0
DA:206,0
DA:207,0
DA:208,0
DA:210,0
LF:111
LH:0
BRDA:17,0,0,0
BRDA:17,1,0,0
BRDA:18,2,0,0
BRDA:18,2,1,0
BRDA:18,3,0,0
BRDA:18,3,1,0
BRDA:21,4,0,0
BRDA:21,4,1,0
BRDA:24,5,0,0
BRDA:24,5,1,0
BRDA:24,6,0,0
BRDA:24,6,1,0
BRDA:24,6,2,0
BRDA:27,7,0,0
BRDA:27,7,1,0
BRDA:27,8,0,0
BRDA:27,8,1,0
BRDA:30,9,0,0
BRDA:30,9,1,0
BRDA:30,10,0,0
BRDA:30,10,1,0
BRDA:36,11,0,0
BRDA:36,12,0,0
BRDA:37,13,0,0
BRDA:37,13,1,0
BRDA:37,14,0,0
BRDA:37,14,1,0
BRDA:41,15,0,0
BRDA:42,16,0,0
BRDA:42,16,1,0
BRDA:42,17,0,0
BRDA:42,17,1,0
BRDA:44,18,0,0
BRDA:44,18,1,0
BRDA:44,19,0,0
BRDA:44,19,1,0
BRDA:50,20,0,0
BRDA:50,20,1,0
BRDA:54,21,0,0
BRDA:54,21,1,0
BRDA:60,22,0,0
BRDA:60,22,1,0
BRDA:65,23,0,0
BRDA:65,23,1,0
BRDA:68,24,0,0
BRDA:69,25,0,0
BRDA:69,25,1,0
BRDA:74,26,0,0
BRDA:74,26,1,0
BRDA:78,27,0,0
BRDA:78,27,1,0
BRDA:78,28,0,0
BRDA:78,28,1,0
BRDA:83,29,0,0
BRDA:83,29,1,0
BRDA:86,30,0,0
BRDA:92,31,0,0
BRDA:92,31,1,0
BRDA:92,32,0,0
BRDA:92,32,1,0
BRDA:96,33,0,0
BRDA:96,33,1,0
BRDA:108,34,0,0
BRDA:108,34,1,0
BRDA:112,35,0,0
BRDA:112,35,1,0
BRDA:117,36,0,0
BRDA:117,36,1,0
BRDA:122,37,0,0
BRDA:124,38,0,0
BRDA:124,38,1,0
BRDA:124,39,0,0
BRDA:124,39,1,0
BRDA:133,40,0,0
BRDA:133,40,1,0
BRDA:136,41,0,0
BRDA:137,42,0,0
BRDA:137,43,0,0
BRDA:137,44,0,0
BRDA:139,45,0,0
BRDA:139,45,1,0
BRDA:139,46,0,0
BRDA:139,46,1,0
BRDA:139,46,2,0
BRDA:146,47,0,0
BRDA:146,47,1,0
BRDA:149,48,0,0
BRDA:149,48,1,0
BRDA:152,49,0,0
BRDA:152,49,1,0
BRDA:158,50,0,0
BRDA:158,50,1,0
BRDA:158,51,0,0
BRDA:158,51,1,0
BRDA:162,52,0,0
BRDA:162,52,1,0
BRDA:162,53,0,0
BRDA:162,53,1,0
BRDA:169,54,0,0
BRDA:171,55,0,0
BRDA:171,55,1,0
BRDA:177,56,0,0
BRDA:177,56,1,0
BRDA:183,57,0,0
BRDA:183,57,1,0
BRDA:186,58,0,0
BRDA:186,58,1,0
BRDA:190,59,0,0
BRDA:191,60,0,0
BRDA:191,60,1,0
BRDA:191,61,0,0
BRDA:191,61,1,0
BRDA:194,62,0,0
BRDA:194,62,1,0
BRDA:199,63,0,0
BRDA:199,63,1,0
BRDA:199,64,0,0
BRDA:199,64,1,0
BRDA:203,65,0,0
BRDA:204,66,0,0
BRDA:204,66,1,0
BRDA:204,67,0,0
BRDA:204,67,1,0
BRDA:207,68,0,0
BRDA:207,68,1,0
BRF:125
BRH:0
end_of_record
