TN:
SF:src\controllers\authController.js
FN:35,(anonymous_0)
FN:79,(anonymous_1)
FN:225,(anonymous_2)
FN:278,(anonymous_3)
FN:298,(anonymous_4)
FN:310,(anonymous_5)
FN:337,(anonymous_6)
FN:366,(anonymous_7)
FN:412,(anonymous_8)
FNF:9
FNH:1
FNDA:0,(anonymous_0)
FNDA:10,(anonymous_1)
FNDA:0,(anonymous_2)
FNDA:0,(anonymous_3)
FNDA:0,(anonymous_4)
FNDA:0,(anonymous_5)
FNDA:0,(anonymous_6)
FNDA:0,(anonymous_7)
FNDA:0,(anonymous_8)
DA:35,5
DA:36,0
DA:37,0
DA:38,0
DA:39,0
DA:41,0
DA:42,0
DA:44,0
DA:45,0
DA:47,0
DA:54,0
DA:55,0
DA:56,0
DA:58,0
DA:60,0
DA:67,0
DA:68,0
DA:70,0
DA:75,0
DA:79,5
DA:80,10
DA:81,10
DA:82,10
DA:84,10
DA:86,10
DA:96,10
DA:98,9
DA:99,9
DA:100,9
DA:101,9
DA:103,9
DA:104,9
DA:106,7
DA:107,7
DA:109,7
DA:110,0
DA:116,7
DA:117,5
DA:118,5
DA:123,0
DA:127,7
DA:128,7
DA:130,7
DA:131,7
DA:133,7
DA:136,7
DA:137,7
DA:139,0
DA:143,7
DA:144,7
DA:145,7
DA:146,7
DA:148,0
DA:152,7
DA:163,7
DA:164,7
DA:165,7
DA:167,7
DA:168,7
DA:169,7
DA:170,7
DA:172,7
DA:173,0
DA:174,7
DA:175,0
DA:178,7
DA:181,7
DA:187,0
DA:191,7
DA:192,7
DA:193,7
DA:194,7
DA:197,0
DA:200,7
DA:201,2
DA:203,7
DA:205,7
DA:212,7
DA:213,7
DA:215,7
DA:221,0
DA:225,5
DA:226,0
DA:227,0
DA:228,0
DA:231,0
DA:233,0
DA:236,0
DA:241,0
DA:242,0
DA:243,0
DA:246,0
DA:248,0
DA:252,0
DA:254,0
DA:255,0
DA:256,0
DA:257,0
DA:260,0
DA:262,0
DA:269,0
DA:270,0
DA:272,0
DA:274,0
DA:278,5
DA:279,0
DA:280,0
DA:281,0
DA:282,0
DA:284,0
DA:285,0
DA:286,0
DA:288,0
DA:289,0
DA:290,0
DA:292,0
DA:294,0
DA:298,5
DA:299,0
DA:300,0
DA:301,0
DA:302,0
DA:303,0
DA:304,0
DA:306,0
DA:310,5
DA:311,0
DA:312,0
DA:313,0
DA:314,0
DA:315,0
DA:317,0
DA:318,0
DA:319,0
DA:321,0
DA:323,0
DA:331,0
DA:333,0
DA:337,5
DA:338,0
DA:339,0
DA:345,0
DA:346,0
DA:347,0
DA:348,0
DA:349,0
DA:352,0
DA:355,0
DA:356,0
DA:358,0
DA:360,0
DA:362,0
DA:366,5
DA:367,0
DA:368,0
DA:370,0
DA:371,0
DA:374,0
DA:385,0
DA:386,0
DA:387,0
DA:390,0
DA:394,0
DA:396,0
DA:397,0
DA:399,0
DA:401,0
DA:412,5
DA:413,0
DA:414,0
DA:416,0
DA:417,0
DA:421,0
DA:425,0
DA:426,0
DA:429,0
DA:431,0
DA:442,0
DA:444,0
DA:447,0
LF:180
LH:61
BRDA:38,0,0,0
BRDA:38,0,1,0
BRDA:42,1,0,0
BRDA:42,1,1,0
BRDA:44,2,0,0
BRDA:44,2,1,0
BRDA:63,3,0,0
BRDA:63,3,1,0
BRDA:82,4,0,10
BRDA:82,4,1,0
BRDA:82,4,2,0
BRDA:82,4,3,0
BRDA:84,5,0,0
BRDA:84,5,1,10
BRDA:84,6,0,10
BRDA:84,6,1,10
BRDA:96,7,0,1
BRDA:96,7,1,9
BRDA:99,8,0,0
BRDA:99,8,1,9
BRDA:100,9,0,0
BRDA:100,9,1,9
BRDA:100,10,0,9
BRDA:100,10,1,0
BRDA:101,11,0,0
BRDA:101,11,1,9
BRDA:101,12,0,9
BRDA:101,12,1,5
BRDA:104,13,0,2
BRDA:104,13,1,7
BRDA:107,14,0,7
BRDA:107,14,1,2
BRDA:109,15,0,0
BRDA:109,15,1,7
BRDA:109,16,0,7
BRDA:109,16,1,0
BRDA:109,16,2,0
BRDA:116,17,0,5
BRDA:116,17,1,2
BRDA:116,18,0,7
BRDA:116,18,1,5
BRDA:143,19,0,7
BRDA:143,19,1,0
BRDA:163,20,0,7
BRDA:163,20,1,7
BRDA:167,21,0,0
BRDA:167,21,1,7
BRDA:168,22,0,0
BRDA:168,22,1,7
BRDA:169,23,0,0
BRDA:169,23,1,7
BRDA:170,24,0,0
BRDA:170,24,1,7
BRDA:172,25,0,0
BRDA:172,25,1,7
BRDA:172,26,0,7
BRDA:172,26,1,7
BRDA:172,26,2,7
BRDA:174,27,0,0
BRDA:174,27,1,7
BRDA:174,28,0,7
BRDA:174,28,1,7
BRDA:184,29,0,7
BRDA:184,29,1,0
BRDA:194,30,0,0
BRDA:194,30,1,7
BRDA:196,31,0,7
BRDA:196,31,1,0
BRDA:200,32,0,2
BRDA:200,32,1,5
BRDA:200,33,0,7
BRDA:200,33,1,7
BRDA:208,34,0,0
BRDA:208,34,1,7
BRDA:219,35,0,5
BRDA:219,35,1,2
BRDA:227,36,0,0
BRDA:227,36,1,0
BRDA:227,36,2,0
BRDA:228,37,0,0
BRDA:228,37,1,0
BRDA:233,38,0,0
BRDA:233,38,1,0
BRDA:239,39,0,0
BRDA:239,39,1,0
BRDA:252,40,0,0
BRDA:252,40,1,0
BRDA:255,41,0,0
BRDA:255,41,1,0
BRDA:265,42,0,0
BRDA:265,42,1,0
BRDA:282,43,0,0
BRDA:282,43,1,0
BRDA:282,44,0,0
BRDA:282,44,1,0
BRDA:302,45,0,0
BRDA:302,45,1,0
BRDA:303,46,0,0
BRDA:303,46,1,0
BRDA:314,47,0,0
BRDA:314,47,1,0
BRDA:315,48,0,0
BRDA:315,48,1,0
BRDA:317,49,0,0
BRDA:317,49,1,0
BRDA:349,50,0,0
BRDA:349,50,1,0
BRDA:351,51,0,0
BRDA:351,51,1,0
BRDA:355,52,0,0
BRDA:355,52,1,0
BRDA:355,53,0,0
BRDA:355,53,1,0
BRDA:368,54,0,0
BRDA:368,54,1,0
BRDA:368,54,2,0
BRDA:370,55,0,0
BRDA:370,55,1,0
BRDA:386,56,0,0
BRDA:386,56,1,0
BRDA:416,57,0,0
BRDA:416,57,1,0
BRDA:421,58,0,0
BRDA:421,58,1,0
BRDA:421,59,0,0
BRDA:421,59,1,0
BRDA:425,60,0,0
BRDA:425,60,1,0
BRF:128
BRH:46
end_of_record
TN:
SF:src\controllers\lockController.js
FN:31,(anonymous_0)
FN:69,(anonymous_1)
FN:70,(anonymous_2)
FN:166,(anonymous_3)
FN:170,(anonymous_4)
FN:177,(anonymous_5)
FN:281,(anonymous_6)
FNF:7
FNH:0
FNDA:0,(anonymous_0)
FNDA:0,(anonymous_1)
FNDA:0,(anonymous_2)
FNDA:0,(anonymous_3)
FNDA:0,(anonymous_4)
FNDA:0,(anonymous_5)
FNDA:0,(anonymous_6)
DA:16,5
DA:31,5
DA:33,0
DA:34,0
DA:35,0
DA:36,0
DA:37,0
DA:38,0
DA:39,0
DA:40,0
DA:41,0
DA:43,0
DA:44,0
DA:46,0
DA:47,0
DA:50,0
DA:51,0
DA:53,0
DA:56,0
DA:57,0
DA:58,0
DA:60,0
DA:61,0
DA:62,0
DA:66,0
DA:67,0
DA:68,0
DA:69,0
DA:70,0
DA:72,0
DA:78,0
DA:80,0
DA:82,0
DA:83,0
DA:97,0
DA:112,0
DA:118,0
DA:119,0
DA:120,0
DA:128,0
DA:129,0
DA:130,0
DA:131,0
DA:132,0
DA:133,0
DA:135,0
DA:138,0
DA:140,0
DA:141,0
DA:149,0
DA:156,0
DA:159,0
DA:168,0
DA:170,0
DA:171,0
DA:173,0
DA:177,5
DA:179,0
DA:180,0
DA:181,0
DA:182,0
DA:183,0
DA:184,0
DA:186,0
DA:188,0
DA:189,0
DA:191,0
DA:192,0
DA:195,0
DA:196,0
DA:199,0
DA:200,0
DA:202,0
DA:204,0
DA:205,0
DA:206,0
DA:208,0
DA:209,0
DA:210,0
DA:213,0
DA:214,0
DA:223,0
DA:233,0
DA:239,0
DA:240,0
DA:248,0
DA:249,0
DA:250,0
DA:251,0
DA:252,0
DA:253,0
DA:255,0
DA:258,0
DA:260,0
DA:261,0
DA:270,0
DA:278,0
DA:279,0
DA:281,0
DA:282,0
DA:284,0
LF:101
LH:3
BRDA:34,0,0,0
BRDA:34,0,1,0
BRDA:35,1,0,0
BRDA:35,1,1,0
BRDA:36,2,0,0
BRDA:36,2,1,0
BRDA:37,3,0,0
BRDA:37,3,1,0
BRDA:38,4,0,0
BRDA:38,4,1,0
BRDA:39,5,0,0
BRDA:39,5,1,0
BRDA:40,6,0,0
BRDA:40,6,1,0
BRDA:44,7,0,0
BRDA:44,7,1,0
BRDA:50,8,0,0
BRDA:50,8,1,0
BRDA:56,9,0,0
BRDA:56,9,1,0
BRDA:60,10,0,0
BRDA:60,10,1,0
BRDA:66,11,0,0
BRDA:66,11,1,0
BRDA:78,12,0,0
BRDA:78,12,1,0
BRDA:80,13,0,0
BRDA:80,13,1,0
BRDA:82,14,0,0
BRDA:82,14,1,0
BRDA:95,15,0,0
BRDA:95,15,1,0
BRDA:95,16,0,0
BRDA:95,16,1,0
BRDA:95,17,0,0
BRDA:95,17,1,0
BRDA:109,18,0,0
BRDA:109,18,1,0
BRDA:109,19,0,0
BRDA:109,19,1,0
BRDA:109,20,0,0
BRDA:109,20,1,0
BRDA:118,21,0,0
BRDA:118,21,1,0
BRDA:119,22,0,0
BRDA:119,22,1,0
BRDA:119,22,2,0
BRDA:131,23,0,0
BRDA:131,23,1,0
BRDA:144,24,0,0
BRDA:144,24,1,0
BRDA:152,25,0,0
BRDA:152,25,1,0
BRDA:162,26,0,0
BRDA:162,26,1,0
BRDA:162,26,2,0
BRDA:162,26,3,0
BRDA:162,26,4,0
BRDA:162,26,5,0
BRDA:164,27,0,0
BRDA:164,27,1,0
BRDA:164,27,2,0
BRDA:170,28,0,0
BRDA:170,28,1,0
BRDA:173,29,0,0
BRDA:173,29,1,0
BRDA:180,30,0,0
BRDA:180,30,1,0
BRDA:181,31,0,0
BRDA:181,31,1,0
BRDA:182,32,0,0
BRDA:182,32,1,0
BRDA:183,33,0,0
BRDA:183,33,1,0
BRDA:186,34,0,0
BRDA:186,34,1,0
BRDA:189,35,0,0
BRDA:189,35,1,0
BRDA:191,36,0,0
BRDA:191,36,1,0
BRDA:199,37,0,0
BRDA:199,37,1,0
BRDA:204,38,0,0
BRDA:204,38,1,0
BRDA:208,39,0,0
BRDA:208,39,1,0
BRDA:213,40,0,0
BRDA:213,40,1,0
BRDA:239,41,0,0
BRDA:239,41,1,0
BRDA:251,42,0,0
BRDA:251,42,1,0
BRDA:281,43,0,0
BRDA:281,43,1,0
BRDA:284,44,0,0
BRDA:284,44,1,0
BRF:96
BRH:0
end_of_record
